{"/Volumes/D/mnm-robin-project/workspace/dms-ui-application/src/components/MainPage.js": {"path":"/Volumes/D/mnm-robin-project/workspace/dms-ui-application/src/components/MainPage.js","statementMap":{"0":{"start":{"line":16,"column":24},"end":{"line":19,"column":2}},"1":{"start":{"line":16,"column":36},"end":{"line":19,"column":1}},"2":{"start":{"line":21,"column":27},"end":{"line":29,"column":2}},"3":{"start":{"line":21,"column":42},"end":{"line":29,"column":1}},"4":{"start":{"line":31,"column":21},"end":{"line":64,"column":1}},"5":{"start":{"line":32,"column":21},"end":{"line":32,"column":34}},"6":{"start":{"line":33,"column":21},"end":{"line":33,"column":34}},"7":{"start":{"line":34,"column":21},"end":{"line":34,"column":38}},"8":{"start":{"line":35,"column":32},"end":{"line":35,"column":63}},"9":{"start":{"line":37,"column":23},"end":{"line":37,"column":140}},"10":{"start":{"line":39,"column":4},"end":{"line":54,"column":21}},"11":{"start":{"line":40,"column":8},"end":{"line":52,"column":9}},"12":{"start":{"line":41,"column":12},"end":{"line":41,"column":35}},"13":{"start":{"line":42,"column":15},"end":{"line":52,"column":9}},"14":{"start":{"line":43,"column":12},"end":{"line":43,"column":40}},"15":{"start":{"line":44,"column":15},"end":{"line":52,"column":9}},"16":{"start":{"line":45,"column":12},"end":{"line":45,"column":46}},"17":{"start":{"line":46,"column":15},"end":{"line":52,"column":9}},"18":{"start":{"line":47,"column":12},"end":{"line":47,"column":46}},"19":{"start":{"line":48,"column":15},"end":{"line":52,"column":9}},"20":{"start":{"line":49,"column":12},"end":{"line":49,"column":40}},"21":{"start":{"line":50,"column":15},"end":{"line":52,"column":9}},"22":{"start":{"line":51,"column":12},"end":{"line":51,"column":36}},"23":{"start":{"line":56,"column":4},"end":{"line":61,"column":32}},"24":{"start":{"line":57,"column":8},"end":{"line":59,"column":9}},"25":{"start":{"line":58,"column":12},"end":{"line":58,"column":206}},"26":{"start":{"line":63,"column":4},"end":{"line":63,"column":93}},"27":{"start":{"line":65,"column":28},"end":{"line":65,"column":53}},"28":{"start":{"line":66,"column":24},"end":{"line":66,"column":89}}},"fnMap":{"0":{"name":"(anonymous_0)","decl":{"start":{"line":16,"column":24},"end":{"line":16,"column":25}},"loc":{"start":{"line":16,"column":36},"end":{"line":19,"column":1}},"line":16},"1":{"name":"(anonymous_1)","decl":{"start":{"line":21,"column":27},"end":{"line":21,"column":28}},"loc":{"start":{"line":21,"column":42},"end":{"line":29,"column":1}},"line":21},"2":{"name":"(anonymous_2)","decl":{"start":{"line":31,"column":21},"end":{"line":31,"column":22}},"loc":{"start":{"line":31,"column":43},"end":{"line":64,"column":1}},"line":31},"3":{"name":"(anonymous_3)","decl":{"start":{"line":39,"column":14},"end":{"line":39,"column":15}},"loc":{"start":{"line":39,"column":20},"end":{"line":54,"column":5}},"line":39},"4":{"name":"(anonymous_4)","decl":{"start":{"line":56,"column":14},"end":{"line":56,"column":15}},"loc":{"start":{"line":56,"column":20},"end":{"line":61,"column":5}},"line":56}},"branchMap":{"0":{"loc":{"start":{"line":37,"column":26},"end":{"line":37,"column":139}},"type":"binary-expr","locations":[{"start":{"line":37,"column":26},"end":{"line":37,"column":83}},{"start":{"line":37,"column":87},"end":{"line":37,"column":139}}],"line":37},"1":{"loc":{"start":{"line":40,"column":8},"end":{"line":52,"column":9}},"type":"if","locations":[{"start":{"line":40,"column":8},"end":{"line":52,"column":9}},{"start":{"line":42,"column":15},"end":{"line":52,"column":9}}],"line":40},"2":{"loc":{"start":{"line":42,"column":15},"end":{"line":52,"column":9}},"type":"if","locations":[{"start":{"line":42,"column":15},"end":{"line":52,"column":9}},{"start":{"line":44,"column":15},"end":{"line":52,"column":9}}],"line":42},"3":{"loc":{"start":{"line":42,"column":19},"end":{"line":42,"column":64}},"type":"binary-expr","locations":[{"start":{"line":42,"column":19},"end":{"line":42,"column":30}},{"start":{"line":42,"column":34},"end":{"line":42,"column":64}}],"line":42},"4":{"loc":{"start":{"line":44,"column":15},"end":{"line":52,"column":9}},"type":"if","locations":[{"start":{"line":44,"column":15},"end":{"line":52,"column":9}},{"start":{"line":46,"column":15},"end":{"line":52,"column":9}}],"line":44},"5":{"loc":{"start":{"line":44,"column":19},"end":{"line":44,"column":70}},"type":"binary-expr","locations":[{"start":{"line":44,"column":19},"end":{"line":44,"column":30}},{"start":{"line":44,"column":34},"end":{"line":44,"column":70}}],"line":44},"6":{"loc":{"start":{"line":46,"column":15},"end":{"line":52,"column":9}},"type":"if","locations":[{"start":{"line":46,"column":15},"end":{"line":52,"column":9}},{"start":{"line":48,"column":15},"end":{"line":52,"column":9}}],"line":46},"7":{"loc":{"start":{"line":46,"column":19},"end":{"line":46,"column":70}},"type":"binary-expr","locations":[{"start":{"line":46,"column":19},"end":{"line":46,"column":30}},{"start":{"line":46,"column":34},"end":{"line":46,"column":70}}],"line":46},"8":{"loc":{"start":{"line":48,"column":15},"end":{"line":52,"column":9}},"type":"if","locations":[{"start":{"line":48,"column":15},"end":{"line":52,"column":9}},{"start":{"line":50,"column":15},"end":{"line":52,"column":9}}],"line":48},"9":{"loc":{"start":{"line":48,"column":19},"end":{"line":48,"column":141}},"type":"binary-expr","locations":[{"start":{"line":48,"column":19},"end":{"line":48,"column":29}},{"start":{"line":48,"column":34},"end":{"line":48,"column":60}},{"start":{"line":48,"column":64},"end":{"line":48,"column":100}},{"start":{"line":48,"column":104},"end":{"line":48,"column":140}}],"line":48},"10":{"loc":{"start":{"line":50,"column":15},"end":{"line":52,"column":9}},"type":"if","locations":[{"start":{"line":50,"column":15},"end":{"line":52,"column":9}},{"start":{},"end":{}}],"line":50},"11":{"loc":{"start":{"line":57,"column":8},"end":{"line":59,"column":9}},"type":"if","locations":[{"start":{"line":57,"column":8},"end":{"line":59,"column":9}},{"start":{},"end":{}}],"line":57},"12":{"loc":{"start":{"line":63,"column":17},"end":{"line":63,"column":85}},"type":"cond-expr","locations":[{"start":{"line":63,"column":30},"end":{"line":63,"column":55}},{"start":{"line":63,"column":58},"end":{"line":63,"column":85}}],"line":63}},"s":{"0":0,"1":0,"2":0,"3":0,"4":0,"5":0,"6":0,"7":0,"8":0,"9":0,"10":0,"11":0,"12":0,"13":0,"14":0,"15":0,"16":0,"17":0,"18":0,"19":0,"20":0,"21":0,"22":0,"23":0,"24":0,"25":0,"26":0,"27":0,"28":0},"f":{"0":0,"1":0,"2":0,"3":0,"4":0},"b":{"0":[0,0],"1":[0,0],"2":[0,0],"3":[0,0],"4":[0,0],"5":[0,0],"6":[0,0],"7":[0,0],"8":[0,0],"9":[0,0,0,0],"10":[0,0],"11":[0,0],"12":[0,0]}}
,"/Volumes/D/mnm-robin-project/workspace/dms-ui-application/src/components/withLayoutMaster.js": {"path":"/Volumes/D/mnm-robin-project/workspace/dms-ui-application/src/components/withLayoutMaster.js","statementMap":{"0":{"start":{"line":6,"column":32},"end":{"line":6,"column":107}},"1":{"start":{"line":6,"column":52},"end":{"line":6,"column":107}}},"fnMap":{"0":{"name":"(anonymous_0)","decl":{"start":{"line":6,"column":32},"end":{"line":6,"column":33}},"loc":{"start":{"line":6,"column":52},"end":{"line":6,"column":107}},"line":6}},"branchMap":{},"s":{"0":0,"1":0},"f":{"0":0},"b":{}}
,"/Volumes/D/mnm-robin-project/workspace/dms-ui-application/src/components/withSpinner.js": {"path":"/Volumes/D/mnm-robin-project/workspace/dms-ui-application/src/components/withSpinner.js","statementMap":{"0":{"start":{"line":5,"column":16},"end":{"line":5,"column":25}},"1":{"start":{"line":7,"column":27},"end":{"line":18,"column":1}},"2":{"start":{"line":8,"column":4},"end":{"line":17,"column":6}},"3":{"start":{"line":9,"column":38},"end":{"line":9,"column":43}},"4":{"start":{"line":10,"column":8},"end":{"line":16,"column":10}}},"fnMap":{"0":{"name":"(anonymous_0)","decl":{"start":{"line":7,"column":27},"end":{"line":7,"column":28}},"loc":{"start":{"line":7,"column":67},"end":{"line":18,"column":1}},"line":7},"1":{"name":"(anonymous_1)","decl":{"start":{"line":8,"column":11},"end":{"line":8,"column":12}},"loc":{"start":{"line":8,"column":22},"end":{"line":17,"column":5}},"line":8}},"branchMap":{"0":{"loc":{"start":{"line":7,"column":44},"end":{"line":7,"column":62}},"type":"default-arg","locations":[{"start":{"line":7,"column":57},"end":{"line":7,"column":62}}],"line":7},"1":{"loc":{"start":{"line":9,"column":16},"end":{"line":9,"column":33}},"type":"default-arg","locations":[{"start":{"line":9,"column":28},"end":{"line":9,"column":33}}],"line":9},"2":{"loc":{"start":{"line":12,"column":94},"end":{"line":12,"column":128}},"type":"cond-expr","locations":[{"start":{"line":12,"column":107},"end":{"line":12,"column":123}},{"start":{"line":12,"column":126},"end":{"line":12,"column":128}}],"line":12}},"s":{"0":0,"1":0,"2":0,"3":0,"4":0},"f":{"0":0,"1":0},"b":{"0":[0],"1":[0],"2":[0,0]}}
,"/Volumes/D/mnm-robin-project/workspace/dms-ui-application/src/components/Auth/Footer.js": {"path":"/Volumes/D/mnm-robin-project/workspace/dms-ui-application/src/components/Auth/Footer.js","statementMap":{"0":{"start":{"line":8,"column":4},"end":{"line":24,"column":6}}},"fnMap":{"0":{"name":"Footer","decl":{"start":{"line":7,"column":24},"end":{"line":7,"column":30}},"loc":{"start":{"line":7,"column":33},"end":{"line":25,"column":1}},"line":7}},"branchMap":{},"s":{"0":12},"f":{"0":12},"b":{},"_coverageSchema":"1a1c01bbd47fc00a2c39e90264f33305004495a9","hash":"8a8b6a4e1be58862416d1b7313156d5affe022ea"}
,"/Volumes/D/mnm-robin-project/workspace/dms-ui-application/src/components/Auth/index.js": {"path":"/Volumes/D/mnm-robin-project/workspace/dms-ui-application/src/components/Auth/index.js","statementMap":{},"fnMap":{},"branchMap":{},"s":{},"f":{},"b":{}}
,"/Volumes/D/mnm-robin-project/workspace/dms-ui-application/src/components/Auth/ForgotPassword/ForgotPassword.js": {"path":"/Volumes/D/mnm-robin-project/workspace/dms-ui-application/src/components/Auth/ForgotPassword/ForgotPassword.js","statementMap":{"0":{"start":{"line":26,"column":27},"end":{"line":40,"column":2}},"1":{"start":{"line":26,"column":42},"end":{"line":40,"column":1}},"2":{"start":{"line":42,"column":27},"end":{"line":429,"column":1}},"3":{"start":{"line":43,"column":19},"end":{"line":43,"column":33}},"4":{"start":{"line":44,"column":21},"end":{"line":44,"column":34}},"5":{"start":{"line":46,"column":28},"end":{"line":46,"column":30}},"6":{"start":{"line":47,"column":42},"end":{"line":47,"column":53}},"7":{"start":{"line":48,"column":48},"end":{"line":48,"column":58}},"8":{"start":{"line":49,"column":40},"end":{"line":49,"column":50}},"9":{"start":{"line":50,"column":50},"end":{"line":50,"column":64}},"10":{"start":{"line":51,"column":48},"end":{"line":51,"column":62}},"11":{"start":{"line":52,"column":34},"end":{"line":52,"column":59}},"12":{"start":{"line":53,"column":36},"end":{"line":53,"column":46}},"13":{"start":{"line":54,"column":46},"end":{"line":54,"column":56}},"14":{"start":{"line":55,"column":40},"end":{"line":55,"column":55}},"15":{"start":{"line":56,"column":44},"end":{"line":56,"column":103}},"16":{"start":{"line":57,"column":36},"end":{"line":57,"column":48}},"17":{"start":{"line":59,"column":4},"end":{"line":65,"column":18}},"18":{"start":{"line":60,"column":22},"end":{"line":60,"column":85}},"19":{"start":{"line":60,"column":55},"end":{"line":60,"column":78}},"20":{"start":{"line":61,"column":8},"end":{"line":63,"column":10}},"21":{"start":{"line":62,"column":12},"end":{"line":62,"column":33}},"22":{"start":{"line":67,"column":20},"end":{"line":73,"column":5}},"23":{"start":{"line":68,"column":8},"end":{"line":68,"column":98}},"24":{"start":{"line":69,"column":8},"end":{"line":71,"column":9}},"25":{"start":{"line":70,"column":12},"end":{"line":70,"column":26}},"26":{"start":{"line":72,"column":8},"end":{"line":72,"column":28}},"27":{"start":{"line":75,"column":25},"end":{"line":97,"column":5}},"28":{"start":{"line":76,"column":8},"end":{"line":76,"column":33}},"29":{"start":{"line":78,"column":23},"end":{"line":78,"column":37}},"30":{"start":{"line":80,"column":8},"end":{"line":96,"column":9}},"31":{"start":{"line":81,"column":12},"end":{"line":81,"column":37}},"32":{"start":{"line":82,"column":25},"end":{"line":82,"column":35}},"33":{"start":{"line":83,"column":12},"end":{"line":83,"column":38}},"34":{"start":{"line":85,"column":30},"end":{"line":87,"column":13}},"35":{"start":{"line":86,"column":16},"end":{"line":86,"column":34}},"36":{"start":{"line":89,"column":32},"end":{"line":94,"column":13}},"37":{"start":{"line":95,"column":12},"end":{"line":95,"column":36}},"38":{"start":{"line":99,"column":22},"end":{"line":104,"column":5}},"39":{"start":{"line":100,"column":8},"end":{"line":103,"column":9}},"40":{"start":{"line":101,"column":12},"end":{"line":101,"column":37}},"41":{"start":{"line":102,"column":12},"end":{"line":102,"column":28}},"42":{"start":{"line":106,"column":26},"end":{"line":132,"column":5}},"43":{"start":{"line":107,"column":8},"end":{"line":107,"column":22}},"44":{"start":{"line":108,"column":8},"end":{"line":108,"column":29}},"45":{"start":{"line":110,"column":8},"end":{"line":131,"column":9}},"46":{"start":{"line":111,"column":12},"end":{"line":130,"column":13}},"47":{"start":{"line":112,"column":16},"end":{"line":112,"column":41}},"48":{"start":{"line":113,"column":29},"end":{"line":113,"column":115}},"49":{"start":{"line":115,"column":34},"end":{"line":120,"column":17}},"50":{"start":{"line":116,"column":20},"end":{"line":116,"column":48}},"51":{"start":{"line":117,"column":20},"end":{"line":117,"column":126}},"52":{"start":{"line":118,"column":20},"end":{"line":118,"column":54}},"53":{"start":{"line":119,"column":20},"end":{"line":119,"column":38}},"54":{"start":{"line":122,"column":36},"end":{"line":127,"column":17}},"55":{"start":{"line":129,"column":16},"end":{"line":129,"column":37}},"56":{"start":{"line":134,"column":28},"end":{"line":154,"column":5}},"57":{"start":{"line":135,"column":8},"end":{"line":153,"column":9}},"58":{"start":{"line":136,"column":12},"end":{"line":136,"column":37}},"59":{"start":{"line":137,"column":25},"end":{"line":137,"column":66}},"60":{"start":{"line":139,"column":30},"end":{"line":143,"column":13}},"61":{"start":{"line":140,"column":16},"end":{"line":140,"column":59}},"62":{"start":{"line":141,"column":16},"end":{"line":141,"column":126}},"63":{"start":{"line":142,"column":16},"end":{"line":142,"column":34}},"64":{"start":{"line":145,"column":32},"end":{"line":150,"column":13}},"65":{"start":{"line":152,"column":12},"end":{"line":152,"column":37}},"66":{"start":{"line":156,"column":29},"end":{"line":175,"column":5}},"67":{"start":{"line":157,"column":8},"end":{"line":157,"column":33}},"68":{"start":{"line":158,"column":21},"end":{"line":158,"column":73}},"69":{"start":{"line":160,"column":26},"end":{"line":165,"column":9}},"70":{"start":{"line":161,"column":12},"end":{"line":161,"column":31}},"71":{"start":{"line":163,"column":12},"end":{"line":163,"column":126}},"72":{"start":{"line":164,"column":12},"end":{"line":164,"column":36}},"73":{"start":{"line":167,"column":28},"end":{"line":172,"column":9}},"74":{"start":{"line":174,"column":8},"end":{"line":174,"column":36}},"75":{"start":{"line":177,"column":34},"end":{"line":179,"column":5}},"76":{"start":{"line":178,"column":8},"end":{"line":178,"column":49}},"77":{"start":{"line":181,"column":33},"end":{"line":183,"column":5}},"78":{"start":{"line":182,"column":8},"end":{"line":182,"column":48}},"79":{"start":{"line":185,"column":30},"end":{"line":190,"column":5}},"80":{"start":{"line":186,"column":8},"end":{"line":188,"column":9}},"81":{"start":{"line":187,"column":12},"end":{"line":187,"column":82}},"82":{"start":{"line":189,"column":8},"end":{"line":189,"column":33}},"83":{"start":{"line":192,"column":27},"end":{"line":195,"column":5}},"84":{"start":{"line":193,"column":8},"end":{"line":193,"column":27}},"85":{"start":{"line":194,"column":8},"end":{"line":194,"column":29}},"86":{"start":{"line":197,"column":27},"end":{"line":199,"column":5}},"87":{"start":{"line":201,"column":27},"end":{"line":205,"column":5}},"88":{"start":{"line":202,"column":8},"end":{"line":204,"column":15}},"89":{"start":{"line":202,"column":33},"end":{"line":202,"column":66}},"90":{"start":{"line":202,"column":85},"end":{"line":202,"column":119}},"91":{"start":{"line":202,"column":141},"end":{"line":202,"column":175}},"92":{"start":{"line":206,"column":4},"end":{"line":428,"column":6}},"93":{"start":{"line":351,"column":84},"end":{"line":351,"column":99}},"94":{"start":{"line":381,"column":92},"end":{"line":381,"column":119}},"95":{"start":{"line":393,"column":96},"end":{"line":400,"column":73}},"96":{"start":{"line":395,"column":80},"end":{"line":397,"column":81}},"97":{"start":{"line":396,"column":84},"end":{"line":396,"column":109}},"98":{"start":{"line":398,"column":80},"end":{"line":398,"column":165}},"99":{"start":{"line":431,"column":30},"end":{"line":431,"column":83}}},"fnMap":{"0":{"name":"(anonymous_0)","decl":{"start":{"line":26,"column":27},"end":{"line":26,"column":28}},"loc":{"start":{"line":26,"column":42},"end":{"line":40,"column":1}},"line":26},"1":{"name":"(anonymous_1)","decl":{"start":{"line":42,"column":27},"end":{"line":42,"column":28}},"loc":{"start":{"line":42,"column":150},"end":{"line":429,"column":1}},"line":42},"2":{"name":"(anonymous_2)","decl":{"start":{"line":59,"column":14},"end":{"line":59,"column":15}},"loc":{"start":{"line":59,"column":20},"end":{"line":65,"column":5}},"line":59},"3":{"name":"(anonymous_3)","decl":{"start":{"line":60,"column":49},"end":{"line":60,"column":50}},"loc":{"start":{"line":60,"column":55},"end":{"line":60,"column":78}},"line":60},"4":{"name":"(anonymous_4)","decl":{"start":{"line":61,"column":15},"end":{"line":61,"column":16}},"loc":{"start":{"line":61,"column":21},"end":{"line":63,"column":9}},"line":61},"5":{"name":"(anonymous_5)","decl":{"start":{"line":67,"column":20},"end":{"line":67,"column":21}},"loc":{"start":{"line":67,"column":33},"end":{"line":73,"column":5}},"line":67},"6":{"name":"(anonymous_6)","decl":{"start":{"line":75,"column":25},"end":{"line":75,"column":26}},"loc":{"start":{"line":75,"column":37},"end":{"line":97,"column":5}},"line":75},"7":{"name":"(anonymous_7)","decl":{"start":{"line":85,"column":30},"end":{"line":85,"column":31}},"loc":{"start":{"line":85,"column":36},"end":{"line":87,"column":13}},"line":85},"8":{"name":"(anonymous_8)","decl":{"start":{"line":99,"column":22},"end":{"line":99,"column":23}},"loc":{"start":{"line":99,"column":34},"end":{"line":104,"column":5}},"line":99},"9":{"name":"(anonymous_9)","decl":{"start":{"line":106,"column":26},"end":{"line":106,"column":27}},"loc":{"start":{"line":106,"column":32},"end":{"line":132,"column":5}},"line":106},"10":{"name":"(anonymous_10)","decl":{"start":{"line":115,"column":34},"end":{"line":115,"column":35}},"loc":{"start":{"line":115,"column":43},"end":{"line":120,"column":17}},"line":115},"11":{"name":"(anonymous_11)","decl":{"start":{"line":134,"column":28},"end":{"line":134,"column":29}},"loc":{"start":{"line":134,"column":34},"end":{"line":154,"column":5}},"line":134},"12":{"name":"(anonymous_12)","decl":{"start":{"line":139,"column":30},"end":{"line":139,"column":31}},"loc":{"start":{"line":139,"column":39},"end":{"line":143,"column":13}},"line":139},"13":{"name":"(anonymous_13)","decl":{"start":{"line":156,"column":29},"end":{"line":156,"column":30}},"loc":{"start":{"line":156,"column":41},"end":{"line":175,"column":5}},"line":156},"14":{"name":"(anonymous_14)","decl":{"start":{"line":160,"column":26},"end":{"line":160,"column":27}},"loc":{"start":{"line":160,"column":35},"end":{"line":165,"column":9}},"line":160},"15":{"name":"(anonymous_15)","decl":{"start":{"line":177,"column":34},"end":{"line":177,"column":35}},"loc":{"start":{"line":177,"column":45},"end":{"line":179,"column":5}},"line":177},"16":{"name":"(anonymous_16)","decl":{"start":{"line":181,"column":33},"end":{"line":181,"column":34}},"loc":{"start":{"line":181,"column":44},"end":{"line":183,"column":5}},"line":181},"17":{"name":"(anonymous_17)","decl":{"start":{"line":185,"column":30},"end":{"line":185,"column":31}},"loc":{"start":{"line":185,"column":44},"end":{"line":190,"column":5}},"line":185},"18":{"name":"(anonymous_18)","decl":{"start":{"line":192,"column":27},"end":{"line":192,"column":28}},"loc":{"start":{"line":192,"column":38},"end":{"line":195,"column":5}},"line":192},"19":{"name":"(anonymous_19)","decl":{"start":{"line":197,"column":27},"end":{"line":197,"column":28}},"loc":{"start":{"line":197,"column":67},"end":{"line":199,"column":5}},"line":197},"20":{"name":"(anonymous_20)","decl":{"start":{"line":201,"column":27},"end":{"line":201,"column":28}},"loc":{"start":{"line":202,"column":8},"end":{"line":204,"column":15}},"line":202},"21":{"name":"(anonymous_21)","decl":{"start":{"line":202,"column":27},"end":{"line":202,"column":28}},"loc":{"start":{"line":202,"column":33},"end":{"line":202,"column":66}},"line":202},"22":{"name":"(anonymous_22)","decl":{"start":{"line":202,"column":79},"end":{"line":202,"column":80}},"loc":{"start":{"line":202,"column":85},"end":{"line":202,"column":119}},"line":202},"23":{"name":"(anonymous_23)","decl":{"start":{"line":202,"column":135},"end":{"line":202,"column":136}},"loc":{"start":{"line":202,"column":141},"end":{"line":202,"column":175}},"line":202},"24":{"name":"(anonymous_24)","decl":{"start":{"line":351,"column":78},"end":{"line":351,"column":79}},"loc":{"start":{"line":351,"column":84},"end":{"line":351,"column":99}},"line":351},"25":{"name":"(anonymous_25)","decl":{"start":{"line":381,"column":85},"end":{"line":381,"column":86}},"loc":{"start":{"line":381,"column":92},"end":{"line":381,"column":119}},"line":381},"26":{"name":"(anonymous_26)","decl":{"start":{"line":393,"column":72},"end":{"line":393,"column":73}},"loc":{"start":{"line":393,"column":96},"end":{"line":400,"column":73}},"line":393},"27":{"name":"(anonymous_27)","decl":{"start":{"line":394,"column":76},"end":{"line":394,"column":77}},"loc":{"start":{"line":394,"column":96},"end":{"line":399,"column":77}},"line":394}},"branchMap":{"0":{"loc":{"start":{"line":60,"column":22},"end":{"line":60,"column":85}},"type":"binary-expr","locations":[{"start":{"line":60,"column":22},"end":{"line":60,"column":33}},{"start":{"line":60,"column":37},"end":{"line":60,"column":85}}],"line":60},"1":{"loc":{"start":{"line":68,"column":58},"end":{"line":68,"column":94}},"type":"binary-expr","locations":[{"start":{"line":68,"column":58},"end":{"line":68,"column":83}},{"start":{"line":68,"column":87},"end":{"line":68,"column":94}}],"line":68},"2":{"loc":{"start":{"line":69,"column":8},"end":{"line":71,"column":9}},"type":"if","locations":[{"start":{"line":69,"column":8},"end":{"line":71,"column":9}},{"start":{},"end":{}}],"line":69},"3":{"loc":{"start":{"line":80,"column":8},"end":{"line":96,"column":9}},"type":"if","locations":[{"start":{"line":80,"column":8},"end":{"line":96,"column":9}},{"start":{},"end":{}}],"line":80},"4":{"loc":{"start":{"line":100,"column":8},"end":{"line":103,"column":9}},"type":"if","locations":[{"start":{"line":100,"column":8},"end":{"line":103,"column":9}},{"start":{},"end":{}}],"line":100},"5":{"loc":{"start":{"line":110,"column":8},"end":{"line":131,"column":9}},"type":"if","locations":[{"start":{"line":110,"column":8},"end":{"line":131,"column":9}},{"start":{},"end":{}}],"line":110},"6":{"loc":{"start":{"line":111,"column":12},"end":{"line":130,"column":13}},"type":"if","locations":[{"start":{"line":111,"column":12},"end":{"line":130,"column":13}},{"start":{},"end":{}}],"line":111},"7":{"loc":{"start":{"line":111,"column":16},"end":{"line":111,"column":49}},"type":"binary-expr","locations":[{"start":{"line":111,"column":16},"end":{"line":111,"column":31}},{"start":{"line":111,"column":35},"end":{"line":111,"column":49}}],"line":111},"8":{"loc":{"start":{"line":135,"column":8},"end":{"line":153,"column":9}},"type":"if","locations":[{"start":{"line":135,"column":8},"end":{"line":153,"column":9}},{"start":{},"end":{}}],"line":135},"9":{"loc":{"start":{"line":186,"column":8},"end":{"line":188,"column":9}},"type":"if","locations":[{"start":{"line":186,"column":8},"end":{"line":188,"column":9}},{"start":{},"end":{}}],"line":186},"10":{"loc":{"start":{"line":186,"column":14},"end":{"line":186,"column":47}},"type":"binary-expr","locations":[{"start":{"line":186,"column":14},"end":{"line":186,"column":29}},{"start":{"line":186,"column":33},"end":{"line":186,"column":47}}],"line":186},"11":{"loc":{"start":{"line":203,"column":13},"end":{"line":203,"column":101}},"type":"cond-expr","locations":[{"start":{"line":203,"column":37},"end":{"line":203,"column":72}},{"start":{"line":203,"column":75},"end":{"line":203,"column":101}}],"line":203},"12":{"loc":{"start":{"line":223,"column":37},"end":{"line":419,"column":44}},"type":"cond-expr","locations":[{"start":{"line":224,"column":40},"end":{"line":257,"column":46}},{"start":{"line":258,"column":40},"end":{"line":419,"column":44}}],"line":223},"13":{"loc":{"start":{"line":258,"column":40},"end":{"line":419,"column":44}},"type":"cond-expr","locations":[{"start":{"line":259,"column":40},"end":{"line":326,"column":43}},{"start":{"line":327,"column":40},"end":{"line":419,"column":44}}],"line":258},"14":{"loc":{"start":{"line":327,"column":40},"end":{"line":419,"column":44}},"type":"cond-expr","locations":[{"start":{"line":328,"column":40},"end":{"line":371,"column":46}},{"start":{"line":372,"column":40},"end":{"line":419,"column":44}}],"line":327},"15":{"loc":{"start":{"line":341,"column":98},"end":{"line":341,"column":145}},"type":"cond-expr","locations":[{"start":{"line":341,"column":111},"end":{"line":341,"column":127}},{"start":{"line":341,"column":130},"end":{"line":341,"column":145}}],"line":341},"16":{"loc":{"start":{"line":348,"column":65},"end":{"line":348,"column":306}},"type":"cond-expr","locations":[{"start":{"line":348,"column":75},"end":{"line":348,"column":174}},{"start":{"line":348,"column":177},"end":{"line":348,"column":306}}],"line":348},"17":{"loc":{"start":{"line":348,"column":114},"end":{"line":348,"column":164}},"type":"cond-expr","locations":[{"start":{"line":348,"column":130},"end":{"line":348,"column":145}},{"start":{"line":348,"column":148},"end":{"line":348,"column":164}}],"line":348},"18":{"loc":{"start":{"line":348,"column":216},"end":{"line":348,"column":299}},"type":"cond-expr","locations":[{"start":{"line":348,"column":229},"end":{"line":348,"column":260}},{"start":{"line":348,"column":263},"end":{"line":348,"column":299}}],"line":348},"19":{"loc":{"start":{"line":351,"column":112},"end":{"line":351,"column":166}},"type":"cond-expr","locations":[{"start":{"line":351,"column":122},"end":{"line":351,"column":143}},{"start":{"line":351,"column":146},"end":{"line":351,"column":166}}],"line":351},"20":{"loc":{"start":{"line":372,"column":40},"end":{"line":419,"column":44}},"type":"cond-expr","locations":[{"start":{"line":373,"column":40},"end":{"line":418,"column":46}},{"start":{"line":419,"column":40},"end":{"line":419,"column":44}}],"line":372},"21":{"loc":{"start":{"line":381,"column":127},"end":{"line":381,"column":174}},"type":"cond-expr","locations":[{"start":{"line":381,"column":155},"end":{"line":381,"column":161}},{"start":{"line":381,"column":164},"end":{"line":381,"column":174}}],"line":381},"22":{"loc":{"start":{"line":395,"column":80},"end":{"line":397,"column":81}},"type":"if","locations":[{"start":{"line":395,"column":80},"end":{"line":397,"column":81}},{"start":{},"end":{}}],"line":395},"23":{"loc":{"start":{"line":395,"column":84},"end":{"line":395,"column":132}},"type":"binary-expr","locations":[{"start":{"line":395,"column":84},"end":{"line":395,"column":90}},{"start":{"line":395,"column":94},"end":{"line":395,"column":132}}],"line":395},"24":{"loc":{"start":{"line":404,"column":81},"end":{"line":404,"column":135}},"type":"cond-expr","locations":[{"start":{"line":404,"column":116},"end":{"line":404,"column":122}},{"start":{"line":404,"column":125},"end":{"line":404,"column":135}}],"line":404}},"s":{"0":2,"1":0,"2":2,"3":1,"4":1,"5":1,"6":1,"7":1,"8":1,"9":1,"10":1,"11":1,"12":1,"13":1,"14":1,"15":1,"16":1,"17":1,"18":1,"19":0,"20":1,"21":1,"22":1,"23":0,"24":0,"25":0,"26":0,"27":1,"28":0,"29":0,"30":0,"31":0,"32":0,"33":0,"34":0,"35":0,"36":0,"37":0,"38":1,"39":0,"40":0,"41":0,"42":1,"43":0,"44":0,"45":0,"46":0,"47":0,"48":0,"49":0,"50":0,"51":0,"52":0,"53":0,"54":0,"55":0,"56":1,"57":0,"58":0,"59":0,"60":0,"61":0,"62":0,"63":0,"64":0,"65":0,"66":1,"67":0,"68":0,"69":0,"70":0,"71":0,"72":0,"73":0,"74":0,"75":1,"76":0,"77":1,"78":0,"79":1,"80":0,"81":0,"82":0,"83":1,"84":0,"85":0,"86":1,"87":1,"88":0,"89":0,"90":0,"91":0,"92":1,"93":0,"94":0,"95":0,"96":0,"97":0,"98":0,"99":2},"f":{"0":0,"1":1,"2":1,"3":0,"4":1,"5":0,"6":0,"7":0,"8":0,"9":0,"10":0,"11":0,"12":0,"13":0,"14":0,"15":0,"16":0,"17":0,"18":0,"19":0,"20":0,"21":0,"22":0,"23":0,"24":0,"25":0,"26":0,"27":0},"b":{"0":[1,1],"1":[0,0],"2":[0,0],"3":[0,0],"4":[0,0],"5":[0,0],"6":[0,0],"7":[0,0],"8":[0,0],"9":[0,0],"10":[0,0],"11":[0,0],"12":[1,0],"13":[0,0],"14":[0,0],"15":[0,0],"16":[0,0],"17":[0,0],"18":[0,0],"19":[0,0],"20":[0,0],"21":[0,0],"22":[0,0],"23":[0,0],"24":[0,0]},"_coverageSchema":"1a1c01bbd47fc00a2c39e90264f33305004495a9","hash":"d0557a9ea1cd3d1d296fc5984c0185fe689efe8f"}
,"/Volumes/D/mnm-robin-project/workspace/dms-ui-application/src/components/Auth/ForgotPassword/index.js": {"path":"/Volumes/D/mnm-robin-project/workspace/dms-ui-application/src/components/Auth/ForgotPassword/index.js","statementMap":{},"fnMap":{},"branchMap":{},"s":{},"f":{},"b":{},"_coverageSchema":"1a1c01bbd47fc00a2c39e90264f33305004495a9","hash":"f175a672e044c2299270446277790624f670faf9"}
,"/Volumes/D/mnm-robin-project/workspace/dms-ui-application/src/components/Auth/ForgotPassword/test.js": {"path":"/Volumes/D/mnm-robin-project/workspace/dms-ui-application/src/components/Auth/ForgotPassword/test.js","statementMap":{"0":{"start":{"line":14,"column":21},"end":{"line":14,"column":27}},"1":{"start":{"line":15,"column":21},"end":{"line":48,"column":3}},"2":{"start":{"line":49,"column":25},"end":{"line":66,"column":3}},"3":{"start":{"line":67,"column":29},"end":{"line":78,"column":3}},"4":{"start":{"line":79,"column":14},"end":{"line":342,"column":3}},"5":{"start":{"line":80,"column":19},"end":{"line":80,"column":33}},"6":{"start":{"line":81,"column":21},"end":{"line":82,"column":5}},"7":{"start":{"line":84,"column":6},"end":{"line":93,"column":18}},"8":{"start":{"line":96,"column":6},"end":{"line":105,"column":18}},"9":{"start":{"line":107,"column":56},"end":{"line":107,"column":68}},"10":{"start":{"line":108,"column":28},"end":{"line":114,"column":5}},"11":{"start":{"line":109,"column":6},"end":{"line":113,"column":7}},"12":{"start":{"line":110,"column":8},"end":{"line":110,"column":34}},"13":{"start":{"line":112,"column":8},"end":{"line":112,"column":93}},"14":{"start":{"line":112,"column":71},"end":{"line":112,"column":90}},"15":{"start":{"line":115,"column":27},"end":{"line":118,"column":7}},"16":{"start":{"line":115,"column":64},"end":{"line":118,"column":5}},"17":{"start":{"line":119,"column":4},"end":{"line":341,"column":6}},"18":{"start":{"line":175,"column":36},"end":{"line":182,"column":13}},"19":{"start":{"line":177,"column":16},"end":{"line":179,"column":17}},"20":{"start":{"line":178,"column":18},"end":{"line":178,"column":43}},"21":{"start":{"line":180,"column":16},"end":{"line":180,"column":101}},"22":{"start":{"line":326,"column":16},"end":{"line":326,"column":96}}},"fnMap":{"0":{"name":"(anonymous_0)","decl":{"start":{"line":79,"column":14},"end":{"line":79,"column":15}},"loc":{"start":{"line":79,"column":20},"end":{"line":342,"column":3}},"line":79},"1":{"name":"(anonymous_1)","decl":{"start":{"line":81,"column":21},"end":{"line":81,"column":22}},"loc":{"start":{"line":81,"column":33},"end":{"line":82,"column":5}},"line":81},"2":{"name":"(anonymous_2)","decl":{"start":{"line":108,"column":28},"end":{"line":108,"column":29}},"loc":{"start":{"line":108,"column":39},"end":{"line":114,"column":5}},"line":108},"3":{"name":"(anonymous_3)","decl":{"start":{"line":112,"column":59},"end":{"line":112,"column":60}},"loc":{"start":{"line":112,"column":71},"end":{"line":112,"column":90}},"line":112},"4":{"name":"(anonymous_4)","decl":{"start":{"line":115,"column":50},"end":{"line":115,"column":51}},"loc":{"start":{"line":115,"column":64},"end":{"line":118,"column":5}},"line":115},"5":{"name":"(anonymous_5)","decl":{"start":{"line":175,"column":12},"end":{"line":175,"column":13}},"loc":{"start":{"line":175,"column":36},"end":{"line":182,"column":13}},"line":175},"6":{"name":"(anonymous_6)","decl":{"start":{"line":176,"column":14},"end":{"line":176,"column":15}},"loc":{"start":{"line":176,"column":34},"end":{"line":181,"column":15}},"line":176},"7":{"name":"(anonymous_7)","decl":{"start":{"line":325,"column":25},"end":{"line":325,"column":26}},"loc":{"start":{"line":326,"column":16},"end":{"line":326,"column":96}},"line":326}},"branchMap":{"0":{"loc":{"start":{"line":109,"column":6},"end":{"line":113,"column":7}},"type":"if","locations":[{"start":{"line":109,"column":6},"end":{"line":113,"column":7}},{"start":{"line":111,"column":13},"end":{"line":113,"column":7}}],"line":109},"1":{"loc":{"start":{"line":177,"column":16},"end":{"line":179,"column":17}},"type":"if","locations":[{"start":{"line":177,"column":16},"end":{"line":179,"column":17}},{"start":{},"end":{}}],"line":177},"2":{"loc":{"start":{"line":177,"column":20},"end":{"line":177,"column":65}},"type":"binary-expr","locations":[{"start":{"line":177,"column":20},"end":{"line":177,"column":26}},{"start":{"line":177,"column":30},"end":{"line":177,"column":65}}],"line":177},"3":{"loc":{"start":{"line":326,"column":16},"end":{"line":326,"column":96}},"type":"cond-expr","locations":[{"start":{"line":326,"column":24},"end":{"line":326,"column":41}},{"start":{"line":326,"column":44},"end":{"line":326,"column":96}}],"line":326}},"s":{"0":0,"1":0,"2":0,"3":0,"4":0,"5":0,"6":0,"7":0,"8":0,"9":0,"10":0,"11":0,"12":0,"13":0,"14":0,"15":0,"16":0,"17":0,"18":0,"19":0,"20":0,"21":0,"22":0},"f":{"0":0,"1":0,"2":0,"3":0,"4":0,"5":0,"6":0,"7":0},"b":{"0":[0,0],"1":[0,0],"2":[0,0],"3":[0,0]}}
,"/Volumes/D/mnm-robin-project/workspace/dms-ui-application/src/components/Auth/Login/Captcha.js": {"path":"/Volumes/D/mnm-robin-project/workspace/dms-ui-application/src/components/Auth/Login/Captcha.js","statementMap":{"0":{"start":{"line":5,"column":30},"end":{"line":5,"column":42}},"1":{"start":{"line":6,"column":28},"end":{"line":6,"column":40}},"2":{"start":{"line":7,"column":4},"end":{"line":9,"column":11}},"3":{"start":{"line":8,"column":8},"end":{"line":8,"column":94}},"4":{"start":{"line":11,"column":19},"end":{"line":20,"column":5}},"5":{"start":{"line":12,"column":8},"end":{"line":19,"column":10}},"6":{"start":{"line":14,"column":16},"end":{"line":14,"column":31}},"7":{"start":{"line":17,"column":16},"end":{"line":17,"column":35}},"8":{"start":{"line":21,"column":4},"end":{"line":36,"column":6}},"9":{"start":{"line":25,"column":69},"end":{"line":25,"column":92}}},"fnMap":{"0":{"name":"Captcha","decl":{"start":{"line":4,"column":9},"end":{"line":4,"column":16}},"loc":{"start":{"line":4,"column":19},"end":{"line":37,"column":1}},"line":4},"1":{"name":"(anonymous_1)","decl":{"start":{"line":7,"column":14},"end":{"line":7,"column":15}},"loc":{"start":{"line":7,"column":20},"end":{"line":9,"column":5}},"line":7},"2":{"name":"(anonymous_2)","decl":{"start":{"line":8,"column":78},"end":{"line":8,"column":79}},"loc":{"start":{"line":8,"column":90},"end":{"line":8,"column":92}},"line":8},"3":{"name":"(anonymous_3)","decl":{"start":{"line":11,"column":19},"end":{"line":11,"column":20}},"loc":{"start":{"line":11,"column":25},"end":{"line":20,"column":5}},"line":11},"4":{"name":"(anonymous_4)","decl":{"start":{"line":13,"column":12},"end":{"line":13,"column":13}},"loc":{"start":{"line":13,"column":22},"end":{"line":15,"column":13}},"line":13},"5":{"name":"(anonymous_5)","decl":{"start":{"line":16,"column":12},"end":{"line":16,"column":13}},"loc":{"start":{"line":16,"column":23},"end":{"line":18,"column":13}},"line":16},"6":{"name":"(anonymous_6)","decl":{"start":{"line":25,"column":62},"end":{"line":25,"column":63}},"loc":{"start":{"line":25,"column":69},"end":{"line":25,"column":92}},"line":25}},"branchMap":{},"s":{"0":0,"1":0,"2":0,"3":0,"4":0,"5":0,"6":0,"7":0,"8":0,"9":0},"f":{"0":0,"1":0,"2":0,"3":0,"4":0,"5":0,"6":0},"b":{}}
,"/Volumes/D/mnm-robin-project/workspace/dms-ui-application/src/components/Auth/Login/Login.js": {"path":"/Volumes/D/mnm-robin-project/workspace/dms-ui-application/src/components/Auth/Login/Login.js","statementMap":{"0":{"start":{"line":23,"column":24},"end":{"line":45,"column":1}},"1":{"start":{"line":24,"column":22},"end":{"line":24,"column":38}},"2":{"start":{"line":26,"column":20},"end":{"line":26,"column":48}},"3":{"start":{"line":27,"column":25},"end":{"line":27,"column":49}},"4":{"start":{"line":28,"column":25},"end":{"line":28,"column":49}},"5":{"start":{"line":30,"column":22},"end":{"line":42,"column":5}},"6":{"start":{"line":44,"column":4},"end":{"line":44,"column":23}},"7":{"start":{"line":47,"column":27},"end":{"line":55,"column":1}},"8":{"start":{"line":57,"column":32},"end":{"line":57,"column":69}},"9":{"start":{"line":58,"column":14},"end":{"line":258,"column":1}},"10":{"start":{"line":59,"column":120},"end":{"line":59,"column":125}},"11":{"start":{"line":60,"column":19},"end":{"line":60,"column":33}},"12":{"start":{"line":61,"column":21},"end":{"line":61,"column":34}},"13":{"start":{"line":62,"column":38},"end":{"line":62,"column":53}},"14":{"start":{"line":63,"column":44},"end":{"line":63,"column":59}},"15":{"start":{"line":64,"column":58},"end":{"line":64,"column":88}},"16":{"start":{"line":66,"column":28},"end":{"line":66,"column":44}},"17":{"start":{"line":67,"column":24},"end":{"line":67,"column":68}},"18":{"start":{"line":67,"column":48},"end":{"line":67,"column":63}},"19":{"start":{"line":69,"column":4},"end":{"line":81,"column":34}},"20":{"start":{"line":70,"column":8},"end":{"line":72,"column":11}},"21":{"start":{"line":74,"column":8},"end":{"line":78,"column":10}},"22":{"start":{"line":75,"column":12},"end":{"line":75,"column":38}},"23":{"start":{"line":76,"column":12},"end":{"line":76,"column":31}},"24":{"start":{"line":77,"column":12},"end":{"line":77,"column":32}},"25":{"start":{"line":83,"column":4},"end":{"line":95,"column":34}},"26":{"start":{"line":84,"column":8},"end":{"line":86,"column":11}},"27":{"start":{"line":88,"column":8},"end":{"line":92,"column":10}},"28":{"start":{"line":89,"column":12},"end":{"line":89,"column":38}},"29":{"start":{"line":90,"column":12},"end":{"line":90,"column":31}},"30":{"start":{"line":91,"column":12},"end":{"line":91,"column":32}},"31":{"start":{"line":97,"column":22},"end":{"line":109,"column":5}},"32":{"start":{"line":98,"column":8},"end":{"line":98,"column":33}},"33":{"start":{"line":99,"column":8},"end":{"line":99,"column":28}},"34":{"start":{"line":100,"column":31},"end":{"line":100,"column":51}},"35":{"start":{"line":101,"column":8},"end":{"line":108,"column":9}},"36":{"start":{"line":102,"column":12},"end":{"line":102,"column":31}},"37":{"start":{"line":103,"column":12},"end":{"line":103,"column":43}},"38":{"start":{"line":104,"column":12},"end":{"line":104,"column":26}},"39":{"start":{"line":106,"column":12},"end":{"line":106,"column":38}},"40":{"start":{"line":107,"column":12},"end":{"line":107,"column":32}},"41":{"start":{"line":111,"column":20},"end":{"line":114,"column":5}},"42":{"start":{"line":112,"column":8},"end":{"line":112,"column":51}},"43":{"start":{"line":113,"column":8},"end":{"line":113,"column":28}},"44":{"start":{"line":116,"column":33},"end":{"line":118,"column":5}},"45":{"start":{"line":117,"column":8},"end":{"line":117,"column":42}},"46":{"start":{"line":120,"column":37},"end":{"line":122,"column":5}},"47":{"start":{"line":121,"column":8},"end":{"line":121,"column":28}},"48":{"start":{"line":124,"column":21},"end":{"line":139,"column":5}},"49":{"start":{"line":125,"column":8},"end":{"line":125,"column":27}},"50":{"start":{"line":127,"column":8},"end":{"line":127,"column":33}},"51":{"start":{"line":128,"column":8},"end":{"line":138,"column":10}},"52":{"start":{"line":130,"column":16},"end":{"line":132,"column":17}},"53":{"start":{"line":131,"column":20},"end":{"line":131,"column":76}},"54":{"start":{"line":135,"column":16},"end":{"line":135,"column":64}},"55":{"start":{"line":136,"column":16},"end":{"line":136,"column":36}},"56":{"start":{"line":141,"column":27},"end":{"line":143,"column":5}},"57":{"start":{"line":142,"column":8},"end":{"line":142,"column":51}},"58":{"start":{"line":145,"column":37},"end":{"line":174,"column":5}},"59":{"start":{"line":146,"column":35},"end":{"line":146,"column":39}},"60":{"start":{"line":147,"column":43},"end":{"line":147,"column":57}},"61":{"start":{"line":149,"column":34},"end":{"line":151,"column":9}},"62":{"start":{"line":150,"column":12},"end":{"line":150,"column":61}},"63":{"start":{"line":152,"column":20},"end":{"line":163,"column":9}},"64":{"start":{"line":153,"column":12},"end":{"line":162,"column":20}},"65":{"start":{"line":165,"column":8},"end":{"line":173,"column":11}},"66":{"start":{"line":176,"column":31},"end":{"line":178,"column":5}},"67":{"start":{"line":177,"column":8},"end":{"line":177,"column":30}},"68":{"start":{"line":180,"column":31},"end":{"line":182,"column":5}},"69":{"start":{"line":181,"column":8},"end":{"line":181,"column":31}},"70":{"start":{"line":185,"column":8},"end":{"line":187,"column":15}},"71":{"start":{"line":189,"column":4},"end":{"line":257,"column":6}},"72":{"start":{"line":260,"column":22},"end":{"line":260,"column":73}}},"fnMap":{"0":{"name":"(anonymous_0)","decl":{"start":{"line":23,"column":24},"end":{"line":23,"column":25}},"loc":{"start":{"line":23,"column":35},"end":{"line":45,"column":1}},"line":23},"1":{"name":"(anonymous_1)","decl":{"start":{"line":58,"column":14},"end":{"line":58,"column":15}},"loc":{"start":{"line":58,"column":25},"end":{"line":258,"column":1}},"line":58},"2":{"name":"(anonymous_2)","decl":{"start":{"line":67,"column":42},"end":{"line":67,"column":43}},"loc":{"start":{"line":67,"column":48},"end":{"line":67,"column":63}},"line":67},"3":{"name":"(anonymous_3)","decl":{"start":{"line":69,"column":14},"end":{"line":69,"column":15}},"loc":{"start":{"line":69,"column":20},"end":{"line":81,"column":5}},"line":69},"4":{"name":"(anonymous_4)","decl":{"start":{"line":70,"column":59},"end":{"line":70,"column":60}},"loc":{"start":{"line":70,"column":71},"end":{"line":72,"column":9}},"line":70},"5":{"name":"(anonymous_5)","decl":{"start":{"line":74,"column":15},"end":{"line":74,"column":16}},"loc":{"start":{"line":74,"column":21},"end":{"line":78,"column":9}},"line":74},"6":{"name":"(anonymous_6)","decl":{"start":{"line":83,"column":14},"end":{"line":83,"column":15}},"loc":{"start":{"line":83,"column":20},"end":{"line":95,"column":5}},"line":83},"7":{"name":"(anonymous_7)","decl":{"start":{"line":84,"column":59},"end":{"line":84,"column":60}},"loc":{"start":{"line":84,"column":71},"end":{"line":86,"column":9}},"line":84},"8":{"name":"(anonymous_8)","decl":{"start":{"line":88,"column":15},"end":{"line":88,"column":16}},"loc":{"start":{"line":88,"column":21},"end":{"line":92,"column":9}},"line":88},"9":{"name":"(anonymous_9)","decl":{"start":{"line":97,"column":22},"end":{"line":97,"column":23}},"loc":{"start":{"line":97,"column":32},"end":{"line":109,"column":5}},"line":97},"10":{"name":"(anonymous_10)","decl":{"start":{"line":111,"column":20},"end":{"line":111,"column":21}},"loc":{"start":{"line":111,"column":44},"end":{"line":114,"column":5}},"line":111},"11":{"name":"(anonymous_11)","decl":{"start":{"line":116,"column":33},"end":{"line":116,"column":34}},"loc":{"start":{"line":116,"column":39},"end":{"line":118,"column":5}},"line":116},"12":{"name":"(anonymous_12)","decl":{"start":{"line":120,"column":37},"end":{"line":120,"column":38}},"loc":{"start":{"line":120,"column":47},"end":{"line":122,"column":5}},"line":120},"13":{"name":"(anonymous_13)","decl":{"start":{"line":124,"column":21},"end":{"line":124,"column":22}},"loc":{"start":{"line":124,"column":33},"end":{"line":139,"column":5}},"line":124},"14":{"name":"(anonymous_14)","decl":{"start":{"line":129,"column":12},"end":{"line":129,"column":13}},"loc":{"start":{"line":129,"column":29},"end":{"line":133,"column":13}},"line":129},"15":{"name":"(anonymous_15)","decl":{"start":{"line":134,"column":12},"end":{"line":134,"column":13}},"loc":{"start":{"line":134,"column":23},"end":{"line":137,"column":13}},"line":134},"16":{"name":"(anonymous_16)","decl":{"start":{"line":141,"column":27},"end":{"line":141,"column":28}},"loc":{"start":{"line":141,"column":42},"end":{"line":143,"column":5}},"line":141},"17":{"name":"(anonymous_17)","decl":{"start":{"line":142,"column":35},"end":{"line":142,"column":36}},"loc":{"start":{"line":142,"column":47},"end":{"line":142,"column":49}},"line":142},"18":{"name":"(anonymous_18)","decl":{"start":{"line":145,"column":37},"end":{"line":145,"column":38}},"loc":{"start":{"line":145,"column":47},"end":{"line":174,"column":5}},"line":145},"19":{"name":"(anonymous_19)","decl":{"start":{"line":149,"column":34},"end":{"line":149,"column":35}},"loc":{"start":{"line":149,"column":40},"end":{"line":151,"column":9}},"line":149},"20":{"name":"(anonymous_20)","decl":{"start":{"line":152,"column":20},"end":{"line":152,"column":21}},"loc":{"start":{"line":153,"column":12},"end":{"line":162,"column":20}},"line":153},"21":{"name":"(anonymous_21)","decl":{"start":{"line":176,"column":31},"end":{"line":176,"column":32}},"loc":{"start":{"line":176,"column":37},"end":{"line":178,"column":5}},"line":176},"22":{"name":"(anonymous_22)","decl":{"start":{"line":180,"column":31},"end":{"line":180,"column":32}},"loc":{"start":{"line":180,"column":37},"end":{"line":182,"column":5}},"line":180}},"branchMap":{"0":{"loc":{"start":{"line":24,"column":22},"end":{"line":24,"column":38}},"type":"binary-expr","locations":[{"start":{"line":24,"column":22},"end":{"line":24,"column":32}},{"start":{"line":24,"column":36},"end":{"line":24,"column":38}}],"line":24},"1":{"loc":{"start":{"line":26,"column":20},"end":{"line":26,"column":48}},"type":"binary-expr","locations":[{"start":{"line":26,"column":20},"end":{"line":26,"column":39}},{"start":{"line":26,"column":43},"end":{"line":26,"column":48}}],"line":26},"2":{"loc":{"start":{"line":101,"column":8},"end":{"line":108,"column":9}},"type":"if","locations":[{"start":{"line":101,"column":8},"end":{"line":108,"column":9}},{"start":{"line":105,"column":15},"end":{"line":108,"column":9}}],"line":101},"3":{"loc":{"start":{"line":130,"column":16},"end":{"line":132,"column":17}},"type":"if","locations":[{"start":{"line":130,"column":16},"end":{"line":132,"column":17}},{"start":{},"end":{}}],"line":130},"4":{"loc":{"start":{"line":135,"column":30},"end":{"line":135,"column":62}},"type":"binary-expr","locations":[{"start":{"line":135,"column":30},"end":{"line":135,"column":35}},{"start":{"line":135,"column":39},"end":{"line":135,"column":62}}],"line":135},"5":{"loc":{"start":{"line":150,"column":12},"end":{"line":150,"column":60}},"type":"binary-expr","locations":[{"start":{"line":150,"column":12},"end":{"line":150,"column":26}},{"start":{"line":150,"column":30},"end":{"line":150,"column":60}}],"line":150},"6":{"loc":{"start":{"line":154,"column":17},"end":{"line":158,"column":17}},"type":"binary-expr","locations":[{"start":{"line":154,"column":17},"end":{"line":154,"column":31}},{"start":{"line":155,"column":20},"end":{"line":157,"column":29}}],"line":154},"7":{"loc":{"start":{"line":166,"column":18},"end":{"line":166,"column":73}},"type":"cond-expr","locations":[{"start":{"line":166,"column":35},"end":{"line":166,"column":52}},{"start":{"line":166,"column":55},"end":{"line":166,"column":73}}],"line":166},"8":{"loc":{"start":{"line":172,"column":23},"end":{"line":172,"column":93}},"type":"cond-expr","locations":[{"start":{"line":172,"column":40},"end":{"line":172,"column":64}},{"start":{"line":172,"column":67},"end":{"line":172,"column":93}}],"line":172},"9":{"loc":{"start":{"line":186,"column":13},"end":{"line":186,"column":93}},"type":"cond-expr","locations":[{"start":{"line":186,"column":29},"end":{"line":186,"column":64}},{"start":{"line":186,"column":67},"end":{"line":186,"column":93}}],"line":186},"10":{"loc":{"start":{"line":224,"column":73},"end":{"line":224,"column":107}},"type":"cond-expr","locations":[{"start":{"line":224,"column":88},"end":{"line":224,"column":94}},{"start":{"line":224,"column":97},"end":{"line":224,"column":107}}],"line":224}},"s":{"0":2,"1":0,"2":0,"3":0,"4":0,"5":0,"6":0,"7":2,"8":2,"9":2,"10":3,"11":3,"12":3,"13":3,"14":3,"15":3,"16":3,"17":3,"18":0,"19":3,"20":3,"21":3,"22":3,"23":3,"24":3,"25":3,"26":3,"27":3,"28":3,"29":3,"30":3,"31":3,"32":0,"33":0,"34":0,"35":0,"36":0,"37":0,"38":0,"39":0,"40":0,"41":3,"42":0,"43":0,"44":3,"45":0,"46":3,"47":0,"48":3,"49":0,"50":0,"51":0,"52":0,"53":0,"54":0,"55":0,"56":3,"57":0,"58":3,"59":0,"60":0,"61":0,"62":0,"63":0,"64":0,"65":0,"66":3,"67":0,"68":3,"69":0,"70":3,"71":3,"72":2},"f":{"0":0,"1":3,"2":0,"3":3,"4":2,"5":3,"6":3,"7":3,"8":3,"9":0,"10":0,"11":0,"12":0,"13":0,"14":0,"15":0,"16":0,"17":0,"18":0,"19":0,"20":0,"21":0,"22":0},"b":{"0":[0,0],"1":[0,0],"2":[0,0],"3":[0,0],"4":[0,0],"5":[0,0],"6":[0,0],"7":[0,0],"8":[0,0],"9":[3,0],"10":[0,3]},"_coverageSchema":"1a1c01bbd47fc00a2c39e90264f33305004495a9","hash":"8aa4f7d3bf09b37bc5353d49893112fe9469dfaa"}
,"/Volumes/D/mnm-robin-project/workspace/dms-ui-application/src/components/Auth/Login/index.js": {"path":"/Volumes/D/mnm-robin-project/workspace/dms-ui-application/src/components/Auth/Login/index.js","statementMap":{},"fnMap":{},"branchMap":{},"s":{},"f":{},"b":{},"_coverageSchema":"1a1c01bbd47fc00a2c39e90264f33305004495a9","hash":"834884a4a3bbeea7c319f9fc51415e657f3af0c5"}
,"/Volumes/D/mnm-robin-project/workspace/dms-ui-application/src/components/Auth/Logout/Logout.js": {"path":"/Volumes/D/mnm-robin-project/workspace/dms-ui-application/src/components/Auth/Logout/Logout.js","statementMap":{"0":{"start":{"line":12,"column":15},"end":{"line":55,"column":1}},"1":{"start":{"line":13,"column":4},"end":{"line":54,"column":6}}},"fnMap":{"0":{"name":"(anonymous_0)","decl":{"start":{"line":12,"column":15},"end":{"line":12,"column":16}},"loc":{"start":{"line":12,"column":26},"end":{"line":55,"column":1}},"line":12}},"branchMap":{},"s":{"0":0,"1":0},"f":{"0":0},"b":{}}
,"/Volumes/D/mnm-robin-project/workspace/dms-ui-application/src/components/Auth/Logout/index.js": {"path":"/Volumes/D/mnm-robin-project/workspace/dms-ui-application/src/components/Auth/Logout/index.js","statementMap":{},"fnMap":{},"branchMap":{},"s":{},"f":{},"b":{}}
,"/Volumes/D/mnm-robin-project/workspace/dms-ui-application/src/components/Auth/UpdatePassword/UpdatePassword.js": {"path":"/Volumes/D/mnm-robin-project/workspace/dms-ui-application/src/components/Auth/UpdatePassword/UpdatePassword.js","statementMap":{"0":{"start":{"line":24,"column":24},"end":{"line":35,"column":1}},"1":{"start":{"line":27,"column":8},"end":{"line":27,"column":13}},"2":{"start":{"line":29,"column":4},"end":{"line":34,"column":6}},"3":{"start":{"line":37,"column":27},"end":{"line":49,"column":2}},"4":{"start":{"line":37,"column":42},"end":{"line":49,"column":1}},"5":{"start":{"line":51,"column":27},"end":{"line":195,"column":1}},"6":{"start":{"line":52,"column":21},"end":{"line":52,"column":34}},"7":{"start":{"line":53,"column":19},"end":{"line":53,"column":33}},"8":{"start":{"line":54,"column":20},"end":{"line":54,"column":64}},"9":{"start":{"line":55,"column":44},"end":{"line":55,"column":123}},"10":{"start":{"line":56,"column":36},"end":{"line":56,"column":48}},"11":{"start":{"line":58,"column":4},"end":{"line":63,"column":23}},"12":{"start":{"line":59,"column":8},"end":{"line":61,"column":9}},"13":{"start":{"line":60,"column":12},"end":{"line":60,"column":36}},"14":{"start":{"line":65,"column":21},"end":{"line":89,"column":5}},"15":{"start":{"line":66,"column":24},"end":{"line":68,"column":9}},"16":{"start":{"line":67,"column":12},"end":{"line":67,"column":60}},"17":{"start":{"line":70,"column":26},"end":{"line":76,"column":9}},"18":{"start":{"line":71,"column":12},"end":{"line":75,"column":13}},"19":{"start":{"line":72,"column":16},"end":{"line":72,"column":35}},"20":{"start":{"line":73,"column":16},"end":{"line":73,"column":130}},"21":{"start":{"line":74,"column":16},"end":{"line":74,"column":40}},"22":{"start":{"line":78,"column":28},"end":{"line":86,"column":9}},"23":{"start":{"line":88,"column":8},"end":{"line":88,"column":30}},"24":{"start":{"line":91,"column":26},"end":{"line":93,"column":5}},"25":{"start":{"line":92,"column":8},"end":{"line":92,"column":36}},"26":{"start":{"line":95,"column":27},"end":{"line":99,"column":5}},"27":{"start":{"line":96,"column":8},"end":{"line":98,"column":15}},"28":{"start":{"line":96,"column":33},"end":{"line":96,"column":66}},"29":{"start":{"line":96,"column":85},"end":{"line":96,"column":119}},"30":{"start":{"line":96,"column":141},"end":{"line":96,"column":175}},"31":{"start":{"line":101,"column":4},"end":{"line":194,"column":6}},"32":{"start":{"line":135,"column":84},"end":{"line":135,"column":111}},"33":{"start":{"line":147,"column":88},"end":{"line":154,"column":65}},"34":{"start":{"line":149,"column":72},"end":{"line":151,"column":73}},"35":{"start":{"line":150,"column":76},"end":{"line":150,"column":101}},"36":{"start":{"line":152,"column":72},"end":{"line":152,"column":157}},"37":{"start":{"line":197,"column":30},"end":{"line":197,"column":94}}},"fnMap":{"0":{"name":"(anonymous_0)","decl":{"start":{"line":24,"column":24},"end":{"line":24,"column":25}},"loc":{"start":{"line":24,"column":35},"end":{"line":35,"column":1}},"line":24},"1":{"name":"(anonymous_1)","decl":{"start":{"line":37,"column":27},"end":{"line":37,"column":28}},"loc":{"start":{"line":37,"column":42},"end":{"line":49,"column":1}},"line":37},"2":{"name":"(anonymous_2)","decl":{"start":{"line":51,"column":27},"end":{"line":51,"column":28}},"loc":{"start":{"line":51,"column":246},"end":{"line":195,"column":1}},"line":51},"3":{"name":"(anonymous_3)","decl":{"start":{"line":51,"column":106},"end":{"line":51,"column":107}},"loc":{"start":{"line":51,"column":112},"end":{"line":51,"column":114}},"line":51},"4":{"name":"(anonymous_4)","decl":{"start":{"line":51,"column":127},"end":{"line":51,"column":128}},"loc":{"start":{"line":51,"column":133},"end":{"line":51,"column":135}},"line":51},"5":{"name":"(anonymous_5)","decl":{"start":{"line":58,"column":14},"end":{"line":58,"column":15}},"loc":{"start":{"line":58,"column":20},"end":{"line":63,"column":5}},"line":58},"6":{"name":"(anonymous_6)","decl":{"start":{"line":65,"column":21},"end":{"line":65,"column":22}},"loc":{"start":{"line":65,"column":33},"end":{"line":89,"column":5}},"line":65},"7":{"name":"(anonymous_7)","decl":{"start":{"line":66,"column":24},"end":{"line":66,"column":25}},"loc":{"start":{"line":66,"column":37},"end":{"line":68,"column":9}},"line":66},"8":{"name":"(anonymous_8)","decl":{"start":{"line":70,"column":26},"end":{"line":70,"column":27}},"loc":{"start":{"line":70,"column":35},"end":{"line":76,"column":9}},"line":70},"9":{"name":"(anonymous_9)","decl":{"start":{"line":91,"column":26},"end":{"line":91,"column":27}},"loc":{"start":{"line":91,"column":32},"end":{"line":93,"column":5}},"line":91},"10":{"name":"(anonymous_10)","decl":{"start":{"line":95,"column":27},"end":{"line":95,"column":28}},"loc":{"start":{"line":96,"column":8},"end":{"line":98,"column":15}},"line":96},"11":{"name":"(anonymous_11)","decl":{"start":{"line":96,"column":27},"end":{"line":96,"column":28}},"loc":{"start":{"line":96,"column":33},"end":{"line":96,"column":66}},"line":96},"12":{"name":"(anonymous_12)","decl":{"start":{"line":96,"column":79},"end":{"line":96,"column":80}},"loc":{"start":{"line":96,"column":85},"end":{"line":96,"column":119}},"line":96},"13":{"name":"(anonymous_13)","decl":{"start":{"line":96,"column":135},"end":{"line":96,"column":136}},"loc":{"start":{"line":96,"column":141},"end":{"line":96,"column":175}},"line":96},"14":{"name":"(anonymous_14)","decl":{"start":{"line":135,"column":77},"end":{"line":135,"column":78}},"loc":{"start":{"line":135,"column":84},"end":{"line":135,"column":111}},"line":135},"15":{"name":"(anonymous_15)","decl":{"start":{"line":147,"column":64},"end":{"line":147,"column":65}},"loc":{"start":{"line":147,"column":88},"end":{"line":154,"column":65}},"line":147},"16":{"name":"(anonymous_16)","decl":{"start":{"line":148,"column":68},"end":{"line":148,"column":69}},"loc":{"start":{"line":148,"column":88},"end":{"line":153,"column":69}},"line":148}},"branchMap":{"0":{"loc":{"start":{"line":51,"column":83},"end":{"line":51,"column":97}},"type":"default-arg","locations":[{"start":{"line":51,"column":92},"end":{"line":51,"column":97}}],"line":51},"1":{"loc":{"start":{"line":51,"column":99},"end":{"line":51,"column":114}},"type":"default-arg","locations":[{"start":{"line":51,"column":106},"end":{"line":51,"column":114}}],"line":51},"2":{"loc":{"start":{"line":51,"column":116},"end":{"line":51,"column":135}},"type":"default-arg","locations":[{"start":{"line":51,"column":127},"end":{"line":51,"column":135}}],"line":51},"3":{"loc":{"start":{"line":51,"column":137},"end":{"line":51,"column":147}},"type":"default-arg","locations":[{"start":{"line":51,"column":145},"end":{"line":51,"column":147}}],"line":51},"4":{"loc":{"start":{"line":51,"column":149},"end":{"line":51,"column":165}},"type":"default-arg","locations":[{"start":{"line":51,"column":163},"end":{"line":51,"column":165}}],"line":51},"5":{"loc":{"start":{"line":51,"column":226},"end":{"line":51,"column":239}},"type":"default-arg","locations":[{"start":{"line":51,"column":235},"end":{"line":51,"column":239}}],"line":51},"6":{"loc":{"start":{"line":59,"column":8},"end":{"line":61,"column":9}},"type":"if","locations":[{"start":{"line":59,"column":8},"end":{"line":61,"column":9}},{"start":{},"end":{}}],"line":59},"7":{"loc":{"start":{"line":71,"column":12},"end":{"line":75,"column":13}},"type":"if","locations":[{"start":{"line":71,"column":12},"end":{"line":75,"column":13}},{"start":{},"end":{}}],"line":71},"8":{"loc":{"start":{"line":97,"column":13},"end":{"line":97,"column":101}},"type":"cond-expr","locations":[{"start":{"line":97,"column":37},"end":{"line":97,"column":72}},{"start":{"line":97,"column":75},"end":{"line":97,"column":101}}],"line":97},"9":{"loc":{"start":{"line":128,"column":103},"end":{"line":128,"column":150}},"type":"cond-expr","locations":[{"start":{"line":128,"column":131},"end":{"line":128,"column":137}},{"start":{"line":128,"column":140},"end":{"line":128,"column":150}}],"line":128},"10":{"loc":{"start":{"line":135,"column":149},"end":{"line":135,"column":196}},"type":"cond-expr","locations":[{"start":{"line":135,"column":177},"end":{"line":135,"column":183}},{"start":{"line":135,"column":186},"end":{"line":135,"column":196}}],"line":135},"11":{"loc":{"start":{"line":149,"column":72},"end":{"line":151,"column":73}},"type":"if","locations":[{"start":{"line":149,"column":72},"end":{"line":151,"column":73}},{"start":{},"end":{}}],"line":149},"12":{"loc":{"start":{"line":149,"column":76},"end":{"line":149,"column":124}},"type":"binary-expr","locations":[{"start":{"line":149,"column":76},"end":{"line":149,"column":82}},{"start":{"line":149,"column":86},"end":{"line":149,"column":124}}],"line":149},"13":{"loc":{"start":{"line":158,"column":103},"end":{"line":158,"column":157}},"type":"cond-expr","locations":[{"start":{"line":158,"column":138},"end":{"line":158,"column":144}},{"start":{"line":158,"column":147},"end":{"line":158,"column":157}}],"line":158},"14":{"loc":{"start":{"line":173,"column":61},"end":{"line":179,"column":61}},"type":"cond-expr","locations":[{"start":{"line":174,"column":64},"end":{"line":176,"column":71}},{"start":{"line":178,"column":64},"end":{"line":178,"column":109}}],"line":173}},"s":{"0":1,"1":0,"2":0,"3":1,"4":0,"5":1,"6":8,"7":8,"8":8,"9":8,"10":8,"11":8,"12":2,"13":2,"14":8,"15":1,"16":0,"17":1,"18":0,"19":0,"20":0,"21":0,"22":1,"23":1,"24":8,"25":0,"26":8,"27":24,"28":0,"29":0,"30":0,"31":8,"32":3,"33":6,"34":6,"35":4,"36":2,"37":1},"f":{"0":0,"1":0,"2":8,"3":0,"4":0,"5":2,"6":1,"7":0,"8":0,"9":0,"10":24,"11":0,"12":0,"13":0,"14":3,"15":6,"16":6},"b":{"0":[8],"1":[8],"2":[8],"3":[8],"4":[8],"5":[8],"6":[2,0],"7":[0,0],"8":[24,0],"9":[0,8],"10":[0,8],"11":[4,2],"12":[6,4],"13":[0,8],"14":[0,8]},"_coverageSchema":"1a1c01bbd47fc00a2c39e90264f33305004495a9","hash":"6448e0ccaabc4fb9c87d080e9910e5af477a7998"}
,"/Volumes/D/mnm-robin-project/workspace/dms-ui-application/src/components/Auth/UpdatePassword/index.js": {"path":"/Volumes/D/mnm-robin-project/workspace/dms-ui-application/src/components/Auth/UpdatePassword/index.js","statementMap":{},"fnMap":{},"branchMap":{},"s":{},"f":{},"b":{}}
,"/Volumes/D/mnm-robin-project/workspace/dms-ui-application/src/components/Dashboard/Dashboard.js": {"path":"/Volumes/D/mnm-robin-project/workspace/dms-ui-application/src/components/Dashboard/Dashboard.js","statementMap":{"0":{"start":{"line":14,"column":19},"end":{"line":14,"column":24}},"1":{"start":{"line":16,"column":24},"end":{"line":28,"column":1}},"2":{"start":{"line":22,"column":8},"end":{"line":22,"column":13}},"3":{"start":{"line":24,"column":4},"end":{"line":27,"column":6}},"4":{"start":{"line":30,"column":22},"end":{"line":323,"column":1}},"5":{"start":{"line":31,"column":21},"end":{"line":31,"column":50}},"6":{"start":{"line":31,"column":32},"end":{"line":31,"column":50}},"7":{"start":{"line":32,"column":22},"end":{"line":32,"column":24}},"8":{"start":{"line":34,"column":4},"end":{"line":322,"column":6}},"9":{"start":{"line":325,"column":25},"end":{"line":325,"column":70}}},"fnMap":{"0":{"name":"(anonymous_0)","decl":{"start":{"line":16,"column":24},"end":{"line":16,"column":25}},"loc":{"start":{"line":16,"column":35},"end":{"line":28,"column":1}},"line":16},"1":{"name":"(anonymous_1)","decl":{"start":{"line":30,"column":22},"end":{"line":30,"column":23}},"loc":{"start":{"line":30,"column":37},"end":{"line":323,"column":1}},"line":30},"2":{"name":"(anonymous_2)","decl":{"start":{"line":31,"column":21},"end":{"line":31,"column":22}},"loc":{"start":{"line":31,"column":32},"end":{"line":31,"column":50}},"line":31}},"branchMap":{"0":{"loc":{"start":{"line":19,"column":27},"end":{"line":19,"column":44}},"type":"default-arg","locations":[{"start":{"line":19,"column":39},"end":{"line":19,"column":44}}],"line":19},"1":{"loc":{"start":{"line":20,"column":28},"end":{"line":20,"column":46}},"type":"default-arg","locations":[{"start":{"line":20,"column":44},"end":{"line":20,"column":46}}],"line":20},"2":{"loc":{"start":{"line":26,"column":19},"end":{"line":26,"column":49}},"type":"binary-expr","locations":[{"start":{"line":26,"column":19},"end":{"line":26,"column":43}},{"start":{"line":26,"column":47},"end":{"line":26,"column":49}}],"line":26}},"s":{"0":1,"1":1,"2":0,"3":0,"4":1,"5":2,"6":0,"7":2,"8":2,"9":1},"f":{"0":0,"1":2,"2":0},"b":{"0":[0],"1":[0],"2":[0,0]},"_coverageSchema":"1a1c01bbd47fc00a2c39e90264f33305004495a9","hash":"0d380b2d70f1f2322f87103267b1196453f7a6e5"}
,"/Volumes/D/mnm-robin-project/workspace/dms-ui-application/src/components/Dashboard/DashboardSkelton.js": {"path":"/Volumes/D/mnm-robin-project/workspace/dms-ui-application/src/components/Dashboard/DashboardSkelton.js","statementMap":{"0":{"start":{"line":9,"column":29},"end":{"line":51,"column":1}},"1":{"start":{"line":10,"column":4},"end":{"line":50,"column":6}},"2":{"start":{"line":53,"column":32},"end":{"line":53,"column":52}}},"fnMap":{"0":{"name":"(anonymous_0)","decl":{"start":{"line":9,"column":29},"end":{"line":9,"column":30}},"loc":{"start":{"line":9,"column":35},"end":{"line":51,"column":1}},"line":9}},"branchMap":{},"s":{"0":0,"1":0,"2":0},"f":{"0":0},"b":{}}
,"/Volumes/D/mnm-robin-project/workspace/dms-ui-application/src/components/Layout/Layout.js": {"path":"/Volumes/D/mnm-robin-project/workspace/dms-ui-application/src/components/Layout/Layout.js","statementMap":{"0":{"start":{"line":6,"column":15},"end":{"line":6,"column":83}},"1":{"start":{"line":6,"column":33},"end":{"line":6,"column":83}},"2":{"start":{"line":8,"column":20},"end":{"line":8,"column":90}},"3":{"start":{"line":8,"column":38},"end":{"line":8,"column":90}},"4":{"start":{"line":10,"column":17},"end":{"line":10,"column":93}},"5":{"start":{"line":10,"column":35},"end":{"line":10,"column":93}},"6":{"start":{"line":14,"column":17},"end":{"line":14,"column":89}},"7":{"start":{"line":14,"column":35},"end":{"line":14,"column":89}},"8":{"start":{"line":16,"column":19},"end":{"line":16,"column":187}},"9":{"start":{"line":16,"column":37},"end":{"line":16,"column":187}},"10":{"start":{"line":18,"column":15},"end":{"line":28,"column":1}},"11":{"start":{"line":19,"column":4},"end":{"line":27,"column":10}},"12":{"start":{"line":30,"column":15},"end":{"line":42,"column":1}},"13":{"start":{"line":31,"column":4},"end":{"line":41,"column":10}},"14":{"start":{"line":44,"column":20},"end":{"line":56,"column":1}},"15":{"start":{"line":45,"column":4},"end":{"line":55,"column":10}},"16":{"start":{"line":58,"column":0},"end":{"line":58,"column":23}},"17":{"start":{"line":59,"column":0},"end":{"line":59,"column":27}},"18":{"start":{"line":60,"column":0},"end":{"line":60,"column":32}},"19":{"start":{"line":61,"column":0},"end":{"line":61,"column":23}},"20":{"start":{"line":62,"column":0},"end":{"line":62,"column":27}},"21":{"start":{"line":63,"column":0},"end":{"line":63,"column":31}},"22":{"start":{"line":65,"column":0},"end":{"line":65,"column":33}},"23":{"start":{"line":66,"column":0},"end":{"line":66,"column":37}}},"fnMap":{"0":{"name":"(anonymous_0)","decl":{"start":{"line":6,"column":15},"end":{"line":6,"column":16}},"loc":{"start":{"line":6,"column":33},"end":{"line":6,"column":83}},"line":6},"1":{"name":"(anonymous_1)","decl":{"start":{"line":8,"column":20},"end":{"line":8,"column":21}},"loc":{"start":{"line":8,"column":38},"end":{"line":8,"column":90}},"line":8},"2":{"name":"(anonymous_2)","decl":{"start":{"line":10,"column":17},"end":{"line":10,"column":18}},"loc":{"start":{"line":10,"column":35},"end":{"line":10,"column":93}},"line":10},"3":{"name":"(anonymous_3)","decl":{"start":{"line":14,"column":17},"end":{"line":14,"column":18}},"loc":{"start":{"line":14,"column":35},"end":{"line":14,"column":89}},"line":14},"4":{"name":"(anonymous_4)","decl":{"start":{"line":16,"column":19},"end":{"line":16,"column":20}},"loc":{"start":{"line":16,"column":37},"end":{"line":16,"column":187}},"line":16},"5":{"name":"(anonymous_5)","decl":{"start":{"line":18,"column":15},"end":{"line":18,"column":16}},"loc":{"start":{"line":19,"column":4},"end":{"line":27,"column":10}},"line":19},"6":{"name":"(anonymous_6)","decl":{"start":{"line":30,"column":15},"end":{"line":30,"column":16}},"loc":{"start":{"line":31,"column":4},"end":{"line":41,"column":10}},"line":31},"7":{"name":"(anonymous_7)","decl":{"start":{"line":44,"column":20},"end":{"line":44,"column":21}},"loc":{"start":{"line":45,"column":4},"end":{"line":55,"column":10}},"line":45}},"branchMap":{},"s":{"0":0,"1":0,"2":0,"3":0,"4":0,"5":0,"6":0,"7":0,"8":0,"9":0,"10":0,"11":0,"12":0,"13":0,"14":0,"15":0,"16":0,"17":0,"18":0,"19":0,"20":0,"21":0,"22":0,"23":0},"f":{"0":0,"1":0,"2":0,"3":0,"4":0,"5":0,"6":0,"7":0},"b":{}}
,"/Volumes/D/mnm-robin-project/workspace/dms-ui-application/src/components/Layout/index.js": {"path":"/Volumes/D/mnm-robin-project/workspace/dms-ui-application/src/components/Layout/index.js","statementMap":{},"fnMap":{},"branchMap":{},"s":{},"f":{},"b":{}}
,"/Volumes/D/mnm-robin-project/workspace/dms-ui-application/src/components/Splash/Splash.js": {"path":"/Volumes/D/mnm-robin-project/workspace/dms-ui-application/src/components/Splash/Splash.js","statementMap":{"0":{"start":{"line":7,"column":22},"end":{"line":58,"column":1}},"1":{"start":{"line":8,"column":38},"end":{"line":8,"column":53}},"2":{"start":{"line":9,"column":30},"end":{"line":9,"column":45}},"3":{"start":{"line":11,"column":4},"end":{"line":15,"column":11}},"4":{"start":{"line":12,"column":8},"end":{"line":14,"column":17}},"5":{"start":{"line":13,"column":12},"end":{"line":13,"column":31}},"6":{"start":{"line":17,"column":4},"end":{"line":21,"column":11}},"7":{"start":{"line":18,"column":8},"end":{"line":20,"column":16}},"8":{"start":{"line":19,"column":12},"end":{"line":19,"column":27}},"9":{"start":{"line":22,"column":4},"end":{"line":57,"column":6}}},"fnMap":{"0":{"name":"(anonymous_0)","decl":{"start":{"line":7,"column":22},"end":{"line":7,"column":23}},"loc":{"start":{"line":7,"column":28},"end":{"line":58,"column":1}},"line":7},"1":{"name":"(anonymous_1)","decl":{"start":{"line":11,"column":14},"end":{"line":11,"column":15}},"loc":{"start":{"line":11,"column":20},"end":{"line":15,"column":5}},"line":11},"2":{"name":"(anonymous_2)","decl":{"start":{"line":12,"column":19},"end":{"line":12,"column":20}},"loc":{"start":{"line":12,"column":25},"end":{"line":14,"column":9}},"line":12},"3":{"name":"(anonymous_3)","decl":{"start":{"line":17,"column":14},"end":{"line":17,"column":15}},"loc":{"start":{"line":17,"column":20},"end":{"line":21,"column":5}},"line":17},"4":{"name":"(anonymous_4)","decl":{"start":{"line":18,"column":19},"end":{"line":18,"column":20}},"loc":{"start":{"line":18,"column":25},"end":{"line":20,"column":9}},"line":18}},"branchMap":{"0":{"loc":{"start":{"line":31,"column":66},"end":{"line":31,"column":111}},"type":"cond-expr","locations":[{"start":{"line":31,"column":78},"end":{"line":31,"column":93}},{"start":{"line":31,"column":96},"end":{"line":31,"column":111}}],"line":31},"1":{"loc":{"start":{"line":32,"column":66},"end":{"line":32,"column":111}},"type":"cond-expr","locations":[{"start":{"line":32,"column":78},"end":{"line":32,"column":93}},{"start":{"line":32,"column":96},"end":{"line":32,"column":111}}],"line":32},"2":{"loc":{"start":{"line":33,"column":66},"end":{"line":33,"column":107}},"type":"cond-expr","locations":[{"start":{"line":33,"column":74},"end":{"line":33,"column":89}},{"start":{"line":33,"column":92},"end":{"line":33,"column":107}}],"line":33},"3":{"loc":{"start":{"line":34,"column":66},"end":{"line":34,"column":111}},"type":"cond-expr","locations":[{"start":{"line":34,"column":78},"end":{"line":34,"column":93}},{"start":{"line":34,"column":96},"end":{"line":34,"column":111}}],"line":34},"4":{"loc":{"start":{"line":35,"column":66},"end":{"line":35,"column":111}},"type":"cond-expr","locations":[{"start":{"line":35,"column":78},"end":{"line":35,"column":93}},{"start":{"line":35,"column":96},"end":{"line":35,"column":111}}],"line":35}},"s":{"0":1,"1":2,"2":2,"3":2,"4":2,"5":0,"6":2,"7":2,"8":0,"9":2},"f":{"0":2,"1":2,"2":0,"3":2,"4":0},"b":{"0":[0,2],"1":[0,2],"2":[0,2],"3":[0,2],"4":[0,2]},"_coverageSchema":"1a1c01bbd47fc00a2c39e90264f33305004495a9","hash":"5e21cd9531cac23fcc262960d3da37bd72d23372"}
,"/Volumes/D/mnm-robin-project/workspace/dms-ui-application/src/components/Splash/index.js": {"path":"/Volumes/D/mnm-robin-project/workspace/dms-ui-application/src/components/Splash/index.js","statementMap":{},"fnMap":{},"branchMap":{},"s":{},"f":{},"b":{}}
,"/Volumes/D/mnm-robin-project/workspace/dms-ui-application/src/components/common/LeftPanel.js": {"path":"/Volumes/D/mnm-robin-project/workspace/dms-ui-application/src/components/common/LeftPanel.js","statementMap":{"0":{"start":{"line":5,"column":18},"end":{"line":114,"column":1}},"1":{"start":{"line":6,"column":90},"end":{"line":6,"column":95}},"2":{"start":{"line":7,"column":59},"end":{"line":7,"column":64}},"3":{"start":{"line":8,"column":44},"end":{"line":8,"column":49}},"4":{"start":{"line":10,"column":44},"end":{"line":10,"column":56}},"5":{"start":{"line":11,"column":52},"end":{"line":11,"column":66}},"6":{"start":{"line":13,"column":21},"end":{"line":16,"column":5}},"7":{"start":{"line":14,"column":8},"end":{"line":14,"column":41}},"8":{"start":{"line":15,"column":8},"end":{"line":15,"column":35}},"9":{"start":{"line":18,"column":21},"end":{"line":18,"column":23}},"10":{"start":{"line":19,"column":25},"end":{"line":30,"column":5}},"11":{"start":{"line":20,"column":8},"end":{"line":29,"column":9}},"12":{"start":{"line":20,"column":21},"end":{"line":20,"column":22}},"13":{"start":{"line":21,"column":25},"end":{"line":21,"column":32}},"14":{"start":{"line":22,"column":12},"end":{"line":25,"column":15}},"15":{"start":{"line":26,"column":12},"end":{"line":28,"column":13}},"16":{"start":{"line":27,"column":16},"end":{"line":27,"column":57}},"17":{"start":{"line":32,"column":4},"end":{"line":32,"column":39}},"18":{"start":{"line":33,"column":25},"end":{"line":46,"column":5}},"19":{"start":{"line":35,"column":8},"end":{"line":44,"column":9}},"20":{"start":{"line":35,"column":21},"end":{"line":35,"column":22}},"21":{"start":{"line":36,"column":25},"end":{"line":36,"column":32}},"22":{"start":{"line":37,"column":12},"end":{"line":43,"column":13}},"23":{"start":{"line":38,"column":16},"end":{"line":42,"column":17}},"24":{"start":{"line":38,"column":62},"end":{"line":38,"column":91}},"25":{"start":{"line":39,"column":20},"end":{"line":39,"column":54}},"26":{"start":{"line":40,"column":23},"end":{"line":42,"column":17}},"27":{"start":{"line":41,"column":20},"end":{"line":41,"column":78}},"28":{"start":{"line":45,"column":8},"end":{"line":45,"column":25}},"29":{"start":{"line":48,"column":4},"end":{"line":61,"column":22}},"30":{"start":{"line":49,"column":32},"end":{"line":56,"column":73}},"31":{"start":{"line":51,"column":16},"end":{"line":53,"column":17}},"32":{"start":{"line":52,"column":20},"end":{"line":52,"column":72}},"33":{"start":{"line":54,"column":16},"end":{"line":54,"column":28}},"34":{"start":{"line":56,"column":39},"end":{"line":56,"column":72}},"35":{"start":{"line":57,"column":8},"end":{"line":57,"column":60}},"36":{"start":{"line":58,"column":8},"end":{"line":58,"column":36}},"37":{"start":{"line":59,"column":8},"end":{"line":59,"column":34}},"38":{"start":{"line":63,"column":29},"end":{"line":63,"column":89}},"39":{"start":{"line":65,"column":26},"end":{"line":97,"column":43}},"40":{"start":{"line":66,"column":21},"end":{"line":95,"column":14}},"41":{"start":{"line":67,"column":12},"end":{"line":95,"column":14}},"42":{"start":{"line":68,"column":33},"end":{"line":68,"column":56}},"43":{"start":{"line":69,"column":30},"end":{"line":69,"column":60}},"44":{"start":{"line":70,"column":34},"end":{"line":70,"column":63}},"45":{"start":{"line":71,"column":33},"end":{"line":71,"column":77}},"46":{"start":{"line":73,"column":20},"end":{"line":83,"column":21}},"47":{"start":{"line":84,"column":16},"end":{"line":90,"column":17}},"48":{"start":{"line":85,"column":20},"end":{"line":89,"column":22}},"49":{"start":{"line":91,"column":16},"end":{"line":94,"column":18}},"50":{"start":{"line":96,"column":8},"end":{"line":96,"column":30}},"51":{"start":{"line":99,"column":4},"end":{"line":113,"column":6}}},"fnMap":{"0":{"name":"(anonymous_0)","decl":{"start":{"line":5,"column":18},"end":{"line":5,"column":19}},"loc":{"start":{"line":5,"column":29},"end":{"line":114,"column":1}},"line":5},"1":{"name":"(anonymous_1)","decl":{"start":{"line":13,"column":21},"end":{"line":13,"column":22}},"loc":{"start":{"line":13,"column":42},"end":{"line":16,"column":5}},"line":13},"2":{"name":"(anonymous_2)","decl":{"start":{"line":19,"column":25},"end":{"line":19,"column":26}},"loc":{"start":{"line":19,"column":35},"end":{"line":30,"column":5}},"line":19},"3":{"name":"(anonymous_3)","decl":{"start":{"line":33,"column":25},"end":{"line":33,"column":26}},"loc":{"start":{"line":33,"column":40},"end":{"line":46,"column":5}},"line":33},"4":{"name":"(anonymous_4)","decl":{"start":{"line":38,"column":52},"end":{"line":38,"column":53}},"loc":{"start":{"line":38,"column":62},"end":{"line":38,"column":91}},"line":38},"5":{"name":"(anonymous_5)","decl":{"start":{"line":48,"column":14},"end":{"line":48,"column":15}},"loc":{"start":{"line":48,"column":20},"end":{"line":61,"column":5}},"line":48},"6":{"name":"(anonymous_6)","decl":{"start":{"line":50,"column":18},"end":{"line":50,"column":19}},"loc":{"start":{"line":50,"column":28},"end":{"line":55,"column":13}},"line":50},"7":{"name":"(anonymous_7)","decl":{"start":{"line":56,"column":20},"end":{"line":56,"column":21}},"loc":{"start":{"line":56,"column":39},"end":{"line":56,"column":72}},"line":56},"8":{"name":"(anonymous_8)","decl":{"start":{"line":65,"column":34},"end":{"line":65,"column":35}},"loc":{"start":{"line":65,"column":40},"end":{"line":97,"column":5}},"line":65},"9":{"name":"(anonymous_9)","decl":{"start":{"line":66,"column":21},"end":{"line":66,"column":22}},"loc":{"start":{"line":67,"column":12},"end":{"line":95,"column":14}},"line":67},"10":{"name":"(anonymous_10)","decl":{"start":{"line":67,"column":22},"end":{"line":67,"column":23}},"loc":{"start":{"line":67,"column":32},"end":{"line":95,"column":13}},"line":67}},"branchMap":{"0":{"loc":{"start":{"line":26,"column":12},"end":{"line":28,"column":13}},"type":"if","locations":[{"start":{"line":26,"column":12},"end":{"line":28,"column":13}},{"start":{},"end":{}}],"line":26},"1":{"loc":{"start":{"line":32,"column":4},"end":{"line":32,"column":38}},"type":"binary-expr","locations":[{"start":{"line":32,"column":4},"end":{"line":32,"column":12}},{"start":{"line":32,"column":16},"end":{"line":32,"column":38}}],"line":32},"2":{"loc":{"start":{"line":37,"column":12},"end":{"line":43,"column":13}},"type":"if","locations":[{"start":{"line":37,"column":12},"end":{"line":43,"column":13}},{"start":{},"end":{}}],"line":37},"3":{"loc":{"start":{"line":38,"column":16},"end":{"line":42,"column":17}},"type":"if","locations":[{"start":{"line":38,"column":16},"end":{"line":42,"column":17}},{"start":{"line":40,"column":23},"end":{"line":42,"column":17}}],"line":38},"4":{"loc":{"start":{"line":40,"column":23},"end":{"line":42,"column":17}},"type":"if","locations":[{"start":{"line":40,"column":23},"end":{"line":42,"column":17}},{"start":{},"end":{}}],"line":40},"5":{"loc":{"start":{"line":51,"column":16},"end":{"line":53,"column":17}},"type":"if","locations":[{"start":{"line":51,"column":16},"end":{"line":53,"column":17}},{"start":{},"end":{}}],"line":51},"6":{"loc":{"start":{"line":56,"column":39},"end":{"line":56,"column":72}},"type":"binary-expr","locations":[{"start":{"line":56,"column":39},"end":{"line":56,"column":43}},{"start":{"line":56,"column":47},"end":{"line":56,"column":72}}],"line":56},"7":{"loc":{"start":{"line":57,"column":24},"end":{"line":57,"column":58}},"type":"cond-expr","locations":[{"start":{"line":57,"column":38},"end":{"line":57,"column":53}},{"start":{"line":57,"column":56},"end":{"line":57,"column":58}}],"line":57},"8":{"loc":{"start":{"line":63,"column":29},"end":{"line":63,"column":89}},"type":"cond-expr","locations":[{"start":{"line":63,"column":49},"end":{"line":63,"column":68}},{"start":{"line":63,"column":71},"end":{"line":63,"column":89}}],"line":63},"9":{"loc":{"start":{"line":73,"column":20},"end":{"line":83,"column":21}},"type":"cond-expr","locations":[{"start":{"line":74,"column":24},"end":{"line":80,"column":31}},{"start":{"line":82,"column":24},"end":{"line":82,"column":47}}],"line":73},"10":{"loc":{"start":{"line":84,"column":16},"end":{"line":90,"column":17}},"type":"if","locations":[{"start":{"line":84,"column":16},"end":{"line":90,"column":17}},{"start":{},"end":{}}],"line":84},"11":{"loc":{"start":{"line":101,"column":13},"end":{"line":111,"column":25}},"type":"cond-expr","locations":[{"start":{"line":102,"column":16},"end":{"line":110,"column":22}},{"start":{"line":111,"column":16},"end":{"line":111,"column":25}}],"line":101},"12":{"loc":{"
[...]
line":314,"column":17}},{"start":{},"end":{}}],"line":312},"21":{"loc":{"start":{"line":315,"column":16},"end":{"line":321,"column":17}},"type":"if","locations":[{"start":{"line":315,"column":16},"end":{"line":321,"column":17}},{"start":{},"end":{}}],"line":315},"22":{"loc":{"start":{"line":316,"column":20},"end":{"line":320,"column":21}},"type":"if","locations":[{"start":{"line":316,"column":20},"end":{"line":320,"column":21}},{"start":{"line":318,"column":27},"end":{"line":320,"column":21}}],"line":316},"23":{"loc":{"start":{"line":335,"column":16},"end":{"line":339,"column":17}},"type":"if","locations":[{"start":{"line":335,"column":16},"end":{"line":339,"column":17}},{"start":{},"end":{}}],"line":335},"24":{"loc":{"start":{"line":382,"column":16},"end":{"line":386,"column":17}},"type":"if","locations":[{"start":{"line":382,"column":16},"end":{"line":386,"column":17}},{"start":{},"end":{}}],"line":382},"25":{"loc":{"start":{"line":383,"column":20},"end":{"line":385,"column":21}},"type":"if","locations":[{"start":{"line":383,"column":20},"end":{"line":385,"column":21}},{"start":{},"end":{}}],"line":383},"26":{"loc":{"start":{"line":410,"column":15},"end":{"line":452,"column":9}},"type":"cond-expr","locations":[{"start":{"line":411,"column":12},"end":{"line":430,"column":18}},{"start":{"line":432,"column":12},"end":{"line":451,"column":18}}],"line":410},"27":{"loc":{"start":{"line":458,"column":21},"end":{"line":458,"column":133}},"type":"cond-expr","locations":[{"start":{"line":458,"column":41},"end":{"line":458,"column":86}},{"start":{"line":458,"column":89},"end":{"line":458,"column":133}}],"line":458},"28":{"loc":{"start":{"line":462,"column":17},"end":{"line":476,"column":29}},"type":"cond-expr","locations":[{"start":{"line":463,"column":20},"end":{"line":475,"column":26}},{"start":{"line":476,"column":20},"end":{"line":476,"column":29}}],"line":462},"29":{"loc":{"start":{"line":463,"column":45},"end":{"line":463,"column":72}},"type":"cond-expr","locations":[{"start":{"line":463,"column":66},"end":{"line":463,"column":67}},{"start":{"line":463,"column":70},"end":{"line":463,"column":72}}],"line":463},"30":{"loc":{"start":{"line":463,"column":78},"end":{"line":463,"column":104}},"type":"cond-expr","locations":[{"start":{"line":463,"column":99},"end":{"line":463,"column":100}},{"start":{"line":463,"column":103},"end":{"line":463,"column":104}}],"line":463},"31":{"loc":{"start":{"line":463,"column":110},"end":{"line":463,"column":136}},"type":"cond-expr","locations":[{"start":{"line":463,"column":131},"end":{"line":463,"column":132}},{"start":{"line":463,"column":135},"end":{"line":463,"column":136}}],"line":463},"32":{"loc":{"start":{"line":463,"column":143},"end":{"line":463,"column":169}},"type":"cond-expr","locations":[{"start":{"line":463,"column":164},"end":{"line":463,"column":165}},{"start":{"line":463,"column":168},"end":{"line":463,"column":169}}],"line":463},"33":{"loc":{"start":{"line":477,"column":57},"end":{"line":477,"column":85}},"type":"cond-expr","locations":[{"start":{"line":477,"column":78},"end":{"line":477,"column":80}},{"start":{"line":477,"column":83},"end":{"line":477,"column":85}}],"line":477},"34":{"loc":{"start":{"line":477,"column":92},"end":{"line":477,"column":120}},"type":"cond-expr","locations":[{"start":{"line":477,"column":113},"end":{"line":477,"column":115}},{"start":{"line":477,"column":118},"end":{"line":477,"column":120}}],"line":477},"35":{"loc":{"start":{"line":479,"column":25},"end":{"line":502,"column":25}},"type":"cond-expr","locations":[{"start":{"line":480,"column":28},"end":{"line":485,"column":34}},{"start":{"line":487,"column":28},"end":{"line":501,"column":34}}],"line":479}},"s":{"0":0,"1":0,"2":0,"3":0,"4":0,"5":0,"6":0,"7":0,"8":0,"9":0,"10":0,"11":0,"12":0,"13":0,"14":0,"15":0,"16":0,"17":0,"18":0,"19":0,"20":0,"21":0,"22":0,"23":0,"24":0,"25":0,"26":0,"27":0,"28":0,"29":0,"30":0,"31":0,"32":0,"33":0,"34":0,"35":0,"36":0,"37":0,"38":0,"39":0,"40":0,"41":0,"42":0,"43":0,"44":0,"45":0,"46":0,"47":0,"48":0,"49":0,"50":0,"51":0,"52":0,"53":0,"54":0,"55":0,"56":0,"57":0,"58":0,"59":0,"60":0,"61":0,"62":0,"63":0,"64":0,"65":0,"66":0,"67":0,"68":0,"69":0,"70":0,"71":0,"72":0,"73":0,"74":0,"75":0,"76":0,"77":0,"78":0,"79":0,"80":0,"81":0,"82":0,"83":0,"84":0,"85":0,"86":0,"87":0,"88":0,"89":0,"90":0,"91":0,"92":0,"93":0,"94":0,"95":0,"96":0,"97":0,"98":0,"99":0,"100":0,"101":0,"102":0,"103":0,"104":0,"105":0,"106":0,"107":0,"108":0,"109":0,"110":0,"111":0,"112":0,"113":0,"114":0,"115":0,"116":0,"117":0,"118":0,"119":0,"120":0,"121":0,"122":0,"123":0,"124":0,"125":0,"126":0,"127":0,"128":0,"129":0,"130":0,"131":0,"132":0,"133":0,"134":0,"135":0,"136":0,"137":0,"138":0,"139":0,"140":0,"141":0,"142":0,"143":0,"144":0},"f":{"0":0,"1":0,"2":0,"3":0,"4":0,"5":0,"6":0,"7":0,"8":0,"9":0,"10":0,"11":0,"12":0,"13":0,"14":0,"15":0,"16":0,"17":0,"18":0,"19":0,"20":0,"21":0,"22":0,"23":0,"24":0,"25":0,"26":0,"27":0,"28":0,"29":0,"30":0,"31":0,"32":0,"33":0},"b":{"0":[0],"1":[0],"2":[0],"3":[0],"4":[0,0],"5":[0,0],"6":[0,0],"7":[0,0],"8":[0,0],"9":[0,0],"10":[0,0],"11":[0,0],"12":[0,0],"13":[0,0],"14":[0,0],"15":[0,0],"16":[0,0],"17":[0,0],"18":[0,0],"19":[0,0],"20":[0,0],"21":[0,0],"22":[0,0],"23":[0,0],"24":[0,0],"25":[0,0],"26":[0,0],"27":[0,0],"28":[0,0],"29":[0,0],"30":[0,0],"31":[0,0],"32":[0,0],"33":[0,0],"34":[0,0],"35":[0,0]}}
,"/Volumes/D/mnm-robin-project/workspace/dms-ui-application/src/components/common/RoleManagement/Tree.js": {"path":"/Volumes/D/mnm-robin-project/workspace/dms-ui-application/src/components/common/RoleManagement/Tree.js","statementMap":{"0":{"start":{"line":5,"column":16},"end":{"line":5,"column":18}},"1":{"start":{"line":6,"column":17},"end":{"line":31,"column":1}},"2":{"start":{"line":7,"column":44},"end":{"line":7,"column":56}},"3":{"start":{"line":8,"column":42},"end":{"line":8,"column":54}},"4":{"start":{"line":9,"column":44},"end":{"line":9,"column":56}},"5":{"start":{"line":10,"column":52},"end":{"line":10,"column":66}},"6":{"start":{"line":11,"column":21},"end":{"line":16,"column":5}},"7":{"start":{"line":14,"column":8},"end":{"line":14,"column":43}},"8":{"start":{"line":15,"column":8},"end":{"line":15,"column":35}},"9":{"start":{"line":17,"column":20},"end":{"line":20,"column":5}},"10":{"start":{"line":18,"column":8},"end":{"line":18,"column":41}},"11":{"start":{"line":19,"column":8},"end":{"line":19,"column":41}},"12":{"start":{"line":21,"column":21},"end":{"line":23,"column":5}},"13":{"start":{"line":22,"column":8},"end":{"line":22,"column":43}},"14":{"start":{"line":24,"column":4},"end":{"line":30,"column":6}}},"fnMap":{"0":{"name":"(anonymous_0)","decl":{"start":{"line":6,"column":17},"end":{"line":6,"column":18}},"loc":{"start":{"line":6,"column":23},"end":{"line":31,"column":1}},"line":6},"1":{"name":"(anonymous_1)","decl":{"start":{"line":11,"column":21},"end":{"line":11,"column":22}},"loc":{"start":{"line":11,"column":44},"end":{"line":16,"column":5}},"line":11},"2":{"name":"(anonymous_2)","decl":{"start":{"line":17,"column":20},"end":{"line":17,"column":21}},"loc":{"start":{"line":17,"column":42},"end":{"line":20,"column":5}},"line":17},"3":{"name":"(anonymous_3)","decl":{"start":{"line":21,"column":21},"end":{"line":21,"column":22}},"loc":{"start":{"line":21,"column":50},"end":{"line":23,"column":5}},"line":21}},"branchMap":{},"s":{"0":0,"1":0,"2":0,"3":0,"4":0,"5":0,"6":0,"7":0,"8":0,"9":0,"10":0,"11":0,"12":0,"13":0,"14":0},"f":{"0":0,"1":0,"2":0,"3":0},"b":{}}
,"/Volumes/D/mnm-robin-project/workspace/dms-ui-application/src/components/common/RoleManagement/ViewRoleManagement.js": {"path":"/Volumes/D/mnm-robin-project/workspace/dms-ui-application/src/components/common/RoleManagement/ViewRoleManagement.js","statementMap":{"0":{"start":{"line":4,"column":31},"end":{"line":24,"column":1}},"1":{"start":{"line":5,"column":22},"end":{"line":11,"column":5}},"2":{"start":{"line":12,"column":4},"end":{"line":23,"column":6}},"3":{"start":{"line":26,"column":34},"end":{"line":26,"column":56}}},"fnMap":{"0":{"name":"(anonymous_0)","decl":{"start":{"line":4,"column":31},"end":{"line":4,"column":32}},"loc":{"start":{"line":4,"column":57},"end":{"line":24,"column":1}},"line":4}},"branchMap":{"0":{"loc":{"start":{"line":19,"column":55},"end":{"line":19,"column":103}},"type":"cond-expr","locations":[{"start":{"line":19,"column":82},"end":{"line":19,"column":90}},{"start":{"line":19,"column":93},"end":{"line":19,"column":103}}],"line":19}},"s":{"0":0,"1":0,"2":0,"3":0},"f":{"0":0},"b":{"0":[0,0]}}
,"/Volumes/D/mnm-robin-project/workspace/dms-ui-application/src/components/common/RoleManagement/index.js": {"path":"/Volumes/D/mnm-robin-project/workspace/dms-ui-application/src/components/common/RoleManagement/index.js","statementMap":{},"fnMap":{},"branchMap":{},"s":{},"f":{},"b":{}}
,"/Volumes/D/mnm-robin-project/workspace/dms-ui-application/src/components/common/Skeleton/CardSkeleton.js": {"path":"/Volumes/D/mnm-robin-project/workspace/dms-ui-application/src/components/common/Skeleton/CardSkeleton.js","statementMap":{"0":{"start":{"line":5,"column":28},"end":{"line":25,"column":1}},"1":{"start":{"line":6,"column":18},"end":{"line":6,"column":25}},"2":{"start":{"line":7,"column":4},"end":{"line":24,"column":6}}},"fnMap":{"0":{"name":"(anonymous_0)","decl":{"start":{"line":5,"column":28},"end":{"line":5,"column":29}},"loc":{"start":{"line":5,"column":66},"end":{"line":25,"column":1}},"line":5}},"branchMap":{"0":{"loc":{"start":{"line":5,"column":31},"end":{"line":5,"column":43}},"type":"default-arg","locations":[{"start":{"line":5,"column":39},"end":{"line":5,"column":43}}],"line":5},"1":{"loc":{"start":{"line":5,"column":45},"end":{"line":5,"column":59}},"type":"default-arg","locations":[{"start":{"line":5,"column":55},"end":{"line":5,"column":59}}],"line":5},"2":{"loc":{"start":{"line":9,"column":13},"end":{"line":15,"column":13}},"type":"cond-expr","locations":[{"start":{"line":10,"column":16},"end":{"line":12,"column":32}},{"start":{"line":14,"column":16},"end":{"line":14,"column":18}}],"line":9},"3":{"loc":{"start":{"line":10,"column":45},"end":{"line":10,"column":82}},"type":"cond-expr","locations":[{"start":{"line":10,"column":64},"end":{"line":10,"column":70}},{"start":{"line":10,"column":73},"end":{"line":10,"column":82}}],"line":10},"4":{"loc":{"start":{"line":10,"column":105},"end":{"line":10,"column":145}},"type":"cond-expr","locations":[{"start":{"line":10,"column":124},"end":{"line":10,"column":133}},{"start":{"line":10,"column":136},"end":{"line":10,"column":145}}],"line":10},"5":{"loc":{"start":{"line":16,"column":13},"end":{"line":22,"column":13}},"type":"cond-expr","locations":[{"start":{"line":17,"column":16},"end":{"line":19,"column":32}},{"start":{"line":21,"column":16},"end":{"line":21,"column":18}}],"line":16},"6":{"loc":{"start":{"line":17,"column":45},"end":{"line":17,"column":82}},"type":"cond-expr","locations":[{"start":{"line":17,"column":64},"end":{"line":17,"column":70}},{"start":{"line":17,"column":73},"end":{"line":17,"column":82}}],"line":17},"7":{"loc":{"start":{"line":17,"column":105},"end":{"line":17,"column":145}},"type":"cond-expr","locations":[{"start":{"line":17,"column":124},"end":{"line":17,"column":133}},{"start":{"line":17,"column":136},"end":{"line":17,"column":145}}],"line":17}},"s":{"0":1,"1":0,"2":0},"f":{"0":0},"b":{"0":[0],"1":[0],"2":[0,0],"3":[0,0],"4":[0,0],"5":[0,0],"6":[0,0],"7":[0,0]},"_coverageSchema":"1a1c01bbd47fc00a2c39e90264f33305004495a9","hash":"363da07481f586f602c121ca756eb4246c0a44e7"}
,"/Volumes/D/mnm-robin-project/workspace/dms-ui-application/src/components/common/Skeleton/InputSkeleton.js": {"path":"/Volumes/D/mnm-robin-project/workspace/dms-ui-application/src/components/common/Skeleton/InputSkeleton.js","statementMap":{"0":{"start":{"line":5,"column":29},"end":{"line":12,"column":1}},"1":{"start":{"line":6,"column":18},"end":{"line":6,"column":25}},"2":{"start":{"line":7,"column":4},"end":{"line":11,"column":6}}},"fnMap":{"0":{"name":"(anonymous_0)","decl":{"start":{"line":5,"column":29},"end":{"line":5,"column":30}},"loc":{"start":{"line":5,"column":66},"end":{"line":12,"column":1}},"line":5}},"branchMap":{"0":{"loc":{"start":{"line":5,"column":32},"end":{"line":5,"column":46}},"type":"default-arg","locations":[{"start":{"line":5,"column":40},"end":{"line":5,"column":46}}],"line":5},"1":{"loc":{"start":{"line":5,"column":48},"end":{"line":5,"column":59}},"type":"default-arg","locations":[{"start":{"line":5,"column":57},"end":{"line":5,"column":59}}],"line":5},"2":{"loc":{"start":{"line":8,"column":37},"end":{"line":8,"column":74}},"type":"cond-expr","locations":[{"start":{"line":8,"column":56},"end":{"line":8,"column":62}},{"start":{"line":8,"column":65},"end":{"line":8,"column":74}}],"line":8},"3":{"loc":{"start":{"line":8,"column":97},"end":{"line":8,"column":137}},"type":"cond-expr","locations":[{"start":{"line":8,"column":116},"end":{"line":8,"column":125}},{"start":{"line":8,"column":128},"end":{"line":8,"column":137}}],"line":8}},"s":{"0":1,"1":0,"2":0},"f":{"0":0},"b":{"0":[0],"1":[0],"2":[0,0],"3":[0,0]},"_coverageSchema":"1a1c01bbd47fc00a2c39e90264f33305004495a9","hash":"7c1a63b05ab066635bc043f2cb2087f992cb4483"}
,"/Volumes/D/mnm-robin-project/workspace/dms-ui-application/src/components/common/Skeleton/ListSkeleton.js": {"path":"/Volumes/D/mnm-robin-project/workspace/dms-ui-application/src/components/common/Skeleton/ListSkeleton.js","statementMap":{"0":{"start":{"line":4,"column":28},"end":{"line":18,"column":1}},"1":{"start":{"line":5,"column":18},"end":{"line":5,"column":25}},"2":{"start":{"line":6,"column":22},"end":{"line":6,"column":75}},"3":{"start":{"line":7,"column":4},"end":{"line":17,"column":6}},"4":{"start":{"line":10,"column":16},"end":{"line":14,"column":22}}},"fnMap":{"0":{"name":"(anonymous_0)","decl":{"start":{"line":4,"column":28},"end":{"line":4,"column":29}},"loc":{"start":{"line":4,"column":136},"end":{"line":18,"column":1}},"line":4},"1":{"name":"(anonymous_1)","decl":{"start":{"line":9,"column":35},"end":{"line":9,"column":36}},"loc":{"start":{"line":10,"column":16},"end":{"line":14,"column":22}},"line":10}},"branchMap":{"0":{"loc":{"start":{"line":4,"column":31},"end":{"line":4,"column":41}},"type":"default-arg","locations":[{"start":{"line":4,"column":39},"end":{"line":4,"column":41}}],"line":4},"1":{"loc":{"start":{"line":4,"column":43},"end":{"line":4,"column":54}},"type":"default-arg","locations":[{"start":{"line":4,"column":52},"end":{"line":4,"column":54}}],"line":4},"2":{"loc":{"start":{"line":4,"column":56},"end":{"line":4,"column":80}},"type":"default-arg","locations":[{"start":{"line":4,"column":74},"end":{"line":4,"column":80}}],"line":4},"3":{"loc":{"start":{"line":4,"column":82},"end":{"line":4,"column":99}},"type":"default-arg","locations":[{"start":{"line":4,"column":90},"end":{"line":4,"column":99}}],"line":4},"4":{"loc":{"start":{"line":4,"column":101},"end":{"line":4,"column":129}},"type":"default-arg","locations":[{"start":{"line":4,"column":110},"end":{"line":4,"column":129}}],"line":4},"5":{"loc":{"start":{"line":6,"column":22},"end":{"line":6,"column":75}},"type":"cond-expr","locations":[{"start":{"line":6,"column":30},"end":{"line":6,"column":35}},{"start":{"line":6,"column":38},"end":{"line":6,"column":75}}],"line":6},"6":{"loc":{"start":{"line":6,"column":38},"end":{"line":6,"column":75}},"type":"cond-expr","locations":[{"start":{"line":6,"column":57},"end":{"line":6,"column":63}},{"start":{"line":6,"column":66},"end":{"line":6,"column":75}}],"line":6},"7":{"loc":{"start":{"line":11,"column":76},"end":{"line":11,"column":116}},"type":"cond-expr","locations":[{"start":{"line":11,"column":95},"end":{"line":11,"column":104}},{"start":{"line":11,"column":107},"end":{"line":11,"column":116}}],"line":11}},"s":{"0":1,"1":0,"2":0,"3":0,"4":0},"f":{"0":0,"1":0},"b":{"0":[0],"1":[0],"2":[0],"3":[0],"4":[0],"5":[0,0],"6":[0,0],"7":[0,0]},"_coverageSchema":"1a1c01bbd47fc00a2c39e90264f33305004495a9","hash":"1797f8ee5b150317c476813cec25e8308c1036c3"}
,"/Volumes/D/mnm-robin-project/workspace/dms-ui-application/src/components/common/Skeleton/index.js": {"path":"/Volumes/D/mnm-robin-project/workspace/dms-ui-application/src/components/common/Skeleton/index.js","statementMap":{},"fnMap":{},"branchMap":{},"s":{},"f":{},"b":{},"_coverageSchema":"1a1c01bbd47fc00a2c39e90264f33305004495a9","hash":"9872f735a5c0a72aa4dcdda53a7b9c97c3fc87ac"}
,"/Volumes/D/mnm-robin-project/workspace/dms-ui-application/src/components/withDrawer/index.js": {"path":"/Volumes/D/mnm-robin-project/workspace/dms-ui-application/src/components/withDrawer/index.js","statementMap":{},"fnMap":{},"branchMap":{},"s":{},"f":{},"b":{},"_coverageSchema":"1a1c01bbd47fc00a2c39e90264f33305004495a9","hash":"3aed9decff3e3e8cf08dbecd039b638319eb24e2"}
,"/Volumes/D/mnm-robin-project/workspace/dms-ui-application/src/components/withDrawer/withDrawer.js": {"path":"/Volumes/D/mnm-robin-project/workspace/dms-ui-application/src/components/withDrawer/withDrawer.js","statementMap":{"0":{"start":{"line":7,"column":4},"end":{"line":15,"column":5}},"1":{"start":{"line":8,"column":4},"end":{"line":15,"column":5}},"2":{"start":{"line":9,"column":74},"end":{"line":9,"column":79}},"3":{"start":{"line":10,"column":8},"end":{"line":14,"column":10}}},"fnMap":{"0":{"name":"(anonymous_0)","decl":{"start":{"line":7,"column":4},"end":{"line":7,"column":5}},"loc":{"start":{"line":8,"column":4},"end":{"line":15,"column":5}},"line":8},"1":{"name":"(anonymous_1)","decl":{"start":{"line":8,"column":4},"end":{"line":8,"column":5}},"loc":{"start":{"line":8,"column":15},"end":{"line":15,"column":5}},"line":8}},"branchMap":{"0":{"loc":{"start":{"line":7,"column":23},"end":{"line":7,"column":46}},"type":"default-arg","locations":[{"start":{"line":7,"column":31},"end":{"line":7,"column":46}}],"line":7},"1":{"loc":{"start":{"line":7,"column":48},"end":{"line":7,"column":59}},"type":"default-arg","locations":[{"start":{"line":7,"column":56},"end":{"line":7,"column":59}}],"line":7},"2":{"loc":{"start":{"line":11,"column":27},"end":{"line":11,"column":49}},"type":"binary-expr","locations":[{"start":{"line":11,"column":27},"end":{"line":11,"column":40}},{"start":{"line":11,"column":44},"end":{"line":11,"column":49}}],"line":11},"3":{"loc":{"start":{"line":12,"column":17},"end":{"line":12,"column":59}},"type":"binary-expr","locations":[{"start":{"line":12,"column":17},"end":{"line":12,"column":26}},{"start":{"line":12,"column":30},"end":{"line":12,"column":59}}],"line":12}},"s":{"0":9,"1":15,"2":171,"3":170},"f":{"0":15,"1":171},"b":{"0":[7],"1":[7],"2":[170,61],"3":[170,17]},"_coverageSchema":"1a1c01bbd47fc00a2c39e90264f33305004495a9","hash":"934943212e054448c48c66c134d330d402feebc8"}
,"/Volumes/D/mnm-robin-project/workspace/dms-ui-application/src/components/withLayout/index.js": {"path":"/Volumes/D/mnm-robin-project/workspace/dms-ui-application/src/components/withLayout/index.js","statementMap":{},"fnMap":{},"branchMap":{},"s":{},"f":{},"b":{}}
,"/Volumes/D/mnm-robin-project/workspace/dms-ui-application/src/components/withLayout/withLayout.js": {"path":"/Volumes/D/mnm-robin-project/workspace/dms-ui-application/src/components/withLayout/withLayout.js","statementMap":{"0":{"start":{"line":6,"column":28},"end":{"line":6,"column":34}},"1":{"start":{"line":8,"column":26},"end":{"line":26,"column":1}},"2":{"start":{"line":9,"column":29},"end":{"line":9,"column":38}},"3":{"start":{"line":10,"column":4},"end":{"line":25,"column":6}},"4":{"start":{"line":11,"column":8},"end":{"line":24,"column":11}}},"fnMap":{"0":{"name":"(anonymous_0)","decl":{"start":{"line":8,"column":26},"end":{"line":8,"column":27}},"loc":{"start":{"line":8,"column":105},"end":{"line":26,"column":1}},"line":8},"1":{"name":"(anonymous_1)","decl":{"start":{"line":10,"column":11},"end":{"line":10,"column":12}},"loc":{"start":{"line":11,"column":8},"end":{"line":24,"column":11}},"line":11}},"branchMap":{},"s":{"0":0,"1":0,"2":0,"3":0,"4":0},"f":{"0":0,"1":0},"b":{}}
}
