TN:
SF:src/components/MainPage.js
FN:16,(anonymous_0)
FN:21,(anonymous_1)
FN:31,(anonymous_2)
FN:39,(anonymous_3)
FN:56,(anonymous_4)
FNF:5
FNH:0
FNDA:0,(anonymous_0)
FNDA:0,(anonymous_1)
FNDA:0,(anonymous_2)
FNDA:0,(anonymous_3)
FNDA:0,(anonymous_4)
DA:16,0
DA:21,0
DA:31,0
DA:32,0
DA:33,0
DA:34,0
DA:35,0
DA:37,0
DA:39,0
DA:40,0
DA:41,0
DA:42,0
DA:43,0
DA:44,0
DA:45,0
DA:46,0
DA:47,0
DA:48,0
DA:49,0
DA:50,0
DA:51,0
DA:56,0
DA:57,0
DA:58,0
DA:63,0
DA:65,0
DA:66,0
LF:27
LH:0
BRDA:37,0,0,0
BRDA:37,0,1,0
BRDA:40,1,0,0
BRDA:40,1,1,0
BRDA:42,2,0,0
BRDA:42,2,1,0
BRDA:42,3,0,0
BRDA:42,3,1,0
BRDA:44,4,0,0
BRDA:44,4,1,0
BRDA:44,5,0,0
BRDA:44,5,1,0
BRDA:46,6,0,0
BRDA:46,6,1,0
BRDA:46,7,0,0
BRDA:46,7,1,0
BRDA:48,8,0,0
BRDA:48,8,1,0
BRDA:48,9,0,0
BRDA:48,9,1,0
BRDA:48,9,2,0
BRDA:48,9,3,0
BRDA:50,10,0,0
BRDA:50,10,1,0
BRDA:57,11,0,0
BRDA:57,11,1,0
BRDA:63,12,0,0
BRDA:63,12,1,0
BRF:28
BRH:0
end_of_record
TN:
SF:src/components/withLayoutMaster.js
FN:6,(anonymous_0)
FNF:1
FNH:0
FNDA:0,(anonymous_0)
DA:6,0
LF:1
LH:0
BRF:0
BRH:0
end_of_record
TN:
SF:src/components/withSpinner.js
FN:7,(anonymous_0)
FN:8,(anonymous_1)
FNF:2
FNH:0
FNDA:0,(anonymous_0)
FNDA:0,(anonymous_1)
DA:5,0
DA:7,0
DA:8,0
DA:9,0
DA:10,0
LF:5
LH:0
BRDA:7,0,0,0
BRDA:9,1,0,0
BRDA:12,2,0,0
BRDA:12,2,1,0
BRF:4
BRH:0
end_of_record
TN:
SF:src/components/Auth/Footer.js
FN:7,Footer
FNF:1
FNH:1
FNDA:12,Footer
DA:8,12
LF:1
LH:1
BRF:0
BRH:0
end_of_record
TN:
SF:src/components/Auth/index.js
FNF:0
FNH:0
LF:0
LH:0
BRF:0
BRH:0
end_of_record
TN:
SF:src/components/Auth/ForgotPassword/ForgotPassword.js
FN:26,(anonymous_0)
FN:42,(anonymous_1)
FN:59,(anonymous_2)
FN:60,(anonymous_3)
FN:61,(anonymous_4)
FN:67,(anonymous_5)
FN:75,(anonymous_6)
FN:85,(anonymous_7)
FN:99,(anonymous_8)
FN:106,(anonymous_9)
FN:115,(anonymous_10)
FN:134,(anonymous_11)
FN:139,(anonymous_12)
FN:156,(anonymous_13)
FN:160,(anonymous_14)
FN:177,(anonymous_15)
FN:181,(anonymous_16)
FN:185,(anonymous_17)
FN:192,(anonymous_18)
FN:197,(anonymous_19)
FN:201,(anonymous_20)
FN:202,(anonymous_21)
FN:202,(anonymous_22)
FN:202,(anonymous_23)
FN:351,(anonymous_24)
FN:381,(anonymous_25)
FN:393,(anonymous_26)
FN:394,(anonymous_27)
FNF:28
FNH:3
FNDA:0,(anonymous_0)
FNDA:1,(anonymous_1)
FNDA:1,(anonymous_2)
FNDA:0,(anonymous_3)
FNDA:1,(anonymous_4)
FNDA:0,(anonymous_5)
FNDA:0,(anonymous_6)
FNDA:0,(anonymous_7)
FNDA:0,(anonymous_8)
FNDA:0,(anonymous_9)
FNDA:0,(anonymous_10)
FNDA:0,(anonymous_11)
FNDA:0,(anonymous_12)
FNDA:0,(anonymous_13)
FNDA:0,(anonymous_14)
FNDA:0,(anonymous_15)
FNDA:0,(anonymous_16)
FNDA:0,(anonymous_17)
FNDA:0,(anonymous_18)
FNDA:0,(anonymous_19)
FNDA:0,(anonymous_20)
FNDA:0,(anonymous_21)
FNDA:0,(anonymous_22)
FNDA:0,(anonymous_23)
FNDA:0,(anonymous_24)
FNDA:0,(anonymous_25)
FNDA:0,(anonymous_26)
FNDA:0,(anonymous_27)
DA:26,2
DA:42,2
DA:43,1
DA:44,1
DA:46,1
DA:47,1
DA:48,1
DA:49,1
DA:50,1
DA:51,1
DA:52,1
DA:53,1
DA:54,1
DA:55,1
DA:56,1
DA:57,1
DA:59,1
DA:60,1
DA:61,1
DA:62,1
DA:67,1
DA:68,0
DA:69,0
DA:70,0
DA:72,0
DA:75,1
DA:76,0
DA:78,0
DA:80,0
DA:81,0
DA:82,0
DA:83,0
DA:85,0
DA:86,0
DA:89,0
DA:95,0
DA:99,1
DA:100,0
DA:101,0
DA:102,0
DA:106,1
DA:107,0
DA:108,0
DA:110,0
DA:111,0
DA:112,0
DA:113,0
DA:115,0
DA:116,0
DA:117,0
DA:118,0
DA:119,0
DA:122,0
DA:129,0
DA:134,1
DA:135,0
DA:136,0
DA:137,0
DA:139,0
DA:140,0
DA:141,0
DA:142,0
DA:145,0
DA:152,0
DA:156,1
DA:157,0
DA:158,0
DA:160,0
DA:161,0
DA:163,0
DA:164,0
DA:167,0
DA:174,0
DA:177,1
DA:178,0
DA:181,1
DA:182,0
DA:185,1
DA:186,0
DA:187,0
DA:189,0
DA:192,1
DA:193,0
DA:194,0
DA:197,1
DA:201,1
DA:202,0
DA:206,1
DA:351,0
DA:381,0
DA:393,0
DA:395,0
DA:396,0
DA:398,0
DA:431,2
LF:95
LH:34
BRDA:60,0,0,1
BRDA:60,0,1,1
BRDA:68,1,0,0
BRDA:68,1,1,0
BRDA:69,2,0,0
BRDA:69,2,1,0
BRDA:80,3,0,0
BRDA:80,3,1,0
BRDA:100,4,0,0
BRDA:100,4,1,0
BRDA:110,5,0,0
BRDA:110,5,1,0
BRDA:111,6,0,0
BRDA:111,6,1,0
BRDA:111,7,0,0
BRDA:111,7,1,0
BRDA:135,8,0,0
BRDA:135,8,1,0
BRDA:186,9,0,0
BRDA:186,9,1,0
BRDA:186,10,0,0
BRDA:186,10,1,0
BRDA:203,11,0,0
BRDA:203,11,1,0
BRDA:223,12,0,1
BRDA:223,12,1,0
BRDA:258,13,0,0
BRDA:258,13,1,0
BRDA:327,14,0,0
BRDA:327,14,1,0
BRDA:341,15,0,0
BRDA:341,15,1,0
BRDA:348,16,0,0
BRDA:348,16,1,0
BRDA:348,17,0,0
BRDA:348,17,1,0
BRDA:348,18,0,0
BRDA:348,18,1,0
BRDA:351,19,0,0
BRDA:351,19,1,0
BRDA:372,20,0,0
BRDA:372,20,1,0
BRDA:381,21,0,0
BRDA:381,21,1,0
BRDA:395,22,0,0
BRDA:395,22,1,0
BRDA:395,23,0,0
BRDA:395,23,1,0
BRDA:404,24,0,0
BRDA:404,24,1,0
BRF:50
BRH:3
end_of_record
TN:
SF:src/components/Auth/ForgotPassword/index.js
FNF:0
FNH:0
LF:0
LH:0
BRF:0
BRH:0
end_of_record
TN:
SF:src/components/Auth/ForgotPassword/test.js
FN:79,(anonymous_0)
FN:81,(anonymous_1)
FN:108,(anonymous_2)
FN:112,(anonymous_3)
FN:115,(anonymous_4)
FN:175,(anonymous_5)
FN:176,(anonymous_6)
FN:325,(anonymous_7)
FNF:8
FNH:0
FNDA:0,(anonymous_0)
FNDA:0,(anonymous_1)
FNDA:0,(anonymous_2)
FNDA:0,(anonymous_3)
FNDA:0,(anonymous_4)
FNDA:0,(anonymous_5)
FNDA:0,(anonymous_6)
FNDA:0,(anonymous_7)
DA:14,0
DA:15,0
DA:49,0
DA:67,0
DA:79,0
DA:80,0
DA:81,0
DA:84,0
DA:96,0
DA:107,0
DA:108,0
DA:109,0
DA:110,0
DA:112,0
DA:115,0
DA:119,0
DA:175,0
DA:177,0
DA:178,0
DA:180,0
DA:326,0
LF:21
LH:0
BRDA:109,0,0,0
BRDA:109,0,1,0
BRDA:177,1,0,0
BRDA:177,1,1,0
BRDA:177,2,0,0
BRDA:177,2,1,0
BRDA:326,3,0,0
BRDA:326,3,1,0
BRF:8
BRH:0
end_of_record
TN:
SF:src/components/Auth/Login/Captcha.js
FN:4,Captcha
FN:7,(anonymous_1)
FN:8,(anonymous_2)
FN:11,(anonymous_3)
FN:13,(anonymous_4)
FN:16,(anonymous_5)
FN:25,(anonymous_6)
FNF:7
FNH:0
FNDA:0,Captcha
FNDA:0,(anonymous_1)
FNDA:0,(anonymous_2)
FNDA:0,(anonymous_3)
FNDA:0,(anonymous_4)
FNDA:0,(anonymous_5)
FNDA:0,(anonymous_6)
DA:5,0
DA:6,0
DA:7,0
DA:8,0
DA:11,0
DA:12,0
DA:14,0
DA:17,0
DA:21,0
DA:25,0
LF:10
LH:0
BRF:0
BRH:0
end_of_record
TN:
SF:src/components/Auth/Login/Login.js
FN:23,(anonymous_0)
FN:58,(anonymous_1)
FN:67,(anonymous_2)
FN:69,(anonymous_3)
FN:70,(anonymous_4)
FN:74,(anonymous_5)
FN:83,(anonymous_6)
FN:84,(anonymous_7)
FN:88,(anonymous_8)
FN:97,(anonymous_9)
FN:111,(anonymous_10)
FN:116,(anonymous_11)
FN:120,(anonymous_12)
FN:124,(anonymous_13)
FN:129,(anonymous_14)
FN:134,(anonymous_15)
FN:141,(anonymous_16)
FN:142,(anonymous_17)
FN:145,(anonymous_18)
FN:149,(anonymous_19)
FN:152,(anonymous_20)
FN:176,(anonymous_21)
FN:180,(anonymous_22)
FNF:23
FNH:7
FNDA:0,(anonymous_0)
FNDA:3,(anonymous_1)
FNDA:0,(anonymous_2)
FNDA:3,(anonymous_3)
FNDA:2,(anonymous_4)
FNDA:3,(anonymous_5)
FNDA:3,(anonymous_6)
FNDA:3,(anonymous_7)
FNDA:3,(anonymous_8)
FNDA:0,(anonymous_9)
FNDA:0,(anonymous_10)
FNDA:0,(anonymous_11)
FNDA:0,(anonymous_12)
FNDA:0,(anonymous_13)
FNDA:0,(anonymous_14)
FNDA:0,(anonymous_15)
FNDA:0,(anonymous_16)
FNDA:0,(anonymous_17)
FNDA:0,(anonymous_18)
FNDA:0,(anonymous_19)
FNDA:0,(anonymous_20)
FNDA:0,(anonymous_21)
FNDA:0,(anonymous_22)
DA:23,2
DA:24,0
DA:26,0
DA:27,0
DA:28,0
DA:30,0
DA:44,0
DA:47,2
DA:57,2
DA:58,2
DA:59,3
DA:60,3
DA:61,3
DA:62,3
DA:63,3
DA:64,3
DA:66,3
DA:67,3
DA:69,3
DA:70,3
DA:74,3
DA:75,3
DA:76,3
DA:77,3
DA:83,3
DA:84,3
DA:88,3
DA:89,3
DA:90,3
DA:91,3
DA:97,3
DA:98,0
DA:99,0
DA:100,0
DA:101,0
DA:102,0
DA:103,0
DA:104,0
DA:106,0
DA:107,0
DA:111,3
DA:112,0
DA:113,0
DA:116,3
DA:117,0
DA:120,3
DA:121,0
DA:124,3
DA:125,0
DA:127,0
DA:128,0
DA:130,0
DA:131,0
DA:135,0
DA:136,0
DA:141,3
DA:142,0
DA:145,3
DA:146,0
DA:147,0
DA:149,0
DA:150,0
DA:152,0
DA:153,0
DA:165,0
DA:176,3
DA:177,0
DA:180,3
DA:181,0
DA:185,3
DA:189,3
DA:260,2
LF:72
LH:36
BRDA:24,0,0,0
BRDA:24,0,1,0
BRDA:26,1,0,0
BRDA:26,1,1,0
BRDA:101,2,0,0
BRDA:101,2,1,0
BRDA:130,3,0,0
BRDA:130,3,1,0
BRDA:135,4,0,0
BRDA:135,4,1,0
BRDA:150,5,0,0
BRDA:150,5,1,0
BRDA:154,6,0,0
BRDA:154,6,1,0
BRDA:166,7,0,0
BRDA:166,7,1,0
BRDA:172,8,0,0
BRDA:172,8,1,0
BRDA:186,9,0,3
BRDA:186,9,1,0
BRDA:224,10,0,0
BRDA:224,10,1,3
BRF:22
BRH:2
end_of_record
TN:
SF:src/components/Auth/Login/index.js
FNF:0
FNH:0
LF:0
LH:0
BRF:0
BRH:0
end_of_record
TN:
SF:src/components/Auth/Logout/Logout.js
FN:12,(anonymous_0)
FNF:1
FNH:0
FNDA:0,(anonymous_0)
DA:12,0
DA:13,0
LF:2
LH:0
BRF:0
BRH:0
end_of_record
TN:
SF:src/components/Auth/Logout/index.js
FNF:0
FNH:0
LF:0
LH:0
BRF:0
BRH:0
end_of_record
TN:
SF:src/components/Auth/UpdatePassword/UpdatePassword.js
FN:24,(anonymous_0)
FN:37,(anonymous_1)
FN:51,(anonymous_2)
FN:51,(anonymous_3)
FN:51,(anonymous_4)
FN:58,(anonymous_5)
FN:65,(anonymous_6)
FN:66,(anonymous_7)
FN:70,(anonymous_8)
FN:91,(anonymous_9)
FN:95,(anonymous_10)
FN:96,(anonymous_11)
FN:96,(anonymous_12)
FN:96,(anonymous_13)
FN:135,(anonymous_14)
FN:147,(anonymous_15)
FN:148,(anonymous_16)
FNF:17
FNH:7
FNDA:0,(anonymous_0)
FNDA:0,(anonymous_1)
FNDA:8,(anonymous_2)
FNDA:0,(anonymous_3)
FNDA:0,(anonymous_4)
FNDA:2,(anonymous_5)
FNDA:1,(anonymous_6)
FNDA:0,(anonymous_7)
FNDA:0,(anonymous_8)
FNDA:0,(anonymous_9)
FNDA:24,(anonymous_10)
FNDA:0,(anonymous_11)
FNDA:0,(anonymous_12)
FNDA:0,(anonymous_13)
FNDA:3,(anonymous_14)
FNDA:6,(anonymous_15)
FNDA:6,(anonymous_16)
DA:24,1
DA:27,0
DA:29,0
DA:37,1
DA:51,1
DA:52,8
DA:53,8
DA:54,8
DA:55,8
DA:56,8
DA:58,8
DA:59,2
DA:60,2
DA:65,8
DA:66,1
DA:67,0
DA:70,1
DA:71,0
DA:72,0
DA:73,0
DA:74,0
DA:78,1
DA:88,1
DA:91,8
DA:92,0
DA:95,8
DA:96,24
DA:101,8
DA:135,3
DA:147,6
DA:149,6
DA:150,4
DA:152,2
DA:197,1
LF:34
LH:26
BRDA:51,0,0,8
BRDA:51,1,0,8
BRDA:51,2,0,8
BRDA:51,3,0,8
BRDA:51,4,0,8
BRDA:51,5,0,8
BRDA:59,6,0,2
BRDA:59,6,1,0
BRDA:71,7,0,0
BRDA:71,7,1,0
BRDA:97,8,0,24
BRDA:97,8,1,0
BRDA:128,9,0,0
BRDA:128,9,1,8
BRDA:135,10,0,0
BRDA:135,10,1,8
BRDA:149,11,0,4
BRDA:149,11,1,2
BRDA:149,12,0,6
BRDA:149,12,1,4
BRDA:158,13,0,0
BRDA:158,13,1,8
BRDA:173,14,0,0
BRDA:173,14,1,8
BRF:24
BRH:16
end_of_record
TN:
SF:src/components/Auth/UpdatePassword/index.js
FNF:0
FNH:0
LF:0
LH:0
BRF:0
BRH:0
end_of_record
TN:
SF:src/components/Dashboard/Dashboard.js
FN:16,(anonymous_0)
FN:30,(anonymous_1)
FN:31,(anonymous_2)
FNF:3
FNH:1
FNDA:0,(anonymous_0)
FNDA:2,(anonymous_1)
FNDA:0,(anonymous_2)
DA:14,1
DA:16,1
DA:22,0
DA:24,0
DA:30,1
DA:31,2
DA:32,2
DA:34,2
DA:325,1
LF:9
LH:7
BRDA:19,0,0,0
BRDA:20,1,0,0
BRDA:26,2,0,0
BRDA:26,2,1,0
BRF:4
BRH:0
end_of_record
TN:
SF:src/components/Dashboard/DashboardSkelton.js
FN:9,(anonymous_0)
FNF:1
FNH:0
FNDA:0,(anonymous_0)
DA:9,0
DA:10,0
DA:53,0
LF:3
LH:0
BRF:0
BRH:0
end_of_record
TN:
SF:src/components/Layout/Layout.js
FN:6,(anonymous_0)
FN:8,(anonymous_1)
FN:10,(anonymous_2)
FN:14,(anonymous_3)
FN:16,(anonymous_4)
FN:18,(anonymous_5)
FN:30,(anonymous_6)
FN:44,(anonymous_7)
FNF:8
FNH:0
FNDA:0,(anonymous_0)
FNDA:0,(anonymous_1)
FNDA:0,(anonymous_2)
FNDA:0,(anonymous_3)
FNDA:0,(anonymous_4)
FNDA:0,(anonymous_5)
FNDA:0,(anonymous_6)
FNDA:0,(anonymous_7)
DA:6,0
DA:8,0
DA:10,0
DA:14,0
DA:16,0
DA:18,0
DA:19,0
DA:30,0
DA:31,0
DA:44,0
DA:45,0
DA:58,0
DA:59,0
DA:60,0
DA:61,0
DA:62,0
DA:63,0
DA:65,0
DA:66,0
LF:19
LH:0
BRF:0
BRH:0
end_of_record
TN:
SF:src/components/Layout/index.js
FNF:0
FNH:0
LF:0
LH:0
BRF:0
BRH:0
end_of_record
TN:
SF:src/components/Splash/Splash.js
FN:7,(anonymous_0)
FN:11,(anonymous_1)
FN:12,(anonymous_2)
FN:17,(anonymous_3)
FN:18,(anonymous_4)
FNF:5
FNH:3
FNDA:2,(anonymous_0)
FNDA:2,(anonymous_1)
FNDA:0,(anonymous_2)
FNDA:2,(anonymous_3)
FNDA:0,(anonymous_4)
DA:7,1
DA:8,2
DA:9,2
DA:11,2
DA:12,2
DA:13,0
DA:17,2
DA:18,2
DA:19,0
DA:22,2
LF:10
LH:8
BRDA:31,0,0,0
BRDA:31,0,1,2
BRDA:32,1,0,0
BRDA:32,1,1,2
BRDA:33,2,0,0
BRDA:33,2,1,2
BRDA:34,3,0,0
BRDA:34,3,1,2
BRDA:35,4,0,0
BRDA:35,4,1,2
BRF:10
BRH:5
end_of_record
TN:
SF:src/components/Splash/index.js
FNF:0
FNH:0
LF:0
LH:0
BRF:0
BRH:0
end_of_record
TN:
SF:src/components/common/LeftPanel.js
FN:5,(anonymous_0)
FN:13,(anonymous_1)
FN:19,(anonymous_2)
FN:33,(anonymous_3)
FN:38,(anonymous_4)
FN:48,(anonymous_5)
FN:50,(anonymous_6)
FN:56,(anonymous_7)
FN:65,(anonymous_8)
FN:66,(anonymous_9)
FN:67,(anonymous_10)
FNF:11
FNH:10
FNDA:162,(anonymous_0)
FNDA:0,(anonymous_1)
FNDA:674,(anonymous_2)
FNDA:616,(anonymous_3)
FNDA:667,(anonymous_4)
FNDA:73,(anonymous_5)
FNDA:368,(anonymous_6)
FNDA:368,(anonymous_7)
FNDA:120,(anonymous_8)
FNDA:508,(anonymous_9)
FNDA:662,(anonymous_10)
DA:5,8
DA:6,162
DA:7,161
DA:8,161
DA:10,161
DA:11,161
DA:13,161
DA:14,0
DA:15,0
DA:18,161
DA:19,161
DA:20,674
DA:21,933
DA:22,933
DA:26,933
DA:27,557
DA:32,161
DA:33,161
DA:35,616
DA:36,827
DA:37,827
DA:38,667
DA:39,66
DA:40,499
DA:41,20
DA:45,616
DA:48,161
DA:49,73
DA:51,368
DA:52,97
DA:54,271
DA:56,368
DA:57,73
DA:58,73
DA:59,59
DA:63,161
DA:65,161
DA:66,120
DA:67,508
DA:68,662
DA:69,662
DA:70,662
DA:71,662
DA:73,662
DA:84,662
DA:85,388
DA:91,274
DA:96,120
DA:99,161
LF:49
LH:47
BRDA:26,0,0,557
BRDA:26,0,1,376
BRDA:32,1,0,161
BRDA:32,1,1,117
BRDA:37,2,0,565
BRDA:37,2,1,262
BRDA:38,3,0,66
BRDA:38,3,1,499
BRDA:40,4,0,20
BRDA:40,4,1,479
BRDA:51,5,0,97
BRDA:51,5,1,271
BRDA:56,6,0,368
BRDA:56,6,1,46
BRDA:57,7,0,3
BRDA:57,7,1,70
BRDA:63,8,0,161
BRDA:63,8,1,0
BRDA:73,9,0,184
BRDA:73,9,1,478
BRDA:84,10,0,388
BRDA:84,10,1,274
BRDA:101,11,0,161
BRDA:101,11,1,0
BRDA:104,12,0,0
BRDA:104,12,1,161
BRF:26
BRH:23
end_of_record
TN:
SF:src/components/common/TreeSelectField.js
FN:5,TreeSelectField
FNF:1
FNH:1
FNDA:17,TreeSelectField
DA:6,17
LF:1
LH:1
BRDA:5,0,0,1
BRDA:15,1,0,17
BRDA:15,1,1,7
BRF:3
BRH:3
end_of_record
TN:
SF:src/components/common/TreeView.js
FN:7,(anonymous_0)
FN:12,(anonymous_1)
FN:22,(anonymous_2)
FN:26,(anonymous_3)
FN:31,(anonymous_4)
FN:34,(anonymous_5)
FN:41,(anonymous_6)
FNF:7
FNH:0
FNDA:0,(anonymous_0)
FNDA:0,(anonymous_1)
FNDA:0,(anonymous_2)
FNDA:0,(anonymous_3)
FNDA:0,(anonymous_4)
FNDA:0,(anonymous_5)
FNDA:0,(anonymous_6)
DA:5,0
DA:7,0
DA:9,0
DA:10,0
DA:11,0
DA:12,0
DA:13,0
DA:14,0
DA:15,0
DA:19,0
DA:22,0
DA:23,0
DA:24,0
DA:25,0
DA:26,0
DA:27,0
DA:28,0
DA:31,0
DA:32,0
DA:33,0
DA:35,0
DA:36,0
DA:38,0
DA:41,0
DA:42,0
DA:43,0
DA:44,0
DA:46,0
LF:28
LH:0
BRDA:11,0,0,0
BRDA:11,0,1,0
BRDA:12,1,0,0
BRDA:12,1,1,0
BRDA:14,2,0,0
BRDA:14,2,1,0
BRDA:35,3,0,0
BRDA:35,3,1,0
BRDA:41,4,0,0
BRDA:41,4,1,0
BRDA:47,5,0,0
BRDA:47,5,1,0
BRF:12
BRH:0
end_of_record
TN:
SF:src/components/common/index.js
FNF:0
FNH:0
LF:0
LH:0
BRF:0
BRH:0
end_of_record
TN:
SF:src/components/common/ApplicationMaster/AccessibleDealerLocations.js
FN:15,(anonymous_0)
FN:29,(anonymous_1)
FN:42,(anonymous_2)
FN:43,(anonymous_3)
FN:48,(anonymous_4)
FN:48,(anonymous_5)
FN:50,(anonymous_6)
FN:80,(anonymous_7)
FN:90,(anonymous_8)
FN:91,(anonymous_9)
FN:92,(anonymous_10)
FN:96,(anonymous_11)
FN:100,(anonymous_12)
FN:113,(anonymous_13)
FN:117,(anonymous_14)
FN:118,(anonymous_15)
FN:120,(anonymous_16)
FN:152,(anonymous_17)
FNF:18
FNH:0
FNDA:0,(anonymous_0)
FNDA:0,(anonymous_1)
FNDA:0,(anonymous_2)
FNDA:0,(anonymous_3)
FNDA:0,(anonymous_4)
FNDA:0,(anonymous_5)
FNDA:0,(anonymous_6)
FNDA:0,(anonymous_7)
FNDA:0,(anonymous_8)
FNDA:0,(anonymous_9)
FNDA:0,(anonymous_10)
FNDA:0,(anonymous_11)
FNDA:0,(anonymous_12)
FNDA:0,(anonymous_13)
FNDA:0,(anonymous_14)
FNDA:0,(anonymous_15)
FNDA:0,(anonymous_16)
FNDA:0,(anonymous_17)
DA:15,1
DA:21,0
DA:23,0
DA:27,0
DA:29,1
DA:42,1
DA:43,0
DA:44,0
DA:45,0
DA:47,0
DA:48,0
DA:49,0
DA:50,0
DA:51,0
DA:52,0
DA:53,0
DA:54,0
DA:57,0
DA:68,0
DA:75,0
DA:80,0
DA:81,0
DA:82,0
DA:84,0
DA:90,0
DA:91,0
DA:92,0
DA:93,0
DA:94,0
DA:96,0
DA:97,0
DA:100,0
DA:101,0
DA:102,0
DA:113,0
DA:114,0
DA:117,0
DA:118,0
DA:119,0
DA:120,0
DA:121,0
DA:122,0
DA:124,0
DA:125,0
DA:128,0
DA:153,0
DA:162,1
LF:47
LH:4
BRDA:19,0,0,0
BRDA:49,1,0,0
BRDA:49,1,1,0
BRDA:52,2,0,0
BRDA:52,2,1,0
BRDA:53,3,0,0
BRDA:53,3,1,0
BRDA:57,4,0,0
BRDA:57,4,1,0
BRDA:81,5,0,0
BRDA:81,5,1,0
BRDA:81,6,0,0
BRDA:81,6,1,0
BRDA:92,7,0,0
BRDA:92,7,1,0
BRDA:101,8,0,0
BRDA:101,8,1,0
BRDA:101,9,0,0
BRDA:101,9,1,0
BRDA:151,10,0,0
BRDA:151,10,1,0
BRF:21
BRH:0
end_of_record
TN:
SF:src/components/common/ApplicationMaster/ApplicationActions.js
FN:7,(anonymous_0)
FN:7,(anonymous_1)
FN:8,(anonymous_2)
FN:12,(anonymous_3)
FN:14,(anonymous_4)
FN:25,(anonymous_5)
FNF:6
FNH:1
FNDA:4,(anonymous_0)
FNDA:0,(anonymous_1)
FNDA:0,(anonymous_2)
FNDA:0,(anonymous_3)
FNDA:0,(anonymous_4)
FNDA:0,(anonymous_5)
DA:7,1
DA:8,4
DA:9,4
DA:10,4
DA:12,4
DA:13,0
DA:14,0
DA:15,0
DA:16,0
DA:19,4
DA:26,0
LF:11
LH:6
BRDA:7,0,0,4
BRDA:7,1,0,4
BRDA:7,2,0,4
BRDA:24,3,0,4
BRDA:24,3,1,0
BRF:5
BRH:4
end_of_record
TN:
SF:src/components/common/ApplicationMaster/ApplicationActionsForms.js
FN:8,(anonymous_0)
FN:9,(anonymous_1)
FN:13,(anonymous_2)
FN:26,(anonymous_3)
FN:28,(anonymous_4)
FN:35,(anonymous_5)
FNF:6
FNH:2
FNDA:4,(anonymous_0)
FNDA:0,(anonymous_1)
FNDA:0,(anonymous_2)
FNDA:0,(anonymous_3)
FNDA:4,(anonymous_4)
FNDA:0,(anonymous_5)
DA:8,1
DA:9,4
DA:10,0
DA:13,4
DA:17,4
DA:19,4
DA:26,0
DA:28,4
DA:35,0
LF:9
LH:6
BRDA:36,0,0,4
BRDA:36,0,1,4
BRDA:45,1,0,4
BRDA:45,1,1,4
BRF:4
BRH:4
end_of_record
TN:
SF:src/components/common/ApplicationMaster/ApplicationDetails.js
FN:11,(anonymous_0)
FN:11,(anonymous_1)
FN:13,(anonymous_2)
FN:18,(anonymous_3)
FN:21,(anonymous_4)
FN:26,(anonymous_5)
FN:64,(anonymous_6)
FN:65,(anonymous_7)
FN:83,(anonymous_8)
FN:93,(anonymous_9)
FN:94,(anonymous_10)
FNF:11
FNH:5
FNDA:4,(anonymous_0)
FNDA:0,(anonymous_1)
FNDA:2,(anonymous_2)
FNDA:0,(anonymous_3)
FNDA:0,(anonymous_4)
FNDA:0,(anonymous_5)
FNDA:4,(anonymous_6)
FNDA:0,(anonymous_7)
FNDA:4,(anonymous_8)
FNDA:4,(anonymous_9)
FNDA:0,(anonymous_10)
DA:9,1
DA:11,1
DA:13,4
DA:14,2
DA:15,2
DA:18,4
DA:19,0
DA:21,4
DA:22,0
DA:24,4
DA:26,4
DA:27,0
DA:30,4
DA:40,4
DA:64,4
DA:66,0
DA:83,4
DA:93,4
DA:95,0
LF:19
LH:14
BRDA:11,0,0,4
BRF:1
BRH:1
end_of_record
TN:
SF:src/components/common/ApplicationMaster/ApplicationDetailsTemp.js
FN:10,(anonymous_0)
FN:20,(anonymous_1)
FN:22,(anonymous_2)
FN:27,(anonymous_3)
FN:31,(anonymous_4)
FN:48,(anonymous_5)
FN:49,(anonymous_6)
FN:52,(anonymous_7)
FN:56,(anonymous_8)
FN:100,(anonymous_9)
FN:115,(anonymous_10)
FNF:11
FNH:0
FNDA:0,(anonymous_0)
FNDA:0,(anonymous_1)
FNDA:0,(anonymous_2)
FNDA:0,(anonymous_3)
FNDA:0,(anonymous_4)
FNDA:0,(anonymous_5)
FNDA:0,(anonymous_6)
FNDA:0,(anonymous_7)
FNDA:0,(anonymous_8)
FNDA:0,(anonymous_9)
FNDA:0,(anonymous_10)
DA:8,0
DA:10,0
DA:17,0
DA:19,0
DA:20,0
DA:22,0
DA:24,0
DA:27,0
DA:28,0
DA:30,0
DA:31,0
DA:32,0
DA:33,0
DA:34,0
DA:38,0
DA:39,0
DA:42,0
DA:45,0
DA:48,0
DA:49,0
DA:52,0
DA:56,0
DA:57,0
DA:60,0
DA:101,0
DA:116,0
DA:154,0
LF:27
LH:0
BRDA:13,0,0,0
BRDA:13,1,0,0
BRDA:13,2,0,0
BRDA:14,3,0,0
BRDA:20,4,0,0
BRDA:20,4,1,0
BRDA:38,5,0,0
BRDA:38,5,1,0
BRF:8
BRH:0
end_of_record
TN:
SF:src/components/common/ApplicationMaster/ApplicationMaster.js
FN:29,(anonymous_0)
FN:40,(anonymous_1)
FN:58,(anonymous_2)
FN:90,(anonymous_3)
FN:96,(anonymous_4)
FN:112,(anonymous_5)
FN:127,(anonymous_6)
FN:131,(anonymous_7)
FN:137,(anonymous_8)
FN:141,(anonymous_9)
FN:142,(anonymous_10)
FN:145,(anonymous_11)
FN:147,(anonymous_12)
FN:163,(anonymous_13)
FN:168,(anonymous_14)
FN:182,(anonymous_15)
FN:188,(anonymous_16)
FN:189,(anonymous_17)
FN:198,(anonymous_18)
FN:202,(anonymous_19)
FN:214,(anonymous_20)
FN:241,(anonymous_21)
FN:300,(anonymous_22)
FN:312,(anonymous_23)
FN:343,(anonymous_24)
FNF:25
FNH:7
FNDA:0,(anonymous_0)
FNDA:0,(anonymous_1)
FNDA:0,(anonymous_2)
FNDA:26,(anonymous_3)
FNDA:2,(anonymous_4)
FNDA:6,(anonymous_5)
FNDA:6,(anonymous_6)
FNDA:0,(anonymous_7)
FNDA:0,(anonymous_8)
FNDA:0,(anonymous_9)
FNDA:0,(anonymous_10)
FNDA:0,(anonymous_11)
FNDA:0,(anonymous_12)
FNDA:0,(anonymous_13)
FNDA:0,(anonymous_14)
FNDA:0,(anonymous_15)
FNDA:0,(anonymous_16)
FNDA:0,(anonymous_17)
FNDA:3,(anonymous_18)
FNDA:3,(anonymous_19)
FNDA:2,(anonymous_20)
FNDA:0,(anonymous_21)
FNDA:0,(anonymous_22)
FNDA:0,(anonymous_23)
FNDA:0,(anonymous_24)
DA:27,1
DA:29,1
DA:30,0
DA:36,0
DA:37,0
DA:39,0
DA:40,0
DA:55,0
DA:58,1
DA:83,1
DA:90,1
DA:91,26
DA:92,26
DA:93,26
DA:94,26
DA:95,26
DA:96,26
DA:97,26
DA:98,26
DA:99,26
DA:101,26
DA:102,26
DA:103,26
DA:104,26
DA:105,26
DA:106,26
DA:107,26
DA:109,26
DA:110,26
DA:112,26
DA:113,6
DA:114,0
DA:115,0
DA:117,0
DA:118,0
DA:120,0
DA:121,0
DA:123,0
DA:127,26
DA:128,6
DA:131,26
DA:132,0
DA:133,0
DA:134,0
DA:137,26
DA:138,0
DA:141,26
DA:142,0
DA:143,0
DA:145,26
DA:147,26
DA:148,0
DA:149,0
DA:150,0
DA:151,0
DA:153,0
DA:154,0
DA:156,0
DA:157,0
DA:159,0
DA:160,0
DA:163,26
DA:164,0
DA:165,0
DA:168,26
DA:169,0
DA:172,0
DA:173,0
DA:175,0
DA:176,0
DA:178,0
DA:179,0
DA:182,0
DA:183,0
DA:188,0
DA:189,0
DA:195,0
DA:198,26
DA:199,3
DA:202,26
DA:203,3
DA:205,3
DA:206,3
DA:207,3
DA:208,3
DA:209,3
DA:210,3
DA:214,26
DA:215,2
DA:216,2
DA:217,2
DA:218,2
DA:219,2
DA:220,2
DA:221,2
DA:222,0
DA:223,0
DA:224,0
DA:225,0
DA:226,0
DA:227,0
DA:228,0
DA:229,0
DA:231,0
DA:232,0
DA:233,0
DA:235,2
DA:237,2
DA:238,2
DA:241,26
DA:242,0
DA:243,0
DA:245,0
DA:249,26
DA:261,26
DA:282,26
DA:283,26
DA:284,26
DA:285,26
DA:286,26
DA:300,0
DA:312,0
DA:343,0
DA:392,1
LF:124
LH:64
BRDA:113,0,0,6
BRDA:113,0,1,0
BRDA:114,1,0,0
BRDA:114,1,1,0
BRDA:117,2,0,0
BRDA:117,2,1,0
BRDA:120,3,0,0
BRDA:120,3,1,0
BRDA:150,4,0,0
BRDA:150,4,1,0
BRDA:172,5,0,0
BRDA:172,5,1,0
BRDA:175,6,0,0
BRDA:175,6,1,0
BRDA:175,7,0,0
BRDA:175,7,1,0
BRDA:178,8,0,0
BRDA:178,8,1,0
BRDA:178,9,0,0
BRDA:178,9,1,0
BRDA:182,10,0,0
BRDA:182,10,1,0
BRDA:186,11,0,0
BRDA:186,11,1,0
BRDA:188,12,0,0
BRDA:188,12,1,0
BRDA:189,13,0,0
BRDA:189,13,1,0
BRDA:206,14,0,3
BRDA:206,14,1,0
BRDA:206,15,0,3
BRDA:206,15,1,3
BRDA:215,16,0,0
BRDA:215,16,1,2
BRDA:217,17,0,2
BRDA:217,17,1,0
BRDA:217,18,0,2
BRDA:217,18,1,2
BRDA:222,19,0,0
BRDA:222,19,1,0
BRDA:222,20,0,0
BRDA:222,20,1,0
BRDA:226,21,0,0
BRDA:226,21,1,0
BRDA:226,22,0,0
BRDA:226,22,1,0
BRDA:275,23,0,5
BRDA:275,23,1,21
BRDA:282,24,0,17
BRDA:282,24,1,9
BRDA:283,25,0,17
BRDA:283,25,1,9
BRDA:302,26,0,0
BRDA:302,26,1,26
BRDA:303,27,0,0
BRDA:303,27,1,26
BRDA:314,28,0,0
BRDA:314,28,1,26
BRDA:315,29,0,0
BRDA:315,29,1,26
BRDA:330,30,0,0
BRDA:330,30,1,26
BRDA:359,31,0,8
BRDA:359,31,1,18
BRDA:359,32,0,26
BRDA:359,32,1,8
BRF:66
BRH:23
end_of_record
TN:
SF:src/components/common/ApplicationMaster/ApplicationMastert1.js
FN:54,(anonymous_0)
FN:68,(anonymous_1)
FN:73,(anonymous_2)
FN:100,(anonymous_3)
FN:102,(anonymous_4)
FN:102,(anonymous_5)
FN:106,(anonymous_6)
FN:110,(anonymous_7)
FN:114,(anonymous_8)
FNF:9
FNH:0
FNDA:0,(anonymous_0)
FNDA:0,(anonymous_1)
FNDA:0,(anonymous_2)
FNDA:0,(anonymous_3)
FNDA:0,(anonymous_4)
FNDA:0,(anonymous_5)
FNDA:0,(anonymous_6)
FNDA:0,(anonymous_7)
FNDA:0,(anonymous_8)
DA:18,0
DA:20,0
DA:51,0
DA:54,0
DA:61,0
DA:63,0
DA:68,0
DA:70,0
DA:73,0
DA:100,0
DA:102,0
DA:103,0
DA:106,0
DA:110,0
DA:114,0
DA:116,0
DA:176,0
LF:17
LH:0
BRDA:58,0,0,0
BRDA:58,1,0,0
BRDA:58,2,0,0
BRDA:103,3,0,0
BRDA:103,3,1,0
BRF:5
BRH:0
end_of_record
TN:
SF:src/components/common/ApplicationMaster/CardAction.js
FN:7,(anonymous_0)
FNF:1
FNH:0
FNDA:0,(anonymous_0)
DA:5,1
DA:7,1
DA:8,0
LF:3
LH:2
BRDA:14,0,0,0
BRDA:14,0,1,0
BRDA:14,1,0,0
BRDA:14,1,1,0
BRF:4
BRH:0
end_of_record
TN:
SF:src/components/common/ApplicationMaster/CardApplicationAction.js
FN:13,(anonymous_0)
FN:19,(anonymous_1)
FN:36,(anonymous_2)
FN:39,(anonymous_3)
FN:41,(anonymous_4)
FN:53,(anonymous_5)
FN:55,(anonymous_6)
FN:57,(anonymous_7)
FN:68,(anonymous_8)
FN:95,(anonymous_9)
FN:98,(anonymous_10)
FN:110,(anonymous_11)
FNF:12
FNH:0
FNDA:0,(anonymous_0)
FNDA:0,(anonymous_1)
FNDA:0,(anonymous_2)
FNDA:0,(anonymous_3)
FNDA:0,(anonymous_4)
FNDA:0,(anonymous_5)
FNDA:0,(anonymous_6)
FNDA:0,(anonymous_7)
FNDA:0,(anonymous_8)
FNDA:0,(anonymous_9)
FNDA:0,(anonymous_10)
FNDA:0,(anonymous_11)
DA:11,1
DA:13,1
DA:14,0
DA:15,0
DA:16,0
DA:19,0
DA:20,0
DA:21,0
DA:31,0
DA:32,0
DA:36,0
DA:38,0
DA:39,0
DA:40,0
DA:41,0
DA:42,0
DA:43,0
DA:44,0
DA:45,0
DA:47,0
DA:48,0
DA:49,0
DA:50,0
DA:53,0
DA:54,0
DA:55,0
DA:56,0
DA:57,0
DA:58,0
DA:59,0
DA:62,0
DA:63,0
DA:64,0
DA:68,0
DA:69,0
DA:70,0
DA:73,0
DA:95,0
DA:98,0
DA:110,0
LF:40
LH:2
BRDA:81,0,0,0
BRDA:81,0,1,0
BRDA:92,1,0,0
BRDA:92,1,1,0
BRDA:98,2,0,0
BRDA:98,2,1,0
BRDA:120,3,0,0
BRDA:120,3,1,0
BRF:8
BRH:0
end_of_record
TN:
SF:src/components/common/ApplicationMaster/CardDocument.js
FN:6,(anonymous_0)
FNF:1
FNH:0
FNDA:0,(anonymous_0)
DA:5,1
DA:6,1
DA:7,0
LF:3
LH:2
BRDA:16,0,0,0
BRDA:16,0,1,0
BRDA:22,1,0,0
BRDA:22,1,1,0
BRF:4
BRH:0
end_of_record
TN:
SF:src/components/common/ApplicationMaster/CardDocumentType.js
FN:10,(anonymous_0)
FN:15,(anonymous_1)
FN:16,(anonymous_2)
FN:24,(anonymous_3)
FN:37,(anonymous_4)
FN:39,(anonymous_5)
FN:41,(anonymous_6)
FN:51,(anonymous_7)
FN:52,(anonymous_8)
FN:54,(anonymous_9)
FN:64,(anonymous_10)
FN:97,(anonymous_11)
FN:101,(anonymous_12)
FN:114,(anonymous_13)
FNF:14
FNH:0
FNDA:0,(anonymous_0)
FNDA:0,(anonymous_1)
FNDA:0,(anonymous_2)
FNDA:0,(anonymous_3)
FNDA:0,(anonymous_4)
FNDA:0,(anonymous_5)
FNDA:0,(anonymous_6)
FNDA:0,(anonymous_7)
FNDA:0,(anonymous_8)
FNDA:0,(anonymous_9)
FNDA:0,(anonymous_10)
FNDA:0,(anonymous_11)
FNDA:0,(anonymous_12)
FNDA:0,(anonymous_13)
DA:8,1
DA:10,1
DA:11,0
DA:12,0
DA:13,0
DA:15,0
DA:16,0
DA:18,0
DA:19,0
DA:24,0
DA:25,0
DA:33,0
DA:34,0
DA:37,0
DA:38,0
DA:39,0
DA:40,0
DA:41,0
DA:42,0
DA:43,0
DA:45,0
DA:46,0
DA:47,0
DA:51,0
DA:52,0
DA:53,0
DA:54,0
DA:55,0
DA:56,0
DA:58,0
DA:59,0
DA:60,0
DA:64,0
DA:65,0
DA:66,0
DA:69,0
DA:97,0
DA:101,0
DA:114,0
LF:39
LH:2
BRDA:76,0,0,0
BRDA:76,0,1,0
BRDA:82,1,0,0
BRDA:82,1,1,0
BRDA:85,2,0,0
BRDA:85,2,1,0
BRDA:88,3,0,0
BRDA:88,3,1,0
BRDA:94,4,0,0
BRDA:94,4,1,0
BRDA:99,5,0,0
BRDA:99,5,1,0
BRDA:124,6,0,0
BRDA:124,6,1,0
BRF:14
BRH:0
end_of_record
TN:
SF:src/components/common/ApplicationMaster/CardLocation.js
FN:7,(anonymous_0)
FNF:1
FNH:0
FNDA:0,(anonymous_0)
DA:5,1
DA:7,1
DA:8,0
LF:3
LH:2
BRDA:14,0,0,0
BRDA:14,0,1,0
BRF:2
BRH:0
end_of_record
TN:
SF:src/components/common/ApplicationMaster/DocumentTypes.js
FN:7,(anonymous_0)
FN:7,(anonymous_1)
FN:7,(anonymous_2)
FN:8,(anonymous_3)
FN:11,(anonymous_4)
FN:15,(anonymous_5)
FN:16,(anonymous_6)
FN:29,(anonymous_7)
FNF:8
FNH:0
FNDA:0,(anonymous_0)
FNDA:0,(anonymous_1)
FNDA:0,(anonymous_2)
FNDA:0,(anonymous_3)
FNDA:0,(anonymous_4)
FNDA:0,(anonymous_5)
FNDA:0,(anonymous_6)
FNDA:0,(anonymous_7)
DA:7,1
DA:8,0
DA:9,0
DA:11,0
DA:12,0
DA:15,0
DA:16,0
DA:17,0
DA:18,0
DA:20,0
DA:22,0
DA:30,0
LF:12
LH:1
BRDA:7,0,0,0
BRDA:7,1,0,0
BRDA:7,2,0,0
BRDA:28,3,0,0
BRDA:28,3,1,0
BRF:5
BRH:0
end_of_record
TN:
SF:src/components/common/ApplicationMaster/DocumentTypesForm.js
FN:8,DocumentTypesForm
FN:10,(anonymous_1)
FN:14,(anonymous_2)
FN:22,(anonymous_3)
FN:27,(anonymous_4)
FNF:5
FNH:0
FNDA:0,DocumentTypesForm
FNDA:0,(anonymous_1)
FNDA:0,(anonymous_2)
FNDA:0,(anonymous_3)
FNDA:0,(anonymous_4)
DA:10,0
DA:11,0
DA:14,0
DA:18,0
DA:22,0
DA:27,0
LF:6
LH:0
BRDA:47,0,0,0
BRDA:47,0,1,0
BRF:2
BRH:0
end_of_record
TN:
SF:src/components/common/ApplicationMaster/DrawerUtil.js
FN:19,(anonymous_0)
FN:57,(anonymous_1)
FN:61,(anonymous_2)
FN:66,(anonymous_3)
FN:67,(anonymous_4)
FN:70,(anonymous_5)
FN:74,(anonymous_6)
FN:96,(anonymous_7)
FN:96,(anonymous_8)
FN:102,(anonymous_9)
FN:102,(anonymous_10)
FN:109,(anonymous_11)
FN:109,(anonymous_12)
FNF:13
FNH:7
FNDA:4,(anonymous_0)
FNDA:2,(anonymous_1)
FNDA:2,(anonymous_2)
FNDA:0,(anonymous_3)
FNDA:0,(anonymous_4)
FNDA:0,(anonymous_5)
FNDA:1,(anonymous_6)
FNDA:0,(anonymous_7)
FNDA:4,(anonymous_8)
FNDA:0,(anonymous_9)
FNDA:4,(anonymous_10)
FNDA:0,(anonymous_11)
FNDA:2,(anonymous_12)
DA:17,1
DA:19,1
DA:52,4
DA:53,4
DA:54,4
DA:55,4
DA:57,4
DA:58,2
DA:59,2
DA:61,2
DA:62,2
DA:66,4
DA:67,0
DA:70,4
DA:71,0
DA:74,4
DA:75,1
DA:76,1
DA:77,1
DA:78,0
DA:79,0
DA:82,4
DA:96,4
DA:102,4
DA:109,2
DA:142,1
LF:26
LH:22
BRDA:67,0,0,0
BRDA:67,0,1,0
BRDA:96,1,0,4
BRDA:96,1,1,0
BRDA:97,2,0,4
BRDA:97,2,1,0
BRDA:101,3,0,4
BRDA:101,3,1,4
BRDA:102,4,0,0
BRDA:102,4,1,4
BRDA:103,5,0,0
BRDA:103,5,1,4
BRDA:108,6,0,4
BRDA:108,6,1,2
BRDA:109,7,0,0
BRDA:109,7,1,2
BRDA:110,8,0,0
BRDA:110,8,1,2
BRF:18
BRH:10
end_of_record
TN:
SF:src/components/common/ApplicationMaster/LocationCard.js
FN:8,LocationCard
FN:26,(anonymous_1)
FNF:2
FNH:0
FNDA:0,LocationCard
FNDA:0,(anonymous_1)
DA:6,1
DA:9,0
DA:10,0
DA:12,0
DA:26,0
LF:5
LH:1
BRDA:24,0,0,0
BRDA:24,0,1,0
BRF:2
BRH:0
end_of_record
TN:
SF:src/components/common/ApplicationMaster/ViewApplicationDetailMain.js
FN:12,(anonymous_0)
FN:24,(anonymous_1)
FN:25,(anonymous_2)
FN:57,(anonymous_3)
FN:57,(anonymous_4)
FN:59,(anonymous_5)
FN:67,(anonymous_6)
FN:67,(anonymous_7)
FN:69,(anonymous_8)
FN:76,(anonymous_9)
FN:76,(anonymous_10)
FN:78,(anonymous_11)
FNF:12
FNH:3
FNDA:8,(anonymous_0)
FNDA:0,(anonymous_1)
FNDA:0,(anonymous_2)
FNDA:0,(anonymous_3)
FNDA:0,(anonymous_4)
FNDA:0,(anonymous_5)
FNDA:0,(anonymous_6)
FNDA:8,(anonymous_7)
FNDA:8,(anonymous_8)
FNDA:0,(anonymous_9)
FNDA:0,(anonymous_10)
FNDA:0,(anonymous_11)
DA:9,1
DA:10,1
DA:12,1
DA:13,8
DA:14,8
DA:16,8
DA:24,8
DA:25,0
DA:27,8
DA:33,8
DA:57,0
DA:60,0
DA:67,8
DA:70,8
DA:76,0
DA:79,0
LF:16
LH:11
BRDA:12,0,0,8
BRDA:25,1,0,0
BRDA:25,1,1,0
BRDA:37,2,0,8
BRDA:37,2,1,0
BRDA:38,3,0,8
BRDA:38,3,1,0
BRDA:39,4,0,8
BRDA:39,4,1,0
BRDA:40,5,0,8
BRDA:40,5,1,0
BRDA:41,6,0,8
BRDA:41,6,1,0
BRDA:42,7,0,0
BRDA:42,7,1,8
BRDA:43,8,0,8
BRDA:43,8,1,8
BRDA:44,9,0,8
BRDA:44,9,1,0
BRDA:44,10,0,8
BRDA:44,10,1,8
BRDA:56,11,0,8
BRDA:56,11,1,0
BRDA:57,12,0,0
BRDA:57,12,1,0
BRDA:58,13,0,0
BRDA:58,13,1,0
BRDA:66,14,0,8
BRDA:66,14,1,8
BRDA:67,15,0,0
BRDA:67,15,1,8
BRDA:68,16,0,0
BRDA:68,16,1,8
BRDA:75,17,0,8
BRDA:75,17,1,0
BRDA:76,18,0,0
BRDA:76,18,1,0
BRDA:77,19,0,0
BRDA:77,19,1,0
BRF:39
BRH:18
end_of_record
TN:
SF:src/components/common/ApplicationMaster/ViewApplicationDetails.js
FN:14,(anonymous_0)
FN:18,(anonymous_1)
FN:19,(anonymous_2)
FN:97,(anonymous_3)
FN:97,(anonymous_4)
FN:99,(anonymous_5)
FN:109,(anonymous_6)
FN:109,(anonymous_7)
FN:111,(anonymous_8)
FN:120,(anonymous_9)
FN:120,(anonymous_10)
FN:122,(anonymous_11)
FNF:12
FNH:0
FNDA:0,(anonymous_0)
FNDA:0,(anonymous_1)
FNDA:0,(anonymous_2)
FNDA:0,(anonymous_3)
FNDA:0,(anonymous_4)
FNDA:0,(anonymous_5)
FNDA:0,(anonymous_6)
FNDA:0,(anonymous_7)
FNDA:0,(anonymous_8)
FNDA:0,(anonymous_9)
FNDA:0,(anonymous_10)
FNDA:0,(anonymous_11)
DA:11,1
DA:12,1
DA:14,1
DA:15,0
DA:16,0
DA:18,0
DA:19,0
DA:21,0
DA:27,0
DA:97,0
DA:100,0
DA:109,0
DA:112,0
DA:120,0
DA:123,0
LF:15
LH:3
BRDA:19,0,0,0
BRDA:19,0,1,0
BRDA:43,1,0,0
BRDA:43,1,1,0
BRDA:50,2,0,0
BRDA:50,2,1,0
BRDA:56,3,0,0
BRDA:56,3,1,0
BRDA:63,4,0,0
BRDA:63,4,1,0
BRDA:69,5,0,0
BRDA:69,5,1,0
BRDA:76,6,0,0
BRDA:76,6,1,0
BRDA:83,7,0,0
BRDA:83,7,1,0
BRDA:91,8,0,0
BRDA:91,8,1,0
BRDA:91,9,0,0
BRDA:91,9,1,0
BRDA:95,10,0,0
BRDA:95,10,1,0
BRDA:97,11,0,0
BRDA:97,11,1,0
BRDA:98,12,0,0
BRDA:98,12,1,0
BRDA:107,13,0,0
BRDA:107,13,1,0
BRDA:109,14,0,0
BRDA:109,14,1,0
BRDA:110,15,0,0
BRDA:110,15,1,0
BRDA:118,16,0,0
BRDA:118,16,1,0
BRDA:120,17,0,0
BRDA:120,17,1,0
BRDA:121,18,0,0
BRDA:121,18,1,0
BRF:38
BRH:0
end_of_record
TN:
SF:src/components/common/ApplicationMaster/index.js
FNF:0
FNH:0
LF:0
LH:0
BRF:0
BRH:0
end_of_record
TN:
SF:src/components/common/Button/index.js
FNF:0
FNH:0
LF:0
LH:0
BRF:0
BRH:0
end_of_record
TN:
SF:src/components/common/Button/HierarchyFormButton/HierarchyFormButton.js
FN:7,(anonymous_0)
FN:14,(anonymous_1)
FN:25,(anonymous_2)
FN:31,(anonymous_3)
FNF:4
FNH:4
FNDA:35,(anonymous_0)
FNDA:5,(anonymous_1)
FNDA:2,(anonymous_2)
FNDA:3,(anonymous_3)
DA:7,6
DA:8,35
DA:15,5
DA:25,2
DA:31,3
LF:5
LH:5
BRDA:11,0,0,35
BRDA:11,0,1,35
BRDA:24,1,0,35
BRDA:24,1,1,21
BRDA:30,2,0,35
BRDA:30,2,1,35
BRF:6
BRH:6
end_of_record
TN:
SF:src/components/common/Button/HierarchyFormButton/index.js
FNF:0
FNH:0
LF:0
LH:0
BRF:0
BRH:0
end_of_record
TN:
SF:src/components/common/ChangeHistory/ChangeHistory.js
FN:12,(anonymous_0)
FN:30,(anonymous_1)
FN:42,(anonymous_2)
FN:43,(anonymous_3)
FN:54,(anonymous_4)
FN:93,(anonymous_5)
FNF:6
FNH:0
FNDA:0,(anonymous_0)
FNDA:0,(anonymous_1)
FNDA:0,(anonymous_2)
FNDA:0,(anonymous_3)
FNDA:0,(anonymous_4)
FNDA:0,(anonymous_5)
DA:12,1
DA:18,0
DA:20,0
DA:27,0
DA:30,1
DA:42,1
DA:43,0
DA:44,0
DA:45,0
DA:50,0
DA:54,0
DA:93,0
DA:97,0
DA:102,0
DA:109,1
LF:15
LH:4
BRDA:16,0,0,0
BRDA:16,1,0,0
BRDA:44,2,0,0
BRDA:44,2,1,0
BRDA:93,3,0,0
BRDA:93,3,1,0
BRF:6
BRH:0
end_of_record
TN:
SF:src/components/common/ChangeHistory/index.js
FNF:0
FNH:0
LF:0
LH:0
BRF:0
BRH:0
end_of_record
TN:
SF:src/components/common/ChangePassword/ChangePassword.js
FN:7,(anonymous_0)
FN:7,(anonymous_1)
FN:11,(anonymous_2)
FNF:3
FNH:0
FNDA:0,(anonymous_0)
FNDA:0,(anonymous_1)
FNDA:0,(anonymous_2)
DA:7,1
DA:8,0
DA:9,0
DA:11,0
DA:12,0
DA:13,0
DA:14,0
DA:18,0
DA:24,0
DA:28,0
LF:10
LH:1
BRDA:7,0,0,0
BRDA:7,1,0,0
BRDA:7,2,0,0
BRDA:7,3,0,0
BRDA:31,4,0,0
BRDA:31,4,1,0
BRF:6
BRH:0
end_of_record
TN:
SF:src/components/common/ChangePassword/ChangePasswordForm.js
FN:18,(anonymous_0)
FN:36,(anonymous_1)
FN:49,(anonymous_2)
FN:49,(anonymous_3)
FN:53,(anonymous_4)
FN:55,(anonymous_5)
FN:60,(anonymous_6)
FN:70,(anonymous_7)
FN:85,(anonymous_8)
FN:86,(anonymous_9)
FN:86,(anonymous_10)
FN:86,(anonymous_11)
FN:104,(anonymous_12)
FN:119,(anonymous_13)
FN:120,(anonymous_14)
FNF:15
FNH:2
FNDA:0,(anonymous_0)
FNDA:0,(anonymous_1)
FNDA:3,(anonymous_2)
FNDA:0,(anonymous_3)
FNDA:0,(anonymous_4)
FNDA:0,(anonymous_5)
FNDA:0,(anonymous_6)
FNDA:0,(anonymous_7)
FNDA:9,(anonymous_8)
FNDA:0,(anonymous_9)
FNDA:0,(anonymous_10)
FNDA:0,(anonymous_11)
FNDA:0,(anonymous_12)
FNDA:0,(anonymous_13)
FNDA:0,(anonymous_14)
DA:18,2
DA:25,0
DA:27,0
DA:36,2
DA:49,2
DA:50,3
DA:51,3
DA:53,3
DA:54,0
DA:55,0
DA:56,0
DA:57,0
DA:59,0
DA:61,0
DA:62,0
DA:70,0
DA:71,0
DA:74,0
DA:82,0
DA:85,3
DA:86,9
DA:91,3
DA:104,0
DA:119,0
DA:121,0
DA:122,0
DA:124,0
DA:144,2
LF:28
LH:10
BRDA:23,0,0,0
BRDA:49,1,0,3
BRDA:49,2,0,3
BRDA:49,3,0,3
BRDA:49,4,0,3
BRDA:61,5,0,0
BRDA:61,5,1,0
BRDA:87,6,0,9
BRDA:87,6,1,0
BRDA:96,7,0,0
BRDA:96,7,1,3
BRDA:104,8,0,0
BRDA:104,8,1,3
BRDA:121,9,0,0
BRDA:121,9,1,0
BRDA:121,10,0,0
BRDA:121,10,1,0
BRDA:129,11,0,0
BRDA:129,11,1,3
BRF:19
BRH:8
end_of_record
TN:
SF:src/components/common/ChangePassword/index.js
FNF:0
FNH:0
LF:0
LH:0
BRF:0
BRH:0
end_of_record
TN:
SF:src/components/common/ConfigurableParameterEditing/AddEditForm.js
FN:16,(anonymous_0)
FN:21,(anonymous_1)
FN:25,(anonymous_2)
FN:29,(anonymous_3)
FN:30,(anonymous_4)
FN:36,(anonymous_5)
FN:57,(anonymous_6)
FN:71,(anonymous_7)
FN:78,(anonymous_8)
FN:146,(anonymous_9)
FN:152,(anonymous_10)
FNF:11
FNH:0
FNDA:0,(anonymous_0)
FNDA:0,(anonymous_1)
FNDA:0,(anonymous_2)
FNDA:0,(anonymous_3)
FNDA:0,(anonymous_4)
FNDA:0,(anonymous_5)
FNDA:0,(anonymous_6)
FNDA:0,(anonymous_7)
FNDA:0,(anonymous_8)
FNDA:0,(anonymous_9)
FNDA:0,(anonymous_10)
DA:13,1
DA:14,1
DA:16,1
DA:17,0
DA:18,0
DA:19,0
DA:21,0
DA:22,0
DA:25,0
DA:26,0
DA:29,0
DA:30,0
DA:31,0
DA:36,0
DA:37,0
DA:40,0
DA:49,0
DA:57,0
DA:71,0
DA:78,0
DA:146,0
DA:152,0
DA:168,1
LF:23
LH:4
BRDA:51,0,0,0
BRDA:51,0,1,0
BRDA:57,1,0,0
BRDA:57,1,1,0
BRDA:57,1,2,0
BRDA:71,2,0,0
BRDA:71,2,1,0
BRDA:71,2,2,0
BRDA:78,3,0,0
BRDA:78,3,1,0
BRDA:78,3,2,0
BRDA:86,4,0,0
BRDA:86,4,1,0
BRDA:86,5,0,0
BRDA:86,5,1,0
BRDA:90,6,0,0
BRDA:90,6,1,0
BRDA:90,7,0,0
BRDA:90,7,1,0
BRDA:104,8,0,0
BRDA:104,8,1,0
BRDA:104,9,0,0
BRDA:104,9,1,0
BRDA:118,10,0,0
BRDA:118,10,1,0
BRDA:118,11,0,0
BRDA:118,11,1,0
BRDA:140,12,0,0
BRDA:140,12,1,0
BRDA:145,13,0,0
BRDA:145,13,1,0
BRDA:145,13,2,0
BRDA:151,14,0,0
BRDA:151,14,1,0
BRDA:157,15,0,0
BRDA:157,15,1,0
BRF:36
BRH:0
end_of_record
TN:
SF:src/components/common/ConfigurableParameterEditing/ConfigurableParameterEditing.js
FN:24,(anonymous_0)
FN:40,(anonymous_1)
FN:45,(anonymous_2)
FN:58,(anonymous_3)
FN:81,(anonymous_4)
FN:87,(anonymous_5)
FN:89,(anonymous_6)
FN:99,(anonymous_7)
FN:102,(anonymous_8)
FN:103,(anonymous_9)
FN:105,(anonymous_10)
FN:111,(anonymous_11)
FN:117,(anonymous_12)
FN:128,(anonymous_13)
FN:134,(anonymous_14)
FN:144,(anonymous_15)
FN:145,(anonymous_16)
FN:148,(anonymous_17)
FN:182,(anonymous_18)
FN:195,(anonymous_19)
FN:202,(anonymous_20)
FN:209,(anonymous_21)
FN:216,(anonymous_22)
FN:219,(anonymous_23)
FN:224,(anonymous_24)
FN:233,(anonymous_25)
FN:237,(anonymous_26)
FN:246,(anonymous_27)
FN:258,(anonymous_28)
FN:262,(anonymous_29)
FN:266,(anonymous_30)
FN:269,(anonymous_31)
FN:284,(anonymous_32)
FN:299,(anonymous_33)
FN:300,(anonymous_34)
FN:318,(anonymous_35)
FN:380,(anonymous_36)
FNF:37
FNH:4
FNDA:0,(anonymous_0)
FNDA:0,(anonymous_1)
FNDA:0,(anonymous_2)
FNDA:3,(anonymous_3)
FNDA:0,(anonymous_4)
FNDA:3,(anonymous_5)
FNDA:0,(anonymous_6)
FNDA:3,(anonymous_7)
FNDA:0,(anonymous_8)
FNDA:0,(anonymous_9)
FNDA:0,(anonymous_10)
FNDA:0,(anonymous_11)
FNDA:0,(anonymous_12)
FNDA:0,(anonymous_13)
FNDA:0,(anonymous_14)
FNDA:0,(anonymous_15)
FNDA:0,(anonymous_16)
FNDA:0,(anonymous_17)
FNDA:0,(anonymous_18)
FNDA:0,(anonymous_19)
FNDA:0,(anonymous_20)
FNDA:0,(anonymous_21)
FNDA:0,(anonymous_22)
FNDA:0,(anonymous_23)
FNDA:0,(anonymous_24)
FNDA:0,(anonymous_25)
FNDA:0,(anonymous_26)
FNDA:0,(anonymous_27)
FNDA:0,(anonymous_28)
FNDA:0,(anonymous_29)
FNDA:0,(anonymous_30)
FNDA:0,(anonymous_31)
FNDA:0,(anonymous_32)
FNDA:0,(anonymous_33)
FNDA:0,(anonymous_34)
FNDA:0,(anonymous_35)
FNDA:6,(anonymous_36)
DA:22,1
DA:24,1
DA:30,0
DA:32,0
DA:34,0
DA:40,0
DA:42,0
DA:45,1
DA:58,1
DA:59,3
DA:60,3
DA:61,3
DA:63,3
DA:64,3
DA:66,3
DA:67,3
DA:68,3
DA:70,3
DA:71,3
DA:72,3
DA:73,3
DA:74,3
DA:75,3
DA:76,3
DA:77,3
DA:79,3
DA:81,3
DA:82,0
DA:83,0
DA:84,0
DA:87,3
DA:88,3
DA:89,0
DA:90,0
DA:92,0
DA:94,0
DA:99,3
DA:100,3
DA:101,0
DA:102,0
DA:103,0
DA:105,0
DA:111,3
DA:112,0
DA:113,0
DA:114,0
DA:115,0
DA:116,0
DA:117,0
DA:118,0
DA:119,0
DA:120,0
DA:121,0
DA:123,0
DA:124,0
DA:128,3
DA:129,0
DA:130,0
DA:132,0
DA:133,0
DA:134,0
DA:135,0
DA:136,0
DA:137,0
DA:138,0
DA:141,0
DA:144,3
DA:145,0
DA:148,3
DA:149,0
DA:150,0
DA:152,0
DA:153,0
DA:155,0
DA:156,0
DA:158,0
DA:159,0
DA:161,0
DA:162,0
DA:164,0
DA:165,0
DA:167,0
DA:170,3
DA:171,3
DA:182,0
DA:195,0
DA:202,0
DA:209,0
DA:216,0
DA:219,0
DA:224,0
DA:233,3
DA:234,0
DA:237,3
DA:238,0
DA:239,0
DA:240,0
DA:241,0
DA:242,0
DA:243,0
DA:246,3
DA:247,0
DA:248,0
DA:249,0
DA:251,0
DA:252,0
DA:253,0
DA:254,0
DA:255,0
DA:258,3
DA:259,0
DA:262,3
DA:263,0
DA:266,3
DA:267,0
DA:268,0
DA:269,0
DA:270,0
DA:271,0
DA:272,0
DA:273,0
DA:275,0
DA:276,0
DA:277,0
DA:279,0
DA:280,0
DA:284,0
DA:285,0
DA:288,0
DA:296,0
DA:299,3
DA:300,0
DA:302,3
DA:307,3
DA:318,0
DA:333,3
DA:381,6
DA:422,1
LF:138
LH:44
BRDA:28,0,0,0
BRDA:28,1,0,0
BRDA:28,2,0,0
BRDA:88,3,0,0
BRDA:88,3,1,3
BRDA:90,4,0,0
BRDA:90,4,1,0
BRDA:100,5,0,0
BRDA:100,5,1,3
BRDA:100,6,0,3
BRDA:100,6,1,0
BRDA:100,6,2,0
BRDA:101,7,0,0
BRDA:101,7,1,0
BRDA:102,8,0,0
BRDA:102,8,1,0
BRDA:119,9,0,0
BRDA:119,9,1,0
BRDA:120,10,0,0
BRDA:120,10,1,0
BRDA:123,11,0,0
BRDA:123,11,1,0
BRDA:135,12,0,0
BRDA:135,12,1,0
BRDA:136,13,0,0
BRDA:136,13,1,0
BRDA:137,14,0,0
BRDA:137,14,1,0
BRDA:145,15,0,0
BRDA:145,15,1,0
BRDA:150,16,0,0
BRDA:150,16,1,0
BRDA:150,16,2,0
BRDA:150,16,3,0
BRDA:150,16,4,0
BRDA:161,17,0,0
BRDA:161,17,1,0
BRDA:267,18,0,0
BRDA:267,18,1,0
BRDA:275,19,0,0
BRDA:275,19,1,0
BRDA:275,20,0,0
BRDA:275,20,1,0
BRDA:319,21,0,0
BRDA:319,21,1,3
BRDA:319,22,0,0
BRDA:319,22,1,3
BRDA:362,23,0,3
BRDA:362,23,1,0
BRDA:387,24,0,0
BRDA:387,24,1,6
BRDA:397,25,0,0
BRDA:397,25,1,6
BRF:53
BRH:8
end_of_record
TN:
SF:src/components/common/ConfigurableParameterEditing/InputType.js
FNF:0
FNH:0
DA:1,1
LF:1
LH:1
BRF:0
BRH:0
end_of_record
TN:
SF:src/components/common/ConfigurableParameterEditing/ViewConfigDetails.js
FN:6,(anonymous_0)
FNF:1
FNH:0
FNDA:0,(anonymous_0)
DA:6,1
DA:7,0
DA:13,0
DA:43,1
LF:4
LH:2
BRDA:22,0,0,0
BRDA:22,0,1,0
BRDA:24,1,0,0
BRDA:24,1,1,0
BRDA:29,2,0,0
BRDA:29,2,1,0
BRDA:34,3,0,0
BRDA:34,3,1,0
BRF:8
BRH:0
end_of_record
TN:
SF:src/components/common/ConfigurableParameterEditing/index.js
FNF:0
FNH:0
LF:0
LH:0
BRF:0
BRH:0
end_of_record
TN:
SF:src/components/common/CriticalityGroup/CriticalityGroup.js
FN:25,(anonymous_0)
FN:47,(anonymous_1)
FN:61,(anonymous_2)
FN:83,(anonymous_3)
FN:86,(anonymous_4)
FN:89,(anonymous_5)
FN:94,(anonymous_6)
FN:101,(anonymous_7)
FN:104,(anonymous_8)
FN:114,(anonymous_9)
FN:121,(anonymous_10)
FN:122,(anonymous_11)
FN:136,(anonymous_12)
FN:151,(anonymous_13)
FN:168,(anonymous_14)
FN:169,(anonymous_15)
FN:172,(anonymous_16)
FN:184,(anonymous_17)
FN:190,(anonymous_18)
FN:212,(anonymous_19)
FN:217,(anonymous_20)
FN:236,(anonymous_21)
FN:243,(anonymous_22)
FN:261,(anonymous_23)
FN:265,(anonymous_24)
FN:269,(anonymous_25)
FN:278,(anonymous_26)
FN:294,(anonymous_27)
FN:300,(anonymous_28)
FN:306,(anonymous_29)
FN:310,(anonymous_30)
FN:315,(anonymous_31)
FN:405,(anonymous_32)
FNF:33
FNH:6
FNDA:0,(anonymous_0)
FNDA:0,(anonymous_1)
FNDA:20,(anonymous_2)
FNDA:0,(anonymous_3)
FNDA:0,(anonymous_4)
FNDA:0,(anonymous_5)
FNDA:0,(anonymous_6)
FNDA:0,(anonymous_7)
FNDA:0,(anonymous_8)
FNDA:0,(anonymous_9)
FNDA:0,(anonymous_10)
FNDA:0,(anonymous_11)
FNDA:0,(anonymous_12)
FNDA:0,(anonymous_13)
FNDA:0,(anonymous_14)
FNDA:0,(anonymous_15)
FNDA:0,(anonymous_16)
FNDA:0,(anonymous_17)
FNDA:0,(anonymous_18)
FNDA:0,(anonymous_19)
FNDA:0,(anonymous_20)
FNDA:0,(anonymous_21)
FNDA:0,(anonymous_22)
FNDA:0,(anonymous_23)
FNDA:0,(anonymous_24)
FNDA:0,(anonymous_25)
FNDA:18,(anonymous_26)
FNDA:18,(anonymous_27)
FNDA:18,(anonymous_28)
FNDA:18,(anonymous_29)
FNDA:0,(anonymous_30)
FNDA:0,(anonymous_31)
FNDA:20,(anonymous_32)
DA:23,1
DA:25,1
DA:34,0
DA:36,0
DA:44,0
DA:47,1
DA:61,1
DA:62,20
DA:63,20
DA:64,20
DA:65,20
DA:66,20
DA:67,20
DA:68,20
DA:69,20
DA:70,20
DA:71,20
DA:72,20
DA:73,20
DA:74,20
DA:75,20
DA:76,20
DA:77,20
DA:78,20
DA:79,20
DA:80,20
DA:81,20
DA:82,20
DA:83,20
DA:84,20
DA:86,20
DA:87,0
DA:89,20
DA:90,0
DA:94,20
DA:95,0
DA:96,0
DA:101,20
DA:102,0
DA:103,0
DA:104,0
DA:105,0
DA:107,0
DA:114,20
DA:115,0
DA:116,0
DA:121,20
DA:122,0
DA:123,0
DA:131,0
DA:133,0
DA:134,0
DA:136,0
DA:137,0
DA:138,0
DA:139,0
DA:140,0
DA:141,0
DA:142,0
DA:143,0
DA:144,0
DA:146,0
DA:147,0
DA:151,0
DA:152,0
DA:153,0
DA:156,0
DA:164,0
DA:165,0
DA:168,20
DA:169,0
DA:172,20
DA:173,0
DA:174,0
DA:175,0
DA:176,0
DA:177,0
DA:178,0
DA:179,0
DA:180,0
DA:181,0
DA:184,20
DA:185,0
DA:186,0
DA:187,0
DA:188,0
DA:189,0
DA:190,0
DA:191,0
DA:197,0
DA:199,0
DA:207,0
DA:208,0
DA:209,0
DA:212,20
DA:213,0
DA:214,0
DA:215,0
DA:216,0
DA:217,0
DA:218,0
DA:224,0
DA:231,0
DA:232,0
DA:233,0
DA:236,20
DA:237,0
DA:239,0
DA:240,0
DA:241,0
DA:242,0
DA:243,0
DA:244,0
DA:249,0
DA:256,0
DA:257,0
DA:258,0
DA:261,20
DA:262,0
DA:265,20
DA:266,0
DA:269,20
DA:270,0
DA:273,20
DA:278,18
DA:294,18
DA:300,18
DA:307,18
DA:310,0
DA:315,0
DA:326,20
DA:406,20
DA:446,1
LF:133
LH:49
BRDA:29,0,0,0
BRDA:29,1,0,0
BRDA:32,2,0,0
BRDA:68,3,0,0
BRDA:68,3,1,20
BRDA:95,4,0,0
BRDA:95,4,1,0
BRDA:95,5,0,0
BRDA:95,5,1,0
BRDA:102,6,0,0
BRDA:102,6,1,0
BRDA:102,7,0,0
BRDA:102,7,1,0
BRDA:103,8,0,0
BRDA:103,8,1,0
BRDA:104,9,0,0
BRDA:104,9,1,0
BRDA:115,10,0,0
BRDA:115,10,1,0
BRDA:124,11,0,0
BRDA:124,11,1,0
BRDA:131,12,0,0
BRDA:131,12,1,0
BRDA:131,13,0,0
BRDA:131,13,1,0
BRDA:133,14,0,0
BRDA:133,14,1,0
BRDA:134,15,0,0
BRDA:134,15,1,0
BRDA:134,16,0,0
BRDA:134,16,1,0
BRDA:134,17,0,0
BRDA:134,17,1,0
BRDA:142,18,0,0
BRDA:142,18,1,0
BRDA:294,19,0,0
BRDA:294,19,1,18
BRDA:300,20,0,0
BRDA:300,20,1,18
BRDA:344,21,0,18
BRDA:344,21,1,2
BRDA:412,22,0,2
BRDA:412,22,1,18
BRDA:422,23,0,2
BRDA:422,23,1,18
BRF:45
BRH:9
end_of_record
TN:
SF:src/components/common/CriticalityGroup/DrawerUtil.js
FN:15,(anonymous_0)
FN:30,(anonymous_1)
FN:48,(anonymous_2)
FN:58,(anonymous_3)
FN:61,(anonymous_4)
FN:66,(anonymous_5)
FN:81,(anonymous_6)
FN:85,(anonymous_7)
FN:89,(anonymous_8)
FN:90,(anonymous_9)
FN:102,(anonymous_10)
FN:106,(anonymous_11)
FN:109,(anonymous_12)
FN:113,(anonymous_13)
FN:118,(anonymous_14)
FN:121,(anonymous_15)
FN:125,(anonymous_16)
FN:125,(anonymous_17)
FN:148,(anonymous_18)
FN:192,(anonymous_19)
FN:198,(anonymous_20)
FN:209,(anonymous_21)
FN:218,(anonymous_22)
FN:248,(anonymous_23)
FN:284,(anonymous_24)
FNF:25
FNH:1
FNDA:40,(anonymous_0)
FNDA:0,(anonymous_1)
FNDA:0,(anonymous_2)
FNDA:0,(anonymous_3)
FNDA:0,(anonymous_4)
FNDA:0,(anonymous_5)
FNDA:0,(anonymous_6)
FNDA:0,(anonymous_7)
FNDA:0,(anonymous_8)
FNDA:0,(anonymous_9)
FNDA:0,(anonymous_10)
FNDA:0,(anonymous_11)
FNDA:0,(anonymous_12)
FNDA:0,(anonymous_13)
FNDA:0,(anonymous_14)
FNDA:0,(anonymous_15)
FNDA:0,(anonymous_16)
FNDA:0,(anonymous_17)
FNDA:0,(anonymous_18)
FNDA:0,(anonymous_19)
FNDA:0,(anonymous_20)
FNDA:0,(anonymous_21)
FNDA:0,(anonymous_22)
FNDA:0,(anonymous_23)
FNDA:0,(anonymous_24)
DA:15,1
DA:16,40
DA:17,40
DA:18,0
DA:19,0
DA:21,0
DA:22,0
DA:23,0
DA:24,0
DA:25,0
DA:26,0
DA:27,0
DA:30,0
DA:31,0
DA:34,0
DA:37,0
DA:38,0
DA:39,0
DA:40,0
DA:41,0
DA:43,0
DA:44,0
DA:48,0
DA:49,0
DA:50,0
DA:53,0
DA:54,0
DA:55,0
DA:58,0
DA:59,0
DA:60,0
DA:61,0
DA:62,0
DA:63,0
DA:66,0
DA:68,0
DA:69,0
DA:70,0
DA:71,0
DA:72,0
DA:73,0
DA:78,0
DA:81,0
DA:85,0
DA:86,0
DA:87,0
DA:88,0
DA:89,0
DA:90,0
DA:91,0
DA:92,0
DA:93,0
DA:96,0
DA:102,0
DA:103,0
DA:106,0
DA:107,0
DA:108,0
DA:109,0
DA:110,0
DA:111,0
DA:112,0
DA:113,0
DA:114,0
DA:117,0
DA:119,0
DA:122,0
DA:125,0
DA:126,0
DA:127,0
DA:128,0
DA:132,0
DA:148,0
DA:192,0
DA:198,0
DA:210,0
DA:219,0
DA:220,0
DA:249,0
DA:285,0
DA:286,0
DA:287,0
DA:288,0
DA:290,0
LF:84
LH:3
BRDA:22,0,0,0
BRDA:22,0,1,0
BRDA:24,1,0,0
BRDA:24,1,1,0
BRDA:26,2,0,0
BRDA:26,2,1,0
BRDA:31,3,0,0
BRDA:31,3,1,0
BRDA:34,4,0,0
BRDA:34,4,1,0
BRDA:38,5,0,0
BRDA:38,5,1,0
BRDA:62,6,0,0
BRDA:62,6,1,0
BRDA:71,7,0,0
BRDA:71,7,1,0
BRDA:91,8,0,0
BRDA:91,8,1,0
BRDA:91,9,0,0
BRDA:91,9,1,0
BRDA:96,10,0,0
BRDA:96,10,1,0
BRDA:110,11,0,0
BRDA:110,11,1,0
BRDA:110,12,0,0
BRDA:110,12,1,0
BRDA:112,13,0,0
BRDA:112,13,1,0
BRDA:114,14,0,0
BRDA:114,14,1,0
BRDA:128,15,0,0
BRDA:128,15,1,0
BRDA:128,16,0,0
BRDA:128,16,1,0
BRDA:135,17,0,0
BRDA:135,17,1,0
BRDA:143,18,0,0
BRDA:143,18,1,0
BRDA:147,19,0,0
BRDA:147,19,1,0
BRDA:154,20,0,0
BRDA:154,20,1,0
BRDA:161,21,0,0
BRDA:161,21,1,0
BRDA:185,22,0,0
BRDA:185,22,1,0
BRDA:192,23,0,0
BRDA:192,23,1,0
BRDA:198,24,0,0
BRDA:198,24,1,0
BRDA:229,25,0,0
BRDA:229,25,1,0
BRDA:253,26,0,0
BRDA:253,26,1,0
BRDA:264,27,0,0
BRDA:264,27,1,0
BRF:56
BRH:0
end_of_record
TN:
SF:src/components/common/CriticalityGroup/index.js
FNF:0
FNH:0
LF:0
LH:0
BRF:0
BRH:0
end_of_record
TN:
SF:src/components/common/DealerHierarchy/AddEditForm.js
FN:14,(anonymous_0)
FN:24,(anonymous_1)
FN:26,(anonymous_2)
FN:45,(anonymous_3)
FN:49,(anonymous_4)
FN:57,(anonymous_5)
FN:58,(anonymous_6)
FN:74,(anonymous_7)
FN:78,(anonymous_8)
FN:122,(anonymous_9)
FN:397,(anonymous_10)
FNF:11
FNH:4
FNDA:7,(anonymous_0)
FNDA:4,(anonymous_1)
FNDA:0,(anonymous_2)
FNDA:2,(anonymous_3)
FNDA:3,(anonymous_4)
FNDA:0,(anonymous_5)
FNDA:0,(anonymous_6)
FNDA:0,(anonymous_7)
FNDA:0,(anonymous_8)
FNDA:0,(anonymous_9)
FNDA:0,(anonymous_10)
DA:12,1
DA:14,1
DA:15,7
DA:16,7
DA:17,7
DA:18,7
DA:19,7
DA:20,7
DA:22,7
DA:24,7
DA:25,4
DA:26,4
DA:27,4
DA:28,4
DA:29,4
DA:30,4
DA:35,7
DA:36,7
DA:37,7
DA:38,2
DA:39,2
DA:40,5
DA:41,3
DA:42,3
DA:43,2
DA:44,2
DA:45,2
DA:46,2
DA:49,7
DA:53,3
DA:57,7
DA:58,0
DA:59,0
DA:60,0
DA:61,0
DA:64,7
DA:74,7
DA:75,0
DA:78,7
DA:79,0
DA:82,7
DA:83,7
DA:84,7
DA:85,7
DA:87,7
DA:90,7
DA:115,7
DA:123,0
DA:397,0
DA:419,1
LF:50
LH:42
BRDA:15,0,0,7
BRDA:25,1,0,4
BRDA:25,1,1,0
BRDA:27,2,0,4
BRDA:27,2,1,0
BRDA:28,3,0,4
BRDA:28,3,1,0
BRDA:37,4,0,2
BRDA:37,4,1,5
BRDA:37,5,0,7
BRDA:37,5,1,5
BRDA:40,6,0,3
BRDA:40,6,1,2
BRDA:43,7,0,2
BRDA:43,7,1,0
BRDA:46,8,0,2
BRDA:46,8,1,2
BRDA:67,9,0,7
BRDA:67,9,1,2
BRDA:87,10,0,0
BRDA:87,10,1,7
BRDA:87,11,0,0
BRDA:87,11,1,7
BRDA:87,12,0,0
BRDA:87,12,1,7
BRDA:87,13,0,0
BRDA:87,13,1,7
BRDA:94,14,0,7
BRDA:94,14,1,5
BRDA:100,15,0,7
BRDA:100,15,1,5
BRDA:108,16,0,7
BRDA:108,16,1,5
BRDA:144,17,0,7
BRDA:144,17,1,7
BRDA:145,18,0,0
BRDA:145,18,1,7
BRDA:149,19,0,0
BRDA:149,19,1,0
BRDA:150,20,0,0
BRDA:150,20,1,0
BRDA:156,21,0,0
BRDA:156,21,1,0
BRDA:164,22,0,0
BRDA:164,22,1,0
BRDA:197,23,0,0
BRDA:197,23,1,7
BRDA:202,24,0,0
BRDA:202,24,1,0
BRDA:208,25,0,0
BRDA:208,25,1,0
BRDA:216,26,0,0
BRDA:216,26,1,0
BRDA:258,27,0,0
BRDA:258,27,1,7
BRDA:263,28,0,0
BRDA:263,28,1,0
BRDA:269,29,0,0
BRDA:269,29,1,0
BRDA:276,30,0,0
BRDA:276,30,1,0
BRDA:301,31,0,0
BRDA:301,31,1,0
BRDA:330,32,0,0
BRDA:330,32,1,7
BRDA:335,33,0,0
BRDA:335,33,1,0
BRDA:341,34,0,0
BRDA:341,34,1,0
BRDA:349,35,0,0
BRDA:349,35,1,0
BRF:71
BRH:31
end_of_record
TN:
SF:src/components/common/DealerHierarchy/Dealer.js
FN:25,(anonymous_0)
FN:43,(anonymous_1)
FN:48,(anonymous_2)
FN:66,(anonymous_3)
FN:88,(anonymous_4)
FN:92,(anonymous_5)
FN:96,(anonymous_6)
FN:103,(anonymous_7)
FN:108,(anonymous_8)
FN:109,(anonymous_9)
FN:112,(anonymous_10)
FN:115,(anonymous_11)
FN:132,(anonymous_12)
FN:139,(anonymous_13)
FN:141,(anonymous_14)
FN:144,(anonymous_15)
FN:146,(anonymous_16)
FN:156,(anonymous_17)
FN:160,(anonymous_18)
FN:173,(anonymous_19)
FN:182,(anonymous_20)
FN:183,(anonymous_21)
FN:193,(anonymous_22)
FN:212,(anonymous_23)
FN:213,(anonymous_24)
FN:216,(anonymous_25)
FN:220,(anonymous_26)
FN:259,(anonymous_27)
FNF:28
FNH:11
FNDA:0,(anonymous_0)
FNDA:0,(anonymous_1)
FNDA:0,(anonymous_2)
FNDA:49,(anonymous_3)
FNDA:0,(anonymous_4)
FNDA:0,(anonymous_5)
FNDA:14,(anonymous_6)
FNDA:14,(anonymous_7)
FNDA:66,(anonymous_8)
FNDA:0,(anonymous_9)
FNDA:0,(anonymous_10)
FNDA:379,(anonymous_11)
FNDA:5,(anonymous_12)
FNDA:5,(anonymous_13)
FNDA:0,(anonymous_14)
FNDA:0,(anonymous_15)
FNDA:20,(anonymous_16)
FNDA:0,(anonymous_17)
FNDA:0,(anonymous_18)
FNDA:0,(anonymous_19)
FNDA:0,(anonymous_20)
FNDA:0,(anonymous_21)
FNDA:0,(anonymous_22)
FNDA:0,(anonymous_23)
FNDA:0,(anonymous_24)
FNDA:4,(anonymous_25)
FNDA:1,(anonymous_26)
FNDA:1,(anonymous_27)
DA:24,1
DA:25,1
DA:35,0
DA:37,0
DA:43,0
DA:45,0
DA:48,1
DA:66,1
DA:67,49
DA:68,49
DA:70,49
DA:71,49
DA:72,49
DA:74,49
DA:75,49
DA:76,49
DA:79,49
DA:80,49
DA:81,49
DA:83,49
DA:84,49
DA:86,49
DA:88,49
DA:89,0
DA:92,49
DA:93,0
DA:96,49
DA:97,14
DA:98,0
DA:103,49
DA:104,14
DA:108,49
DA:109,66
DA:112,49
DA:114,49
DA:115,49
DA:116,379
DA:117,462
DA:118,462
DA:119,462
DA:123,462
DA:124,330
DA:127,379
DA:130,49
DA:132,49
DA:133,5
DA:134,5
DA:135,5
DA:137,5
DA:138,5
DA:139,5
DA:140,5
DA:141,5
DA:142,5
DA:144,5
DA:146,20
DA:147,5
DA:150,5
DA:153,5
DA:156,49
DA:157,0
DA:160,49
DA:161,0
DA:162,0
DA:164,0
DA:165,0
DA:166,0
DA:167,0
DA:169,0
DA:171,0
DA:173,0
DA:174,0
DA:175,0
DA:176,0
DA:178,0
DA:179,0
DA:180,0
DA:182,0
DA:183,0
DA:185,0
DA:187,0
DA:188,0
DA:189,0
DA:193,0
DA:194,0
DA:197,0
DA:198,0
DA:199,0
DA:201,0
DA:209,0
DA:212,49
DA:213,0
DA:216,49
DA:217,4
DA:218,4
DA:219,4
DA:220,1
DA:221,1
DA:223,4
DA:224,4
DA:227,49
DA:228,49
DA:230,49
DA:243,49
DA:259,1
DA:267,49
DA:276,49
DA:277,33
DA:279,33
DA:280,33
DA:282,33
DA:359,1
LF:112
LH:75
BRDA:29,0,0,0
BRDA:29,1,0,0
BRDA:30,2,0,0
BRDA:33,3,0,0
BRDA:97,4,0,0
BRDA:97,4,1,14
BRDA:97,5,0,14
BRDA:97,5,1,14
BRDA:104,6,0,0
BRDA:104,6,1,14
BRDA:123,7,0,330
BRDA:123,7,1,132
BRDA:137,8,0,5
BRDA:137,8,1,0
BRDA:137,9,0,5
BRDA:137,9,1,5
BRDA:140,10,0,5
BRDA:140,10,1,0
BRDA:142,11,0,5
BRDA:142,11,1,5
BRDA:147,12,0,5
BRDA:147,12,1,5
BRDA:161,13,0,0
BRDA:161,13,1,0
BRDA:162,14,0,0
BRDA:162,14,1,0
BRDA:178,15,0,0
BRDA:178,15,1,0
BRDA:185,16,0,0
BRDA:185,16,1,0
BRDA:219,17,0,1
BRDA:219,17,1,3
BRDA:221,18,0,1
BRDA:221,18,1,1
BRDA:260,19,0,12
BRDA:260,19,1,37
BRDA:276,20,0,33
BRDA:276,20,1,0
BRDA:277,21,0,33
BRDA:277,21,1,0
BRDA:303,22,0,0
BRDA:303,22,1,33
BRDA:328,23,0,19
BRDA:328,23,1,14
BRDA:328,24,0,33
BRDA:328,24,1,33
BRF:46
BRH:27
end_of_record
TN:
SF:src/components/common/DealerHierarchy/ViewDealerDetails.js
FN:5,(anonymous_0)
FNF:1
FNH:1
FNDA:13,(anonymous_0)
DA:5,1
DA:6,13
DA:14,13
DA:65,1
LF:4
LH:4
BRDA:18,0,0,13
BRDA:18,0,1,13
BRDA:22,1,0,13
BRDA:22,1,1,13
BRDA:22,1,2,0
BRDA:30,2,0,13
BRDA:30,2,1,13
BRDA:30,2,2,0
BRDA:39,3,0,13
BRDA:39,3,1,13
BRDA:39,3,2,0
BRDA:50,4,0,13
BRDA:50,4,1,13
BRDA:50,4,2,0
BRDA:59,5,0,0
BRDA:59,5,1,13
BRF:16
BRH:11
end_of_record
TN:
SF:src/components/common/DealerHierarchy/index.js
FNF:0
FNH:0
LF:0
LH:0
BRF:0
BRH:0
end_of_record
TN:
SF:src/components/common/DealerHierarchy/test.js
FNF:0
FNH:0
DA:1,0
LF:1
LH:0
BRF:0
BRH:0
end_of_record
TN:
SF:src/components/common/DealerManpower/AddEditForm.js
FN:9,(anonymous_0)
FN:22,(anonymous_1)
FN:26,(anonymous_2)
FN:39,(anonymous_3)
FN:86,(anonymous_4)
FNF:5
FNH:0
FNDA:0,(anonymous_0)
FNDA:0,(anonymous_1)
FNDA:0,(anonymous_2)
FNDA:0,(anonymous_3)
FNDA:0,(anonymous_4)
DA:7,1
DA:9,1
DA:10,0
DA:11,0
DA:13,0
DA:14,0
DA:15,0
DA:16,0
DA:17,0
DA:18,0
DA:19,0
DA:20,0
DA:21,0
DA:22,0
DA:23,0
DA:26,0
DA:27,0
DA:28,0
DA:33,0
DA:40,0
DA:86,0
DA:94,1
LF:22
LH:3
BRDA:15,0,0,0
BRDA:15,0,1,0
BRDA:15,1,0,0
BRDA:15,1,1,0
BRDA:17,2,0,0
BRDA:17,2,1,0
BRDA:20,3,0,0
BRDA:20,3,1,0
BRDA:23,4,0,0
BRDA:23,4,1,0
BRDA:27,5,0,0
BRDA:27,5,1,0
BRDA:63,6,0,0
BRDA:63,6,1,0
BRDA:72,7,0,0
BRDA:72,7,1,0
BRDA:86,8,0,0
BRDA:86,8,1,0
BRDA:86,9,0,0
BRDA:86,9,1,0
BRF:20
BRH:0
end_of_record
TN:
SF:src/components/common/DealerManpower/DealerManpower.js
FN:17,(anonymous_0)
FN:35,(anonymous_1)
FN:40,(anonymous_2)
FN:56,(anonymous_3)
FN:58,(anonymous_4)
FN:75,(anonymous_5)
FN:82,(anonymous_6)
FN:87,(anonymous_7)
FN:92,(anonymous_8)
FN:93,(anonymous_9)
FN:96,(anonymous_10)
FN:99,(anonymous_11)
FN:116,(anonymous_12)
FN:125,(anonymous_13)
FN:139,(anonymous_14)
FN:144,(anonymous_15)
FN:148,(anonymous_16)
FN:165,(anonymous_17)
FN:179,(anonymous_18)
FN:180,(anonymous_19)
FN:183,(anonymous_20)
FN:186,(anonymous_21)
FN:194,(anonymous_22)
FN:204,(anonymous_23)
FN:214,(anonymous_24)
FN:225,(anonymous_25)
FN:230,(anonymous_26)
FN:234,(anonymous_27)
FN:290,(anonymous_28)
FN:297,(anonymous_29)
FN:304,(anonymous_30)
FN:311,(anonymous_31)
FN:334,(anonymous_32)
FNF:33
FNH:6
FNDA:0,(anonymous_0)
FNDA:0,(anonymous_1)
FNDA:0,(anonymous_2)
FNDA:14,(anonymous_3)
FNDA:0,(anonymous_4)
FNDA:14,(anonymous_5)
FNDA:14,(anonymous_6)
FNDA:14,(anonymous_7)
FNDA:10,(anonymous_8)
FNDA:0,(anonymous_9)
FNDA:0,(anonymous_10)
FNDA:64,(anonymous_11)
FNDA:0,(anonymous_12)
FNDA:0,(anonymous_13)
FNDA:0,(anonymous_14)
FNDA:0,(anonymous_15)
FNDA:0,(anonymous_16)
FNDA:0,(anonymous_17)
FNDA:0,(anonymous_18)
FNDA:0,(anonymous_19)
FNDA:0,(anonymous_20)
FNDA:0,(anonymous_21)
FNDA:0,(anonymous_22)
FNDA:0,(anonymous_23)
FNDA:0,(anonymous_24)
FNDA:0,(anonymous_25)
FNDA:0,(anonymous_26)
FNDA:0,(anonymous_27)
FNDA:0,(anonymous_28)
FNDA:0,(anonymous_29)
FNDA:0,(anonymous_30)
FNDA:0,(anonymous_31)
FNDA:0,(anonymous_32)
DA:17,1
DA:27,0
DA:29,0
DA:35,0
DA:37,0
DA:40,1
DA:56,1
DA:57,14
DA:58,14
DA:59,14
DA:61,14
DA:62,14
DA:63,14
DA:65,14
DA:66,14
DA:68,14
DA:69,14
DA:70,14
DA:72,14
DA:73,14
DA:75,14
DA:76,14
DA:77,14
DA:82,14
DA:83,14
DA:87,14
DA:88,14
DA:92,14
DA:93,10
DA:96,14
DA:98,14
DA:99,14
DA:100,64
DA:101,70
DA:102,70
DA:103,70
DA:107,70
DA:108,50
DA:111,64
DA:114,14
DA:116,14
DA:117,0
DA:118,0
DA:119,0
DA:120,0
DA:121,0
DA:123,0
DA:124,0
DA:125,0
DA:126,0
DA:128,0
DA:129,0
DA:130,0
DA:131,0
DA:133,0
DA:134,0
DA:136,0
DA:139,14
DA:141,0
DA:144,14
DA:145,0
DA:146,0
DA:147,0
DA:148,0
DA:149,0
DA:150,0
DA:152,0
DA:153,0
DA:154,0
DA:156,0
DA:157,0
DA:158,0
DA:159,0
DA:160,0
DA:161,0
DA:165,0
DA:166,0
DA:169,0
DA:176,0
DA:179,14
DA:180,0
DA:183,14
DA:184,0
DA:186,0
DA:187,0
DA:188,0
DA:190,0
DA:191,0
DA:194,14
DA:195,0
DA:196,0
DA:197,0
DA:198,0
DA:199,0
DA:200,0
DA:201,0
DA:204,14
DA:205,0
DA:206,0
DA:207,0
DA:208,0
DA:209,0
DA:210,0
DA:211,0
DA:214,14
DA:215,0
DA:217,0
DA:218,0
DA:219,0
DA:220,0
DA:221,0
DA:222,0
DA:225,14
DA:226,0
DA:227,0
DA:230,14
DA:231,0
DA:232,0
DA:233,0
DA:234,0
DA:235,0
DA:236,0
DA:237,0
DA:239,0
DA:240,0
DA:241,0
DA:245,14
DA:247,14
DA:257,14
DA:274,14
DA:290,0
DA:297,0
DA:304,0
DA:311,0
DA:334,0
DA:352,1
LF:136
LH:51
BRDA:21,0,0,0
BRDA:21,1,0,0
BRDA:22,2,0,0
BRDA:25,3,0,0
BRDA:66,4,0,0
BRDA:66,4,1,14
BRDA:76,5,0,14
BRDA:76,5,1,0
BRDA:107,6,0,50
BRDA:107,6,1,20
BRDA:123,7,0,0
BRDA:123,7,1,0
BRDA:123,8,0,0
BRDA:123,8,1,0
BRDA:126,9,0,0
BRDA:126,9,1,0
BRDA:145,10,0,0
BRDA:145,10,1,0
BRDA:146,11,0,0
BRDA:146,11,1,0
BRDA:147,12,0,0
BRDA:147,12,1,0
BRDA:156,13,0,0
BRDA:156,13,1,0
BRDA:159,14,0,0
BRDA:159,14,1,0
BRDA:187,15,0,0
BRDA:187,15,1,0
BRDA:233,16,0,0
BRDA:233,16,1,0
BRDA:233,17,0,0
BRDA:233,17,1,0
BRDA:235,18,0,0
BRDA:235,18,1,0
BRDA:278,19,0,0
BRDA:278,19,1,14
BRDA:278,20,0,0
BRDA:278,20,1,14
BRDA:278,21,0,0
BRDA:278,21,1,14
BRDA:278,22,0,0
BRDA:278,22,1,14
BRDA:281,23,0,0
BRDA:281,23,1,14
BRDA:281,24,0,0
BRDA:281,24,1,14
BRDA:281,25,0,0
BRDA:281,25,1,14
BRDA:281,26,0,0
BRDA:281,26,1,14
BRDA:282,27,0,0
BRDA:282,27,1,14
BRDA:286,28,0,14
BRDA:286,28,1,0
BRDA:289,29,0,14
BRDA:289,29,1,0
BRDA:296,30,0,14
BRDA:296,30,1,14
BRDA:303,31,0,14
BRDA:303,31,1,0
BRDA:310,32,0,14
BRDA:310,32,1,0
BRDA:317,33,0,14
BRDA:317,33,1,0
BRDA:319,34,0,0
BRDA:319,34,1,0
BRDA:326,35,0,0
BRDA:326,35,1,0
BRDA:333,36,0,0
BRDA:333,36,1,0
BRF:70
BRH:20
end_of_record
TN:
SF:src/components/common/DealerManpower/index.js
FNF:0
FNH:0
LF:0
LH:0
BRF:0
BRH:0
end_of_record
TN:
SF:src/components/common/Footer/Copyright.js
FN:7,Copyright
FNF:1
FNH:1
FNDA:14,Copyright
DA:8,14
LF:1
LH:1
BRDA:9,0,0,2
BRDA:9,0,1,12
BRF:2
BRH:2
end_of_record
TN:
SF:src/components/common/Footer/Footer.js
FN:8,(anonymous_0)
FNF:1
FNH:1
FNDA:2,(anonymous_0)
DA:6,1
DA:8,1
DA:9,2
LF:3
LH:3
BRF:0
BRH:0
end_of_record
TN:
SF:src/components/common/Footer/index.js
FNF:0
FNH:0
LF:0
LH:0
BRF:0
BRH:0
end_of_record
TN:
SF:src/components/common/Geo/AddEditForm.js
FN:14,(anonymous_0)
FN:30,(anonymous_1)
FN:33,(anonymous_2)
FN:51,(anonymous_3)
FN:55,(anonymous_4)
FN:73,(anonymous_5)
FN:77,(anonymous_6)
FN:87,(anonymous_7)
FNF:8
FNH:3
FNDA:3,(anonymous_0)
FNDA:0,(anonymous_1)
FNDA:0,(anonymous_2)
FNDA:2,(anonymous_3)
FNDA:1,(anonymous_4)
FNDA:0,(anonymous_5)
FNDA:0,(anonymous_6)
FNDA:0,(anonymous_7)
DA:12,1
DA:14,1
DA:15,3
DA:16,3
DA:17,3
DA:18,3
DA:20,3
DA:21,3
DA:23,3
DA:25,3
DA:29,3
DA:30,0
DA:31,0
DA:33,0
DA:34,0
DA:35,0
DA:36,0
DA:41,3
DA:42,3
DA:44,3
DA:45,1
DA:46,2
DA:47,0
DA:48,0
DA:49,2
DA:50,2
DA:51,2
DA:52,2
DA:55,3
DA:59,1
DA:63,3
DA:73,3
DA:74,0
DA:77,3
DA:78,0
DA:80,3
DA:88,0
DA:140,1
LF:38
LH:27
BRDA:15,0,0,3
BRDA:29,1,0,0
BRDA:29,1,1,3
BRDA:29,2,0,3
BRDA:29,2,1,0
BRDA:30,3,0,0
BRDA:30,3,1,0
BRDA:34,4,0,0
BRDA:34,4,1,0
BRDA:44,5,0,1
BRDA:44,5,1,2
BRDA:44,6,0,3
BRDA:44,6,1,2
BRDA:46,7,0,0
BRDA:46,7,1,2
BRDA:47,8,0,0
BRDA:47,8,1,0
BRDA:49,9,0,2
BRDA:49,9,1,0
BRDA:52,10,0,2
BRDA:52,10,1,2
BRDA:66,11,0,3
BRDA:66,11,1,1
BRDA:104,12,0,3
BRDA:104,12,1,2
BRF:25
BRH:15
end_of_record
TN:
SF:src/components/common/Geo/ChangeHistory.js
FN:12,(anonymous_0)
FN:30,(anonymous_1)
FN:42,(anonymous_2)
FN:43,(anonymous_3)
FN:54,(anonymous_4)
FNF:5
FNH:0
FNDA:0,(anonymous_0)
FNDA:0,(anonymous_1)
FNDA:0,(anonymous_2)
FNDA:0,(anonymous_3)
FNDA:0,(anonymous_4)
DA:12,1
DA:18,0
DA:20,0
DA:27,0
DA:30,1
DA:42,1
DA:43,0
DA:44,0
DA:45,0
DA:50,0
DA:54,0
DA:88,0
DA:94,0
DA:104,1
LF:14
LH:4
BRDA:16,0,0,0
BRDA:16,1,0,0
BRDA:44,2,0,0
BRDA:44,2,1,0
BRF:4
BRH:0
end_of_record
TN:
SF:src/components/common/Geo/Geo.js
FN:24,(anonymous_0)
FN:46,(anonymous_1)
FN:52,(anonymous_2)
FN:69,(anonymous_3)
FN:89,(anonymous_4)
FN:96,(anonymous_5)
FN:103,(anonymous_6)
FN:107,(anonymous_7)
FN:108,(anonymous_8)
FN:111,(anonymous_9)
FN:114,(anonymous_10)
FN:131,(anonymous_11)
FN:132,(anonymous_12)
FN:133,(anonymous_13)
FN:138,(anonymous_14)
FN:145,(anonymous_15)
FN:148,(anonymous_16)
FN:161,(anonymous_17)
FN:166,(anonymous_18)
FN:171,(anonymous_19)
FN:175,(anonymous_20)
FN:183,(anonymous_21)
FN:184,(anonymous_22)
FN:187,(anonymous_23)
FN:192,(anonymous_24)
FN:207,(anonymous_25)
FN:220,(anonymous_26)
FN:248,(anonymous_27)
FNF:28
FNH:12
FNDA:0,(anonymous_0)
FNDA:0,(anonymous_1)
FNDA:0,(anonymous_2)
FNDA:20,(anonymous_3)
FNDA:10,(anonymous_4)
FNDA:10,(anonymous_5)
FNDA:0,(anonymous_6)
FNDA:48,(anonymous_7)
FNDA:0,(anonymous_8)
FNDA:0,(anonymous_9)
FNDA:68,(anonymous_10)
FNDA:3,(anonymous_11)
FNDA:0,(anonymous_12)
FNDA:12,(anonymous_13)
FNDA:3,(anonymous_14)
FNDA:3,(anonymous_15)
FNDA:0,(anonymous_16)
FNDA:0,(anonymous_17)
FNDA:0,(anonymous_18)
FNDA:2,(anonymous_19)
FNDA:1,(anonymous_20)
FNDA:0,(anonymous_21)
FNDA:0,(anonymous_22)
FNDA:0,(anonymous_23)
FNDA:0,(anonymous_24)
FNDA:0,(anonymous_25)
FNDA:0,(anonymous_26)
FNDA:1,(anonymous_27)
DA:22,1
DA:23,1
DA:24,1
DA:34,0
DA:35,0
DA:36,0
DA:38,0
DA:46,0
DA:49,0
DA:52,1
DA:69,1
DA:70,20
DA:71,20
DA:72,20
DA:74,20
DA:75,20
DA:76,20
DA:78,20
DA:79,20
DA:81,20
DA:82,20
DA:84,20
DA:86,20
DA:87,20
DA:89,20
DA:90,10
DA:91,0
DA:96,20
DA:97,10
DA:98,0
DA:103,20
DA:104,0
DA:107,20
DA:108,48
DA:111,20
DA:113,20
DA:114,20
DA:115,68
DA:116,112
DA:117,112
DA:118,112
DA:122,112
DA:123,48
DA:126,68
DA:129,20
DA:131,20
DA:132,3
DA:133,12
DA:135,3
DA:138,20
DA:139,3
DA:140,3
DA:141,3
DA:143,3
DA:144,3
DA:145,3
DA:147,3
DA:148,3
DA:149,3
DA:150,3
DA:152,3
DA:154,0
DA:158,3
DA:161,20
DA:163,0
DA:166,20
DA:167,0
DA:168,0
DA:171,20
DA:172,2
DA:173,2
DA:174,2
DA:175,1
DA:176,1
DA:178,2
DA:179,2
DA:180,2
DA:183,20
DA:184,0
DA:187,20
DA:188,0
DA:189,0
DA:190,0
DA:192,0
DA:193,0
DA:194,0
DA:196,0
DA:197,0
DA:198,0
DA:200,0
DA:201,0
DA:202,0
DA:203,0
DA:204,0
DA:207,0
DA:208,0
DA:210,0
DA:217,0
DA:220,20
DA:224,20
DA:236,20
DA:248,1
DA:261,20
DA:269,20
DA:270,20
DA:272,20
DA:273,20
DA:274,20
DA:360,1
LF:109
LH:77
BRDA:28,0,0,0
BRDA:28,1,0,0
BRDA:29,2,0,0
BRDA:32,3,0,0
BRDA:90,4,0,0
BRDA:90,4,1,10
BRDA:90,5,0,10
BRDA:90,5,1,10
BRDA:97,6,0,0
BRDA:97,6,1,10
BRDA:122,7,0,48
BRDA:122,7,1,64
BRDA:143,8,0,3
BRDA:143,8,1,0
BRDA:143,9,0,3
BRDA:143,9,1,3
BRDA:147,10,0,3
BRDA:147,10,1,0
BRDA:149,11,0,3
BRDA:149,11,1,3
BRDA:152,12,0,3
BRDA:152,12,1,3
BRDA:174,13,0,1
BRDA:174,13,1,1
BRDA:176,14,0,1
BRDA:176,14,1,1
BRDA:188,15,0,0
BRDA:188,15,1,0
BRDA:189,16,0,0
BRDA:189,16,1,0
BRDA:196,17,0,0
BRDA:196,17,1,0
BRDA:200,18,0,0
BRDA:200,18,1,0
BRDA:252,19,0,8
BRDA:252,19,1,12
BRDA:269,20,0,16
BRDA:269,20,1,4
BRDA:270,21,0,16
BRDA:270,21,1,4
BRDA:293,22,0,20
BRDA:293,22,1,16
BRDA:304,23,0,0
BRDA:304,23,1,20
BRDA:329,24,0,10
BRDA:329,24,1,10
BRDA:329,25,0,20
BRDA:329,25,1,20
BRF:48
BRH:31
end_of_record
TN:
SF:src/components/common/Geo/ViewGeoDetails.js
FN:5,(anonymous_0)
FNF:1
FNH:1
FNDA:7,(anonymous_0)
DA:5,1
DA:6,7
DA:14,7
DA:27,1
LF:4
LH:4
BRDA:18,0,0,7
BRDA:18,0,1,7
BRDA:21,1,0,0
BRDA:21,1,1,7
BRF:4
BRH:3
end_of_record
TN:
SF:src/components/common/Geo/index.js
FNF:0
FNH:0
LF:0
LH:0
BRF:0
BRH:0
end_of_record
TN:
SF:src/components/common/Header/Header.js
FN:26,(anonymous_0)
FN:46,(anonymous_1)
FN:60,(anonymous_2)
FN:71,(anonymous_3)
FN:78,(anonymous_4)
FN:85,(anonymous_5)
FN:89,(anonymous_6)
FN:100,(anonymous_7)
FN:168,(anonymous_8)
FN:181,(anonymous_9)
FN:185,(anonymous_10)
FN:188,(anonymous_11)
FN:275,(anonymous_12)
FN:290,(anonymous_13)
FN:310,(anonymous_14)
FN:310,(anonymous_15)
FNF:16
FNH:1
FNDA:0,(anonymous_0)
FNDA:0,(anonymous_1)
FNDA:4,(anonymous_2)
FNDA:0,(anonymous_3)
FNDA:0,(anonymous_4)
FNDA:0,(anonymous_5)
FNDA:0,(anonymous_6)
FNDA:0,(anonymous_7)
FNDA:0,(anonymous_8)
FNDA:0,(anonymous_9)
FNDA:0,(anonymous_10)
FNDA:0,(anonymous_11)
FNDA:0,(anonymous_12)
FNDA:0,(anonymous_13)
FNDA:0,(anonymous_14)
FNDA:0,(anonymous_15)
DA:24,1
DA:25,1
DA:26,1
DA:33,0
DA:35,0
DA:46,1
DA:60,1
DA:61,4
DA:62,4
DA:63,4
DA:65,4
DA:66,4
DA:67,4
DA:68,4
DA:71,4
DA:72,0
DA:73,0
DA:78,4
DA:79,0
DA:80,0
DA:81,0
DA:85,4
DA:86,0
DA:89,4
DA:90,0
DA:101,0
DA:110,4
DA:116,0
DA:128,0
DA:162,0
DA:168,0
DA:172,0
DA:181,0
DA:182,0
DA:185,0
DA:186,0
DA:188,0
DA:189,0
DA:190,0
DA:192,0
DA:193,0
DA:195,0
DA:197,0
DA:275,0
DA:290,0
DA:310,0
DA:315,1
LF:47
LH:18
BRDA:30,0,0,0
BRDA:30,1,0,0
BRDA:31,2,0,0
BRDA:66,3,0,0
BRDA:66,4,0,0
BRDA:66,5,0,0
BRDA:67,6,0,4
BRDA:67,6,1,0
BRDA:68,7,0,4
BRDA:68,7,1,0
BRDA:72,8,0,0
BRDA:72,8,1,0
BRDA:72,9,0,0
BRDA:72,9,1,0
BRDA:79,10,0,0
BRDA:79,10,1,0
BRDA:80,11,0,0
BRDA:80,11,1,0
BRDA:80,12,0,0
BRDA:80,12,1,0
BRDA:86,13,0,0
BRDA:86,13,1,0
BRDA:162,14,0,0
BRDA:162,14,1,0
BRDA:192,15,0,0
BRDA:192,15,1,0
BRDA:199,16,0,0
BRDA:199,16,1,0
BRDA:202,17,0,0
BRDA:202,17,1,0
BRDA:202,18,0,0
BRDA:202,18,1,0
BRDA:202,19,0,0
BRDA:202,19,1,0
BRDA:202,20,0,0
BRDA:202,20,1,0
BRDA:214,21,0,0
BRDA:214,21,1,0
BRDA:221,22,0,0
BRDA:221,22,1,0
BRDA:238,23,0,0
BRDA:238,23,1,0
BRDA:310,24,0,0
BRDA:310,24,1,0
BRF:44
BRH:2
end_of_record
TN:
SF:src/components/common/Header/HeaderSkeleton.js
FN:7,(anonymous_0)
FNF:1
FNH:0
FNDA:0,(anonymous_0)
DA:7,1
DA:8,0
LF:2
LH:1
BRF:0
BRH:0
end_of_record
TN:
SF:src/components/common/Header/index.js
FNF:0
FNH:0
LF:0
LH:0
BRF:0
BRH:0
end_of_record
TN:
SF:src/components/common/HierarchyAttribute/AddUpdateDrawer.js
FN:10,(anonymous_0)
FN:24,(anonymous_1)
FN:30,(anonymous_2)
FN:37,(anonymous_3)
FN:38,(anonymous_4)
FN:50,(anonymous_5)
FN:55,(anonymous_6)
FNF:7
FNH:2
FNDA:2,(anonymous_0)
FNDA:2,(anonymous_1)
FNDA:0,(anonymous_2)
FNDA:0,(anonymous_3)
FNDA:0,(anonymous_4)
FNDA:0,(anonymous_5)
FNDA:0,(anonymous_6)
DA:10,1
DA:11,2
DA:12,2
DA:13,2
DA:15,2
DA:16,2
DA:17,0
DA:18,2
DA:19,0
DA:21,2
DA:24,2
DA:25,2
DA:26,2
DA:30,2
DA:31,0
DA:33,0
DA:34,0
DA:35,0
DA:37,2
DA:38,0
DA:39,0
DA:40,0
DA:47,0
DA:48,0
DA:50,2
DA:51,0
DA:52,0
DA:55,2
DA:56,0
DA:59,2
LF:30
LH:16
BRDA:16,0,0,0
BRDA:16,0,1,2
BRDA:18,1,0,0
BRDA:18,1,1,2
BRDA:66,2,0,0
BRDA:66,2,1,2
BRDA:70,3,0,0
BRDA:70,3,1,2
BRDA:79,4,0,0
BRDA:79,4,1,2
BRDA:95,5,0,0
BRDA:95,5,1,2
BRDA:113,6,0,0
BRDA:113,6,1,2
BRF:14
BRH:7
end_of_record
TN:
SF:src/components/common/HierarchyAttribute/HierarchyAttribute.js
FN:24,(anonymous_0)
FN:39,(anonymous_1)
FN:48,(anonymous_2)
FN:65,(anonymous_3)
FN:78,(anonymous_4)
FN:87,(anonymous_5)
FN:102,(anonymous_6)
FN:107,(anonymous_7)
FN:112,(anonymous_8)
FN:122,(anonymous_9)
FN:127,(anonymous_10)
FN:129,(anonymous_11)
FN:132,(anonymous_12)
FN:141,(anonymous_13)
FN:148,(anonymous_14)
FN:153,(anonymous_15)
FN:164,(anonymous_16)
FN:164,(anonymous_17)
FN:167,(anonymous_18)
FN:179,(anonymous_19)
FN:183,(anonymous_20)
FN:186,(anonymous_21)
FN:196,(anonymous_22)
FN:212,(anonymous_23)
FN:218,(anonymous_24)
FN:224,(anonymous_25)
FN:230,(anonymous_26)
FN:237,(anonymous_27)
FN:241,(anonymous_28)
FN:246,(anonymous_29)
FN:256,(anonymous_30)
FN:259,(anonymous_31)
FN:273,(anonymous_32)
FN:281,(anonymous_33)
FN:282,(anonymous_34)
FN:285,(anonymous_35)
FN:312,(anonymous_36)
FN:341,(anonymous_37)
FNF:38
FNH:7
FNDA:0,(anonymous_0)
FNDA:0,(anonymous_1)
FNDA:0,(anonymous_2)
FNDA:2,(anonymous_3)
FNDA:0,(anonymous_4)
FNDA:1,(anonymous_5)
FNDA:1,(anonymous_6)
FNDA:0,(anonymous_7)
FNDA:0,(anonymous_8)
FNDA:1,(anonymous_9)
FNDA:1,(anonymous_10)
FNDA:0,(anonymous_11)
FNDA:0,(anonymous_12)
FNDA:0,(anonymous_13)
FNDA:0,(anonymous_14)
FNDA:0,(anonymous_15)
FNDA:0,(anonymous_16)
FNDA:0,(anonymous_17)
FNDA:0,(anonymous_18)
FNDA:0,(anonymous_19)
FNDA:0,(anonymous_20)
FNDA:0,(anonymous_21)
FNDA:0,(anonymous_22)
FNDA:0,(anonymous_23)
FNDA:0,(anonymous_24)
FNDA:0,(anonymous_25)
FNDA:0,(anonymous_26)
FNDA:0,(anonymous_27)
FNDA:0,(anonymous_28)
FNDA:0,(anonymous_29)
FNDA:0,(anonymous_30)
FNDA:0,(anonymous_31)
FNDA:0,(anonymous_32)
FNDA:0,(anonymous_33)
FNDA:0,(anonymous_34)
FNDA:0,(anonymous_35)
FNDA:10,(anonymous_36)
FNDA:2,(anonymous_37)
DA:21,1
DA:22,1
DA:24,1
DA:33,0
DA:35,0
DA:39,0
DA:45,0
DA:48,1
DA:65,1
DA:66,2
DA:67,2
DA:68,2
DA:69,2
DA:70,2
DA:71,2
DA:72,2
DA:73,2
DA:74,2
DA:75,2
DA:77,2
DA:78,2
DA:79,2
DA:80,2
DA:81,2
DA:82,2
DA:84,2
DA:85,2
DA:87,2
DA:88,1
DA:89,0
DA:90,0
DA:91,0
DA:93,0
DA:94,0
DA:95,0
DA:102,2
DA:103,1
DA:104,0
DA:105,0
DA:106,0
DA:107,0
DA:108,0
DA:109,0
DA:110,0
DA:111,0
DA:112,0
DA:113,0
DA:115,0
DA:122,2
DA:123,1
DA:124,1
DA:127,2
DA:128,1
DA:129,0
DA:130,0
DA:131,0
DA:132,0
DA:133,0
DA:135,0
DA:141,2
DA:142,0
DA:143,0
DA:144,0
DA:145,0
DA:148,2
DA:149,0
DA:150,0
DA:153,2
DA:154,0
DA:155,0
DA:161,0
DA:162,0
DA:164,2
DA:165,0
DA:167,2
DA:168,0
DA:169,0
DA:170,0
DA:171,0
DA:173,0
DA:174,0
DA:176,0
DA:179,2
DA:180,0
DA:183,2
DA:184,0
DA:186,2
DA:187,0
DA:190,2
DA:196,0
DA:212,0
DA:218,0
DA:224,0
DA:230,0
DA:238,0
DA:241,0
DA:246,0
DA:256,2
DA:257,0
DA:259,0
DA:260,0
DA:261,0
DA:262,0
DA:263,0
DA:264,0
DA:265,0
DA:266,0
DA:268,0
DA:269,0
DA:271,0
DA:273,0
DA:274,0
DA:275,0
DA:278,0
DA:281,2
DA:282,0
DA:285,2
DA:286,0
DA:287,0
DA:290,2
DA:296,2
DA:313,10
DA:342,2
DA:408,1
LF:124
LH:49
BRDA:28,0,0,0
BRDA:28,1,0,0
BRDA:31,2,0,0
BRDA:88,3,0,0
BRDA:88,3,1,1
BRDA:89,4,0,0
BRDA:89,4,1,0
BRDA:93,5,0,0
BRDA:93,5,1,0
BRDA:103,6,0,0
BRDA:103,6,1,1
BRDA:104,7,0,0
BRDA:104,7,1,0
BRDA:106,8,0,0
BRDA:106,8,1,0
BRDA:110,9,0,0
BRDA:110,9,1,0
BRDA:111,10,0,0
BRDA:111,10,1,0
BRDA:112,11,0,0
BRDA:112,11,1,0
BRDA:128,12,0,1
BRDA:128,12,1,0
BRDA:128,13,0,1
BRDA:128,13,1,0
BRDA:131,14,0,0
BRDA:131,14,1,0
BRDA:132,15,0,0
BRDA:132,15,1,0
BRDA:165,16,0,0
BRDA:165,16,1,0
BRDA:173,17,0,0
BRDA:173,17,1,0
BRDA:212,18,0,0
BRDA:212,18,1,0
BRDA:218,19,0,0
BRDA:218,19,1,0
BRDA:224,20,0,0
BRDA:224,20,1,0
BRDA:230,21,0,0
BRDA:230,21,1,0
BRDA:264,22,0,0
BRDA:264,22,1,0
BRDA:278,23,0,0
BRDA:278,23,1,0
BRDA:316,24,0,2
BRDA:316,24,1,0
BRDA:321,25,0,2
BRDA:321,25,1,0
BRDA:348,26,0,0
BRDA:348,26,1,2
BRDA:348,27,0,2
BRDA:348,27,1,0
BRDA:353,28,0,2
BRDA:353,28,1,0
BRDA:360,29,0,0
BRDA:360,29,1,2
BRDA:360,30,0,2
BRDA:360,30,1,0
BRF:59
BRH:11
end_of_record
TN:
SF:src/components/common/HierarchyAttribute/ViewHierarchyAttribute.js
FN:4,(anonymous_0)
FNF:1
FNH:0
FNDA:0,(anonymous_0)
DA:4,0
DA:5,0
DA:11,0
DA:28,0
LF:4
LH:0
BRDA:17,0,0,0
BRDA:17,0,1,0
BRDA:18,1,0,0
BRDA:18,1,1,0
BRDA:19,2,0,0
BRDA:19,2,1,0
BRDA:20,3,0,0
BRDA:20,3,1,0
BRF:8
BRH:0
end_of_record
TN:
SF:src/components/common/HierarchyAttribute/index.js
FNF:0
FNH:0
LF:0
LH:0
BRF:0
BRH:0
end_of_record
TN:
SF:src/components/common/LeftSideBar/LeftSideBar.js
FN:25,(anonymous_0)
FN:38,(anonymous_1)
FN:49,(anonymous_2)
FN:53,(anonymous_3)
FN:67,(anonymous_4)
FN:74,(anonymous_5)
FN:83,(anonymous_6)
FN:90,(anonymous_7)
FN:98,(anonymous_8)
FN:100,(anonymous_9)
FN:102,(anonymous_10)
FN:106,(anonymous_11)
FN:109,(anonymous_12)
FN:118,(anonymous_13)
FN:123,(anonymous_14)
FN:129,(anonymous_15)
FN:134,(anonymous_16)
FN:138,(anonymous_17)
FN:139,(anonymous_18)
FN:154,(anonymous_19)
FN:155,(anonymous_20)
FN:163,(anonymous_21)
FN:167,(anonymous_22)
FN:171,(anonymous_23)
FN:176,(anonymous_24)
FN:185,(anonymous_25)
FN:249,(anonymous_26)
FN:253,(anonymous_27)
FNF:28
FNH:0
FNDA:0,(anonymous_0)
FNDA:0,(anonymous_1)
FNDA:0,(anonymous_2)
FNDA:0,(anonymous_3)
FNDA:0,(anonymous_4)
FNDA:0,(anonymous_5)
FNDA:0,(anonymous_6)
FNDA:0,(anonymous_7)
FNDA:0,(anonymous_8)
FNDA:0,(anonymous_9)
FNDA:0,(anonymous_10)
FNDA:0,(anonymous_11)
FNDA:0,(anonymous_12)
FNDA:0,(anonymous_13)
FNDA:0,(anonymous_14)
FNDA:0,(anonymous_15)
FNDA:0,(anonymous_16)
FNDA:0,(anonymous_17)
FNDA:0,(anonymous_18)
FNDA:0,(anonymous_19)
FNDA:0,(anonymous_20)
FNDA:0,(anonymous_21)
FNDA:0,(anonymous_22)
FNDA:0,(anonymous_23)
FNDA:0,(anonymous_24)
FNDA:0,(anonymous_25)
FNDA:0,(anonymous_26)
FNDA:0,(anonymous_27)
DA:22,0
DA:23,0
DA:25,0
DA:26,0
DA:38,0
DA:47,0
DA:49,0
DA:50,0
DA:53,0
DA:67,0
DA:68,0
DA:70,0
DA:71,0
DA:72,0
DA:74,0
DA:75,0
DA:77,0
DA:78,0
DA:79,0
DA:80,0
DA:81,0
DA:83,0
DA:84,0
DA:85,0
DA:90,0
DA:91,0
DA:92,0
DA:93,0
DA:98,0
DA:99,0
DA:100,0
DA:102,0
DA:106,0
DA:107,0
DA:108,0
DA:109,0
DA:110,0
DA:111,0
DA:116,0
DA:118,0
DA:123,0
DA:124,0
DA:125,0
DA:126,0
DA:129,0
DA:130,0
DA:131,0
DA:134,0
DA:135,0
DA:138,0
DA:139,0
DA:140,0
DA:142,0
DA:154,0
DA:155,0
DA:156,0
DA:157,0
DA:159,0
DA:163,0
DA:164,0
DA:167,0
DA:168,0
DA:171,0
DA:172,0
DA:173,0
DA:176,0
DA:177,0
DA:178,0
DA:179,0
DA:181,0
DA:183,0
DA:185,0
DA:249,0
DA:253,0
DA:265,0
LF:75
LH:0
BRDA:25,0,0,0
BRDA:25,1,0,0
BRDA:25,2,0,0
BRDA:25,3,0,0
BRDA:25,4,0,0
BRDA:26,5,0,0
BRDA:26,5,1,0
BRDA:26,6,0,0
BRDA:26,6,1,0
BRDA:27,7,0,0
BRDA:27,7,1,0
BRDA:28,8,0,0
BRDA:28,8,1,0
BRDA:29,9,0,0
BRDA:29,9,1,0
BRDA:32,10,0,0
BRDA:32,10,1,0
BRDA:33,11,0,0
BRDA:33,11,1,0
BRDA:34,12,0,0
BRDA:34,12,1,0
BRDA:42,13,0,0
BRDA:42,14,0,0
BRDA:45,15,0,0
BRDA:45,16,0,0
BRDA:49,17,0,0
BRDA:49,17,1,0
BRDA:81,18,0,0
BRDA:81,18,1,0
BRDA:84,19,0,0
BRDA:84,19,1,0
BRDA:91,20,0,0
BRDA:91,20,1,0
BRDA:99,21,0,0
BRDA:99,21,1,0
BRDA:99,22,0,0
BRDA:99,22,1,0
BRDA:108,23,0,0
BRDA:108,23,1,0
BRDA:110,24,0,0
BRDA:110,24,1,0
BRDA:124,25,0,0
BRDA:124,25,1,0
BRDA:139,26,0,0
BRDA:139,27,0,0
BRDA:139,28,0,0
BRDA:142,29,0,0
BRDA:142,29,1,0
BRDA:143,30,0,0
BRDA:143,30,1,0
BRDA:143,31,0,0
BRDA:143,31,1,0
BRDA:147,32,0,0
BRDA:147,32,1,0
BRDA:148,33,0,0
BRDA:148,33,1,0
BRDA:156,34,0,0
BRDA:156,34,1,0
BRDA:159,35,0,0
BRDA:159,35,1,0
BRDA:172,36,0,0
BRDA:172,36,1,0
BRDA:172,37,0,0
BRDA:172,37,1,0
BRDA:181,38,0,0
BRDA:181,38,1,0
BRDA:185,39,0,0
BRDA:185,39,1,0
BRDA:185,40,0,0
BRDA:185,40,1,0
BRDA:186,41,0,0
BRDA:186,41,1,0
BRDA:190,42,0,0
BRDA:190,42,1,0
BRDA:201,43,0,0
BRDA:201,43,1,0
BRDA:212,44,0,0
BRDA:212,44,1,0
BRDA:223,45,0,0
BRDA:223,45,1,0
BRDA:236,46,0,0
BRDA:236,46,1,0
BRDA:237,47,0,0
BRDA:237,47,1,0
BRDA:237,48,0,0
BRDA:237,48,1,0
BRDA:241,49,0,0
BRDA:241,49,1,0
BRDA:242,50,0,0
BRDA:242,50,1,0
BRDA:249,51,0,0
BRDA:249,51,1,0
BRDA:253,52,0,0
BRDA:253,52,1,0
BRF:94
BRH:0
end_of_record
TN:
SF:src/components/common/LeftSideBar/index.js
FNF:0
FNH:0
LF:0
LH:0
BRF:0
BRH:0
end_of_record
TN:
SF:src/components/common/ManufacturerAdminstrativeHierarchy/AddEditForm.js
FN:16,(anonymous_0)
FN:43,(anonymous_1)
FN:46,(anonymous_2)
FN:68,(anonymous_3)
FN:72,(anonymous_4)
FN:76,(anonymous_5)
FN:77,(anonymous_6)
FN:92,(anonymous_7)
FNF:8
FNH:0
FNDA:0,(anonymous_0)
FNDA:0,(anonymous_1)
FNDA:0,(anonymous_2)
FNDA:0,(anonymous_3)
FNDA:0,(anonymous_4)
FNDA:0,(anonymous_5)
FNDA:0,(anonymous_6)
FNDA:0,(anonymous_7)
DA:13,1
DA:14,1
DA:16,1
DA:17,0
DA:18,0
DA:19,0
DA:20,0
DA:21,0
DA:23,0
DA:24,0
DA:26,0
DA:28,0
DA:29,0
DA:30,0
DA:32,0
DA:36,0
DA:37,0
DA:38,0
DA:39,0
DA:40,0
DA:41,0
DA:42,0
DA:43,0
DA:44,0
DA:46,0
DA:47,0
DA:58,0
DA:68,0
DA:69,0
DA:72,0
DA:73,0
DA:76,0
DA:77,0
DA:85,0
DA:93,0
DA:159,1
LF:36
LH:4
BRDA:17,0,0,0
BRDA:36,1,0,0
BRDA:36,1,1,0
BRDA:38,2,0,0
BRDA:38,2,1,0
BRDA:39,3,0,0
BRDA:39,3,1,0
BRDA:41,4,0,0
BRDA:41,4,1,0
BRDA:44,5,0,0
BRDA:44,5,1,0
BRDA:47,6,0,0
BRDA:47,6,1,0
BRDA:61,7,0,0
BRDA:61,7,1,0
BRDA:77,8,0,0
BRDA:77,8,1,0
BRDA:109,9,0,0
BRDA:109,9,1,0
BRF:19
BRH:0
end_of_record
TN:
SF:src/components/common/ManufacturerAdminstrativeHierarchy/HierarchyView.js
FN:7,(anonymous_0)
FN:20,(anonymous_1)
FNF:2
FNH:0
FNDA:0,(anonymous_0)
FNDA:0,(anonymous_1)
DA:7,1
DA:12,0
DA:14,0
DA:17,0
DA:20,1
DA:21,0
DA:29,0
DA:31,0
DA:46,1
LF:9
LH:3
BRDA:35,0,0,0
BRDA:35,0,1,0
BRDA:39,1,0,0
BRDA:39,1,1,0
BRF:4
BRH:0
end_of_record
TN:
SF:src/components/common/ManufacturerAdminstrativeHierarchy/ManufactureAdminHierarchyUpload.js
FN:16,(anonymous_0)
FN:29,(anonymous_1)
FN:43,(anonymous_2)
FN:59,(anonymous_3)
FNF:4
FNH:0
FNDA:0,(anonymous_0)
FNDA:0,(anonymous_1)
FNDA:0,(anonymous_2)
FNDA:0,(anonymous_3)
DA:13,1
DA:14,1
DA:16,1
DA:21,0
DA:23,0
DA:26,0
DA:29,1
DA:39,1
DA:44,0
DA:48,0
DA:49,0
DA:50,0
DA:51,0
DA:59,1
DA:60,0
DA:61,0
DA:62,0
DA:126,1
LF:18
LH:7
BRDA:48,0,0,0
BRDA:48,0,1,0
BRDA:50,1,0,0
BRDA:50,1,1,0
BRF:4
BRH:0
end_of_record
TN:
SF:src/components/common/ManufacturerAdminstrativeHierarchy/ManufacturerAdminstrativeHierarchy.js
FN:25,(anonymous_0)
FN:54,(anonymous_1)
FN:59,(anonymous_2)
FN:82,(anonymous_3)
FN:107,(anonymous_4)
FN:115,(anonymous_5)
FN:124,(anonymous_6)
FN:128,(anonymous_7)
FN:143,(anonymous_8)
FN:147,(anonymous_9)
FN:148,(anonymous_10)
FN:151,(anonymous_11)
FN:154,(anonymous_12)
FN:171,(anonymous_13)
FN:182,(anonymous_14)
FN:205,(anonymous_15)
FN:210,(anonymous_16)
FN:215,(anonymous_17)
FN:219,(anonymous_18)
FN:227,(anonymous_19)
FN:228,(anonymous_20)
FN:232,(anonymous_21)
FN:236,(anonymous_22)
FN:240,(anonymous_23)
FN:257,(anonymous_24)
FN:274,(anonymous_25)
FN:305,(anonymous_26)
FNF:27
FNH:2
FNDA:0,(anonymous_0)
FNDA:0,(anonymous_1)
FNDA:0,(anonymous_2)
FNDA:57,(anonymous_3)
FNDA:0,(anonymous_4)
FNDA:0,(anonymous_5)
FNDA:0,(anonymous_6)
FNDA:0,(anonymous_7)
FNDA:0,(anonymous_8)
FNDA:0,(anonymous_9)
FNDA:0,(anonymous_10)
FNDA:0,(anonymous_11)
FNDA:56,(anonymous_12)
FNDA:0,(anonymous_13)
FNDA:0,(anonymous_14)
FNDA:0,(anonymous_15)
FNDA:0,(anonymous_16)
FNDA:0,(anonymous_17)
FNDA:0,(anonymous_18)
FNDA:0,(anonymous_19)
FNDA:0,(anonymous_20)
FNDA:0,(anonymous_21)
FNDA:0,(anonymous_22)
FNDA:0,(anonymous_23)
FNDA:0,(anonymous_24)
FNDA:0,(anonymous_25)
FNDA:0,(anonymous_26)
DA:24,1
DA:25,1
DA:35,0
DA:37,0
DA:39,0
DA:40,0
DA:42,0
DA:54,0
DA:56,0
DA:59,1
DA:82,1
DA:83,57
DA:84,56
DA:85,56
DA:87,56
DA:88,56
DA:89,56
DA:91,56
DA:92,56
DA:93,56
DA:94,56
DA:98,56
DA:99,56
DA:101,56
DA:102,56
DA:103,56
DA:105,56
DA:107,56
DA:108,0
DA:109,0
DA:110,0
DA:115,56
DA:116,0
DA:117,0
DA:124,56
DA:125,0
DA:128,0
DA:130,0
DA:132,0
DA:143,56
DA:144,0
DA:147,56
DA:148,0
DA:151,56
DA:153,56
DA:154,56
DA:155,56
DA:156,0
DA:157,0
DA:158,0
DA:162,0
DA:163,0
DA:166,56
DA:169,56
DA:171,56
DA:174,0
DA:175,0
DA:176,0
DA:177,0
DA:181,0
DA:182,0
DA:183,0
DA:185,0
DA:186,0
DA:188,0
DA:202,0
DA:205,56
DA:207,0
DA:210,56
DA:211,0
DA:212,0
DA:215,56
DA:216,0
DA:217,0
DA:218,0
DA:219,0
DA:220,0
DA:222,0
DA:223,0
DA:224,0
DA:227,56
DA:228,0
DA:229,0
DA:232,56
DA:233,0
DA:236,56
DA:237,0
DA:239,0
DA:240,0
DA:241,0
DA:243,0
DA:244,0
DA:246,0
DA:247,0
DA:248,0
DA:249,0
DA:250,0
DA:251,0
DA:252,0
DA:253,0
DA:257,0
DA:258,0
DA:261,0
DA:269,0
DA:271,0
DA:274,56
DA:278,56
DA:290,56
DA:305,0
DA:320,56
DA:331,56
DA:332,0
DA:334,0
DA:335,0
DA:337,0
DA:350,0
DA:451,1
LF:117
LH:44
BRDA:29,0,0,0
BRDA:29,1,0,0
BRDA:29,2,0,0
BRDA:29,3,0,0
BRDA:29,4,0,0
BRDA:30,5,0,0
BRDA:33,6,0,0
BRDA:108,7,0,0
BRDA:108,7,1,0
BRDA:108,8,0,0
BRDA:108,8,1,0
BRDA:116,9,0,0
BRDA:116,9,1,0
BRDA:116,10,0,0
BRDA:116,10,1,0
BRDA:116,10,2,0
BRDA:128,11,0,0
BRDA:128,11,1,0
BRDA:162,12,0,0
BRDA:162,12,1,0
BRDA:181,13,0,0
BRDA:181,13,1,0
BRDA:181,14,0,0
BRDA:181,14,1,0
BRDA:218,15,0,0
BRDA:218,15,1,0
BRDA:220,16,0,0
BRDA:220,16,1,0
BRDA:237,17,0,0
BRDA:237,17,1,0
BRDA:244,18,0,0
BRDA:244,18,1,0
BRDA:246,19,0,0
BRDA:246,19,1,0
BRDA:249,20,0,0
BRDA:249,20,1,0
BRDA:308,21,0,0
BRDA:308,21,1,56
BRDA:331,22,0,0
BRDA:331,22,1,0
BRDA:332,23,0,0
BRDA:332,23,1,0
BRDA:374,24,0,0
BRDA:374,24,1,0
BRDA:393,25,0,0
BRDA:393,25,1,0
BRDA:418,26,0,0
BRDA:418,26,1,0
BRDA:418,27,0,0
BRDA:418,27,1,0
BRF:50
BRH:1
end_of_record
TN:
SF:src/components/common/ManufacturerAdminstrativeHierarchy/index.js
FNF:0
FNH:0
LF:0
LH:0
BRF:0
BRH:0
end_of_record
TN:
SF:src/components/common/ManufacturerAdminstrativeHierarchy/ChangeHistory/ManufacturerAdminAuthorityChangeHistory.js
FN:14,(anonymous_0)
FN:32,(anonymous_1)
FN:44,(anonymous_2)
FN:45,(anonymous_3)
FN:56,(anonymous_4)
FN:81,(anonymous_5)
FN:86,(anonymous_6)
FNF:7
FNH:0
FNDA:0,(anonymous_0)
FNDA:0,(anonymous_1)
FNDA:0,(anonymous_2)
FNDA:0,(anonymous_3)
FNDA:0,(anonymous_4)
FNDA:0,(anonymous_5)
FNDA:0,(anonymous_6)
DA:14,1
DA:20,0
DA:22,0
DA:29,0
DA:32,1
DA:44,1
DA:45,0
DA:46,0
DA:47,0
DA:52,0
DA:56,0
DA:81,0
DA:86,0
DA:90,0
DA:95,0
DA:102,1
LF:16
LH:4
BRDA:18,0,0,0
BRDA:18,1,0,0
BRDA:46,2,0,0
BRDA:46,2,1,0
BRDA:46,3,0,0
BRDA:46,3,1,0
BRF:6
BRH:0
end_of_record
TN:
SF:src/components/common/ManufacturerAdminstrativeHierarchy/ChangeHistory/ManufacturerAdminHierarchyChangeHistory.js
FN:14,(anonymous_0)
FN:32,(anonymous_1)
FN:44,(anonymous_2)
FN:45,(anonymous_3)
FN:56,(anonymous_4)
FN:81,(anonymous_5)
FNF:6
FNH:0
FNDA:0,(anonymous_0)
FNDA:0,(anonymous_1)
FNDA:0,(anonymous_2)
FNDA:0,(anonymous_3)
FNDA:0,(anonymous_4)
FNDA:0,(anonymous_5)
DA:14,1
DA:20,0
DA:22,0
DA:29,0
DA:32,1
DA:44,1
DA:45,0
DA:46,0
DA:47,0
DA:52,0
DA:56,0
DA:81,0
DA:85,0
DA:90,0
DA:97,1
LF:15
LH:4
BRDA:18,0,0,0
BRDA:18,1,0,0
BRDA:46,2,0,0
BRDA:46,2,1,0
BRDA:46,3,0,0
BRDA:46,3,1,0
BRDA:81,4,0,0
BRDA:81,4,1,0
BRF:8
BRH:0
end_of_record
TN:
SF:src/components/common/ManufacturerAdminstrativeHierarchy/ChangeHistory/index.js
FNF:0
FNH:0
LF:0
LH:0
BRF:0
BRH:0
end_of_record
TN:
SF:src/components/common/ManufacturerAdminstrativeHierarchy/HierarchyAuthorityDetail/AddEditForm.js
FN:19,(anonymous_0)
FN:44,(anonymous_1)
FN:49,(anonymous_2)
FN:68,(anonymous_3)
FN:69,(anonymous_4)
FN:73,(anonymous_5)
FN:77,(anonymous_6)
FN:99,(anonymous_7)
FN:173,(anonymous_8)
FNF:9
FNH:0
FNDA:0,(anonymous_0)
FNDA:0,(anonymous_1)
FNDA:0,(anonymous_2)
FNDA:0,(anonymous_3)
FNDA:0,(anonymous_4)
FNDA:0,(anonymous_5)
FNDA:0,(anonymous_6)
FNDA:0,(anonymous_7)
FNDA:0,(anonymous_8)
DA:14,1
DA:15,1
DA:17,1
DA:19,1
DA:29,0
DA:31,0
DA:33,0
DA:44,0
DA:46,0
DA:49,1
DA:68,1
DA:69,0
DA:70,0
DA:73,0
DA:74,0
DA:77,0
DA:78,0
DA:79,0
DA:84,0
DA:99,0
DA:173,0
DA:180,1
LF:22
LH:7
BRDA:23,0,0,0
BRDA:23,1,0,0
BRDA:23,2,0,0
BRDA:23,3,0,0
BRDA:23,4,0,0
BRDA:24,5,0,0
BRDA:27,6,0,0
BRDA:78,7,0,0
BRDA:78,7,1,0
BRDA:115,8,0,0
BRDA:115,8,1,0
BRDA:125,9,0,0
BRDA:125,9,1,0
BRDA:172,10,0,0
BRDA:172,10,1,0
BRF:15
BRH:0
end_of_record
TN:
SF:src/components/common/ManufacturerAdminstrativeHierarchy/HierarchyAuthorityDetail/AuthorityDetailCardItem.js
FN:11,(anonymous_0)
FN:24,(anonymous_1)
FN:27,(anonymous_2)
FN:38,(anonymous_3)
FN:45,(anonymous_4)
FN:46,(anonymous_5)
FN:48,(anonymous_6)
FN:58,(anonymous_7)
FN:102,(anonymous_8)
FN:103,(anonymous_9)
FN:115,(anonymous_10)
FNF:11
FNH:0
FNDA:0,(anonymous_0)
FNDA:0,(anonymous_1)
FNDA:0,(anonymous_2)
FNDA:0,(anonymous_3)
FNDA:0,(anonymous_4)
FNDA:0,(anonymous_5)
FNDA:0,(anonymous_6)
FNDA:0,(anonymous_7)
FNDA:0,(anonymous_8)
FNDA:0,(anonymous_9)
FNDA:0,(anonymous_10)
DA:9,1
DA:11,1
DA:16,0
DA:18,0
DA:21,0
DA:24,1
DA:25,0
DA:27,0
DA:28,0
DA:34,0
DA:35,0
DA:38,0
DA:39,0
DA:40,0
DA:41,0
DA:42,0
DA:45,0
DA:46,0
DA:47,0
DA:48,0
DA:49,0
DA:50,0
DA:53,0
DA:54,0
DA:55,0
[...]
FNF:30
FNH:7
FNDA:0,(anonymous_0)
FNDA:0,(anonymous_1)
FNDA:0,(anonymous_2)
FNDA:24,(anonymous_3)
FNDA:12,(anonymous_4)
FNDA:12,(anonymous_5)
FNDA:12,(anonymous_6)
FNDA:12,(anonymous_7)
FNDA:0,(anonymous_8)
FNDA:36,(anonymous_9)
FNDA:0,(anonymous_10)
FNDA:0,(anonymous_11)
FNDA:24,(anonymous_12)
FNDA:0,(anonymous_13)
FNDA:0,(anonymous_14)
FNDA:0,(anonymous_15)
FNDA:0,(anonymous_16)
FNDA:0,(anonymous_17)
FNDA:0,(anonymous_18)
FNDA:0,(anonymous_19)
FNDA:0,(anonymous_20)
FNDA:0,(anonymous_21)
FNDA:0,(anonymous_22)
FNDA:0,(anonymous_23)
FNDA:0,(anonymous_24)
FNDA:0,(anonymous_25)
FNDA:0,(anonymous_26)
FNDA:0,(anonymous_27)
FNDA:0,(anonymous_28)
FNDA:0,(anonymous_29)
DA:26,1
DA:27,1
DA:28,1
DA:30,1
DA:40,0
DA:42,0
DA:43,0
DA:45,0
DA:57,0
DA:59,0
DA:62,1
DA:82,1
DA:83,24
DA:84,24
DA:85,24
DA:86,24
DA:88,24
DA:89,24
DA:90,24
DA:91,24
DA:93,24
DA:94,24
DA:95,24
DA:97,24
DA:98,24
DA:99,24
DA:101,24
DA:102,24
DA:104,24
DA:106,24
DA:107,24
DA:109,24
DA:111,24
DA:112,12
DA:116,24
DA:117,12
DA:118,0
DA:123,24
DA:124,12
DA:125,0
DA:130,24
DA:131,12
DA:132,0
DA:137,24
DA:138,0
DA:141,24
DA:142,36
DA:145,24
DA:147,24
DA:148,24
DA:149,24
DA:150,36
DA:151,36
DA:152,36
DA:156,36
DA:157,0
DA:160,24
DA:163,24
DA:165,24
DA:166,0
DA:167,0
DA:168,0
DA:170,0
DA:171,0
DA:172,0
DA:174,0
DA:175,0
DA:176,0
DA:178,0
DA:179,0
DA:180,0
DA:183,0
DA:185,0
DA:188,0
DA:191,24
DA:193,0
DA:196,24
DA:197,0
DA:200,24
DA:201,0
DA:202,0
DA:203,0
DA:204,0
DA:205,0
DA:207,0
DA:208,0
DA:211,24
DA:212,0
DA:213,0
DA:216,24
DA:217,0
DA:220,24
DA:221,0
DA:222,0
DA:224,0
DA:225,0
DA:226,0
DA:227,0
DA:229,0
DA:230,0
DA:231,0
DA:232,0
DA:233,0
DA:234,0
DA:235,0
DA:238,0
DA:239,0
DA:241,0
DA:248,0
DA:251,24
DA:255,24
DA:267,24
DA:286,0
DA:297,24
DA:299,24
DA:308,24
DA:309,24
DA:311,24
DA:312,24
DA:314,24
DA:406,1
LF:121
LH:65
BRDA:34,0,0,0
BRDA:34,1,0,0
BRDA:34,2,0,0
BRDA:35,3,0,0
BRDA:38,4,0,0
BRDA:99,5,0,0
BRDA:99,5,1,24
BRDA:117,6,0,0
BRDA:117,6,1,12
BRDA:117,7,0,12
BRDA:117,7,1,12
BRDA:124,8,0,0
BRDA:124,8,1,12
BRDA:131,9,0,0
BRDA:131,9,1,12
BRDA:131,10,0,12
BRDA:131,10,1,12
BRDA:156,11,0,0
BRDA:156,11,1,36
BRDA:170,12,0,0
BRDA:170,12,1,0
BRDA:170,13,0,0
BRDA:170,13,1,0
BRDA:174,14,0,0
BRDA:174,14,1,0
BRDA:176,15,0,0
BRDA:176,15,1,0
BRDA:180,16,0,0
BRDA:180,16,1,0
BRDA:203,17,0,0
BRDA:203,17,1,0
BRDA:205,18,0,0
BRDA:205,18,1,0
BRDA:221,19,0,0
BRDA:221,19,1,0
BRDA:222,20,0,0
BRDA:222,20,1,0
BRDA:224,21,0,0
BRDA:224,21,1,0
BRDA:229,22,0,0
BRDA:229,22,1,0
BRDA:232,23,0,0
BRDA:232,23,1,0
BRDA:289,24,0,0
BRDA:289,24,1,24
BRDA:308,25,0,12
BRDA:308,25,1,12
BRDA:309,26,0,12
BRDA:309,26,1,12
BRDA:333,27,0,24
BRDA:333,27,1,12
BRDA:344,28,0,0
BRDA:344,28,1,24
BRDA:370,29,0,24
BRDA:370,29,1,12
BRDA:372,30,0,6
BRDA:372,30,1,6
BRDA:374,31,0,0
BRDA:374,31,1,12
BRDA:374,32,0,12
BRDA:374,32,1,12
BRF:61
BRH:24
end_of_record
TN:
SF:src/components/common/ProductHierarchy/ViewProductDetail.js
FN:4,(anonymous_0)
FNF:1
FNH:0
FNDA:0,(anonymous_0)
DA:4,1
DA:5,0
DA:12,0
DA:26,1
LF:4
LH:2
BRDA:20,0,0,0
BRDA:20,0,1,0
BRF:2
BRH:0
end_of_record
TN:
SF:src/components/common/ProductHierarchy/index.js
FNF:0
FNH:0
LF:0
LH:0
BRF:0
BRH:0
end_of_record
TN:
SF:src/components/common/QualificationMaster/DrawerUtil.js
FN:10,(anonymous_0)
FN:23,(anonymous_1)
FN:27,(anonymous_2)
FN:51,(anonymous_3)
FN:93,(anonymous_4)
FNF:5
FNH:4
FNDA:41,(anonymous_0)
FNDA:7,(anonymous_1)
FNDA:2,(anonymous_2)
FNDA:1,(anonymous_3)
FNDA:0,(anonymous_4)
DA:10,2
DA:11,41
DA:12,41
DA:14,41
DA:15,41
DA:16,7
DA:17,34
DA:18,4
DA:19,30
DA:20,2
DA:23,41
DA:24,7
DA:27,41
DA:28,2
DA:29,2
DA:30,2
DA:33,41
DA:51,1
DA:93,0
LF:19
LH:18
BRDA:15,0,0,7
BRDA:15,0,1,34
BRDA:17,1,0,4
BRDA:17,1,1,30
BRDA:19,2,0,2
BRDA:19,2,1,28
BRDA:39,3,0,2
BRDA:39,3,1,39
BRDA:46,4,0,39
BRDA:46,4,1,2
BRDA:50,5,0,11
BRDA:50,5,1,30
BRDA:57,6,0,7
BRDA:57,6,1,34
BRDA:64,7,0,2
BRDA:64,7,1,39
BRDA:85,8,0,39
BRDA:85,8,1,2
BRDA:93,9,0,0
BRDA:93,9,1,0
BRF:20
BRH:18
end_of_record
TN:
SF:src/components/common/QualificationMaster/QualificationMaster.js
FN:21,(anonymous_0)
FN:44,(anonymous_1)
FN:60,(anonymous_2)
FN:86,(anonymous_3)
FN:92,(anonymous_4)
FN:99,(anonymous_5)
FN:104,(anonymous_6)
FN:111,(anonymous_7)
FN:114,(anonymous_8)
FN:129,(anonymous_9)
FN:145,(anonymous_10)
FN:153,(anonymous_11)
FN:157,(anonymous_12)
FN:162,(anonymous_13)
FN:178,(anonymous_14)
FN:182,(anonymous_15)
FN:197,(anonymous_16)
FN:213,(anonymous_17)
FN:214,(anonymous_18)
FN:217,(anonymous_19)
FN:230,(anonymous_20)
FN:250,(anonymous_21)
FN:267,(anonymous_22)
FN:285,(anonymous_23)
FN:289,(anonymous_24)
FN:293,(anonymous_25)
FN:297,(anonymous_26)
FN:301,(anonymous_27)
FN:301,(anonymous_28)
FN:370,(anonymous_29)
FNF:30
FNH:22
FNDA:0,(anonymous_0)
FNDA:0,(anonymous_1)
FNDA:43,(anonymous_2)
FNDA:13,(anonymous_3)
FNDA:13,(anonymous_4)
FNDA:13,(anonymous_5)
FNDA:14,(anonymous_6)
FNDA:16,(anonymous_7)
FNDA:0,(anonymous_8)
FNDA:35,(anonymous_9)
FNDA:35,(anonymous_10)
FNDA:35,(anonymous_11)
FNDA:1,(anonymous_12)
FNDA:2,(anonymous_13)
FNDA:1,(anonymous_14)
FNDA:0,(anonymous_15)
FNDA:0,(anonymous_16)
FNDA:1,(anonymous_17)
FNDA:1,(anonymous_18)
FNDA:5,(anonymous_19)
FNDA:1,(anonymous_20)
FNDA:1,(anonymous_21)
FNDA:2,(anonymous_22)
FNDA:1,(anonymous_23)
FNDA:0,(anonymous_24)
FNDA:4,(anonymous_25)
FNDA:1,(anonymous_26)
FNDA:0,(anonymous_27)
FNDA:0,(anonymous_28)
FNDA:43,(anonymous_29)
DA:19,2
DA:21,2
DA:30,0
DA:32,0
DA:41,0
DA:44,2
DA:58,2
DA:60,2
DA:61,43
DA:63,43
DA:64,43
DA:65,43
DA:66,43
DA:67,43
DA:68,43
DA:70,43
DA:71,43
DA:72,43
DA:73,43
DA:74,43
DA:75,43
DA:76,43
DA:77,43
DA:78,43
DA:79,43
DA:80,43
DA:81,43
DA:82,43
DA:83,43
DA:84,43
DA:86,43
DA:87,13
DA:88,13
DA:92,43
DA:93,13
DA:94,0
DA:99,43
DA:100,13
DA:104,43
DA:105,14
DA:106,0
DA:111,43
DA:112,16
DA:113,0
DA:114,0
DA:115,0
DA:117,0
DA:123,43
DA:129,35
DA:146,35
DA:154,35
DA:157,1
DA:162,2
DA:172,43
DA:178,43
DA:179,1
DA:180,1
DA:182,1
DA:183,0
DA:184,0
DA:185,0
DA:186,0
DA:187,0
DA:188,0
DA:189,0
DA:190,0
DA:192,0
DA:193,0
DA:197,1
DA:198,0
DA:199,0
DA:202,1
DA:210,1
DA:213,43
DA:214,1
DA:217,43
DA:218,5
DA:219,5
DA:220,5
DA:221,5
DA:223,5
DA:224,5
DA:225,5
DA:226,5
DA:227,5
DA:230,43
DA:231,1
DA:232,1
DA:233,1
DA:234,1
DA:235,1
DA:237,1
DA:239,1
DA:245,1
DA:246,1
DA:247,1
DA:250,43
DA:251,1
DA:253,1
DA:254,1
DA:255,1
DA:257,1
DA:262,1
DA:263,1
DA:264,1
DA:267,43
DA:268,2
DA:269,2
DA:270,2
DA:271,2
DA:272,2
DA:273,2
DA:275,2
DA:280,2
DA:281,2
DA:282,2
DA:285,43
DA:286,1
DA:289,43
DA:290,0
DA:293,43
DA:294,4
DA:297,43
DA:298,1
DA:301,43
DA:302,0
DA:305,43
DA:371,43
DA:411,2
LF:129
LH:106
BRDA:25,0,0,0
BRDA:25,1,0,0
BRDA:28,2,0,0
BRDA:68,3,0,3
BRDA:68,3,1,40
BRDA:93,4,0,0
BRDA:93,4,1,13
BRDA:93,5,0,13
BRDA:93,5,1,13
BRDA:105,6,0,0
BRDA:105,6,1,14
BRDA:112,7,0,0
BRDA:112,7,1,16
BRDA:112,8,0,16
BRDA:112,8,1,0
BRDA:113,9,0,0
BRDA:113,9,1,0
BRDA:114,10,0,0
BRDA:114,10,1,0
BRDA:146,11,0,0
BRDA:146,11,1,35
BRDA:179,12,0,1
BRDA:179,12,1,1
BRDA:180,13,0,1
BRDA:180,13,1,0
BRDA:188,14,0,0
BRDA:188,14,1,0
BRDA:302,15,0,0
BRDA:302,15,1,0
BRDA:322,16,0,37
BRDA:322,16,1,6
BRDA:377,17,0,6
BRDA:377,17,1,37
BRDA:387,18,0,6
BRDA:387,18,1,37
BRF:35
BRH:18
end_of_record
TN:
SF:src/components/common/QualificationMaster/ViewQualificationList.js
FN:4,(anonymous_0)
FNF:1
FNH:0
FNDA:0,(anonymous_0)
DA:4,0
DA:5,0
DA:11,0
DA:25,0
LF:4
LH:0
BRDA:18,0,0,0
BRDA:18,0,1,0
BRF:2
BRH:0
end_of_record
TN:
SF:src/components/common/QualificationMaster/index.js
FNF:0
FNH:0
LF:0
LH:0
BRF:0
BRH:0
end_of_record
TN:
SF:src/components/common/RoleManagement/AddEditForm.js
FN:196,(anonymous_0)
FN:239,(anonymous_1)
FN:244,(anonymous_2)
FN:247,(anonymous_3)
FN:252,(anonymous_4)
FN:260,(anonymous_5)
FN:263,(anonymous_6)
FN:265,(anonymous_7)
FN:270,(anonymous_8)
FN:271,Subpanel
FN:278,(anonymous_10)
FN:287,Subpanel
FN:288,(anonymous_12)
FN:311,(anonymous_13)
FN:315,(anonymous_14)
FN:319,(anonymous_15)
FN:321,(anonymous_16)
FN:325,(anonymous_17)
FN:326,(anonymous_18)
FN:329,Subpanel
FN:332,(anonymous_20)
FN:337,(anonymous_21)
FN:357,updatedTreeData
FN:358,(anonymous_23)
FN:381,(anonymous_24)
FN:389,(anonymous_25)
FN:392,(anonymous_26)
FN:406,(anonymous_27)
FN:421,(anonymous_28)
FN:425,(anonymous_29)
FN:429,(anonymous_30)
FN:430,(anonymous_31)
FN:440,(anonymous_32)
FN:451,(anonymous_33)
FN:452,(anonymous_34)
FN:565,(anonymous_35)
FN:571,(anonymous_36)
FNF:37
FNH:0
FNDA:0,(anonymous_0)
FNDA:0,(anonymous_1)
FNDA:0,(anonymous_2)
FNDA:0,(anonymous_3)
FNDA:0,(anonymous_4)
FNDA:0,(anonymous_5)
FNDA:0,(anonymous_6)
FNDA:0,(anonymous_7)
FNDA:0,(anonymous_8)
FNDA:0,Subpanel
FNDA:0,(anonymous_10)
FNDA:0,Subpanel
FNDA:0,(anonymous_12)
FNDA:0,(anonymous_13)
FNDA:0,(anonymous_14)
FNDA:0,(anonymous_15)
FNDA:0,(anonymous_16)
FNDA:0,(anonymous_17)
FNDA:0,(anonymous_18)
FNDA:0,Subpanel
FNDA:0,(anonymous_20)
FNDA:0,(anonymous_21)
FNDA:0,updatedTreeData
FNDA:0,(anonymous_23)
FNDA:0,(anonymous_24)
FNDA:0,(anonymous_25)
FNDA:0,(anonymous_26)
FNDA:0,(anonymous_27)
FNDA:0,(anonymous_28)
FNDA:0,(anonymous_29)
FNDA:0,(anonymous_30)
FNDA:0,(anonymous_31)
FNDA:0,(anonymous_32)
FNDA:0,(anonymous_33)
FNDA:0,(anonymous_34)
FNDA:0,(anonymous_35)
FNDA:0,(anonymous_36)
DA:19,0
DA:20,0
DA:21,0
DA:23,0
DA:101,0
DA:146,0
DA:196,0
DA:197,0
DA:198,0
DA:199,0
DA:201,0
DA:202,0
DA:228,0
DA:233,0
DA:234,0
DA:235,0
DA:236,0
DA:237,0
DA:239,0
DA:240,0
DA:241,0
DA:244,0
DA:245,0
DA:247,0
DA:248,0
DA:250,0
DA:251,0
DA:252,0
DA:253,0
DA:254,0
DA:256,0
DA:257,0
DA:260,0
DA:261,0
DA:263,0
DA:265,0
DA:266,0
DA:270,0
DA:272,0
DA:274,0
DA:275,0
DA:277,0
DA:278,0
DA:279,0
DA:284,0
DA:288,0
DA:289,0
DA:290,0
DA:291,0
DA:293,0
DA:294,0
DA:307,0
DA:308,0
DA:311,0
DA:312,0
DA:315,0
DA:316,0
DA:319,0
DA:321,0
DA:322,0
DA:323,0
DA:325,0
DA:326,0
DA:327,0
DA:330,0
DA:331,0
DA:332,0
DA:337,0
DA:338,0
DA:341,0
DA:358,0
DA:359,0
DA:360,0
DA:361,0
DA:363,0
DA:364,0
DA:377,0
DA:378,0
DA:381,0
DA:384,0
DA:387,0
DA:389,0
DA:390,0
DA:392,0
DA:394,0
DA:395,0
DA:396,0
DA:397,0
DA:400,0
DA:401,0
DA:402,0
DA:404,0
DA:406,0
DA:407,0
DA:421,0
DA:422,0
DA:425,0
DA:426,0
DA:430,0
DA:440,0
DA:451,0
DA:452,0
DA:483,0
DA:490,0
DA:565,0
DA:571,0
DA:588,0
LF:107
LH:0
BRDA:240,0,0,0
BRDA:240,0,1,0
BRDA:272,1,0,0
BRDA:272,1,1,0
BRDA:277,2,0,0
BRDA:277,2,1,0
BRDA:289,3,0,0
BRDA:289,3,1,0
BRDA:289,4,0,0
BRDA:289,4,1,0
BRDA:330,5,0,0
BRDA:330,5,1,0
BRDA:359,6,0,0
BRDA:359,6,1,0
BRDA:359,7,0,0
BRDA:359,7,1,0
BRDA:359,7,2,0
BRDA:396,8,0,0
BRDA:396,8,1,0
BRDA:493,9,0,0
BRDA:493,9,1,0
BRDA:559,10,0,0
BRDA:559,10,1,0
BRDA:564,11,0,0
BRDA:564,11,1,0
BRDA:564,11,2,0
BRDA:570,12,0,0
BRDA:570,12,1,0
BRDA:576,13,0,0
BRDA:576,13,1,0
BRF:30
BRH:0
end_of_record
TN:
SF:src/components/common/RoleManagement/RoleManagement.js
FN:21,(anonymous_0)
FN:45,(anonymous_1)
FN:51,(anonymous_2)
FN:68,(anonymous_3)
FN:93,(anonymous_4)
FN:98,(anonymous_5)
FN:106,(anonymous_6)
FN:113,(anonymous_7)
FN:118,(anonymous_8)
FN:125,(anonymous_9)
FN:128,(anonymous_10)
FN:137,(anonymous_11)
FN:201,(anonymous_12)
FN:215,(anonymous_13)
FN:231,(anonymous_14)
FN:240,(anonymous_15)
FN:267,(anonymous_16)
FN:277,(anonymous_17)
FN:287,(anonymous_18)
FN:291,(anonymous_19)
FN:291,(anonymous_20)
FN:295,(anonymous_21)
FN:299,(anonymous_22)
FN:308,(anonymous_23)
FN:330,(anonymous_24)
FN:336,(anonymous_25)
FN:339,(anonymous_26)
FN:340,(anonymous_27)
FN:365,(anonymous_28)
FN:417,(anonymous_29)
FNF:30
FNH:0
FNDA:0,(anonymous_0)
FNDA:0,(anonymous_1)
FNDA:0,(anonymous_2)
FNDA:0,(anonymous_3)
FNDA:0,(anonymous_4)
FNDA:0,(anonymous_5)
FNDA:0,(anonymous_6)
FNDA:0,(anonymous_7)
FNDA:0,(anonymous_8)
FNDA:0,(anonymous_9)
FNDA:0,(anonymous_10)
FNDA:0,(anonymous_11)
FNDA:0,(anonymous_12)
FNDA:0,(anonymous_13)
FNDA:0,(anonymous_14)
FNDA:0,(anonymous_15)
FNDA:0,(anonymous_16)
FNDA:0,(anonymous_17)
FNDA:0,(anonymous_18)
FNDA:0,(anonymous_19)
FNDA:0,(anonymous_20)
FNDA:0,(anonymous_21)
FNDA:0,(anonymous_22)
FNDA:0,(anonymous_23)
FNDA:0,(anonymous_24)
FNDA:0,(anonymous_25)
FNDA:0,(anonymous_26)
FNDA:0,(anonymous_27)
FNDA:0,(anonymous_28)
FNDA:0,(anonymous_29)
DA:19,0
DA:21,0
DA:31,0
DA:33,0
DA:35,0
DA:45,0
DA:48,0
DA:51,0
DA:68,0
DA:69,0
DA:71,0
DA:72,0
DA:73,0
DA:75,0
DA:76,0
DA:77,0
DA:78,0
DA:79,0
DA:80,0
DA:81,0
DA:82,0
DA:83,0
DA:84,0
DA:85,0
DA:86,0
DA:87,0
DA:88,0
DA:89,0
DA:90,0
DA:91,0
DA:93,0
DA:94,0
DA:98,0
DA:99,0
DA:100,0
DA:101,0
DA:106,0
DA:107,0
DA:108,0
DA:113,0
DA:114,0
DA:118,0
DA:119,0
DA:120,0
DA:125,0
DA:126,0
DA:127,0
DA:128,0
DA:129,0
DA:131,0
DA:137,0
DA:138,0
DA:139,0
DA:201,0
DA:202,0
DA:203,0
DA:204,0
DA:205,0
DA:206,0
DA:207,0
DA:208,0
DA:210,0
DA:211,0
DA:215,0
DA:216,0
DA:217,0
DA:220,0
DA:228,0
DA:231,0
DA:232,0
DA:233,0
DA:234,0
DA:235,0
DA:237,0
DA:240,0
DA:241,0
DA:242,0
DA:243,0
DA:244,0
DA:245,0
DA:246,0
DA:247,0
DA:248,0
DA:267,0
DA:268,0
DA:269,0
DA:270,0
DA:271,0
DA:272,0
DA:273,0
DA:274,0
DA:275,0
DA:277,0
DA:278,0
DA:279,0
DA:280,0
DA:281,0
DA:282,0
DA:283,0
DA:284,0
DA:287,0
DA:288,0
DA:291,0
DA:292,0
DA:295,0
DA:296,0
DA:299,0
DA:300,0
DA:303,0
DA:308,0
DA:330,0
DA:337,0
DA:339,0
DA:340,0
DA:348,0
DA:366,0
DA:367,0
DA:368,0
DA:369,0
DA:382,0
DA:418,0
DA:460,0
LF:122
LH:0
BRDA:25,0,0,0
BRDA:25,1,0,0
BRDA:25,2,0,0
BRDA:25,3,0,0
BRDA:26,4,0,0
BRDA:29,5,0,0
BRDA:99,6,0,0
BRDA:99,6,1,0
BRDA:99,7,0,0
BRDA:99,7,1,0
BRDA:107,8,0,0
BRDA:107,8,1,0
BRDA:107,9,0,0
BRDA:107,9,1,0
BRDA:119,10,0,0
BRDA:119,10,1,0
BRDA:126,11,0,0
BRDA:126,11,1,0
BRDA:126,12,0,0
BRDA:126,12,1,0
BRDA:127,13,0,0
BRDA:127,13,1,0
BRDA:128,14,0,0
BRDA:128,14,1,0
BRDA:128,14,2,0
BRDA:138,15,0,0
BRDA:138,15,1,0
BRDA:206,16,0,0
BRDA:206,16,1,0
BRDA:206,17,0,0
BRDA:206,17,1,0
BRDA:292,18,0,0
BRDA:292,18,1,0
BRDA:330,19,0,0
BRDA:330,19,1,0
BRDA:364,20,0,0
BRDA:364,20,1,0
BRDA:364,21,0,0
BRDA:364,21,1,0
BRDA:399,22,0,0
BRDA:399,22,1,0
BRDA:424,23,0,0
BRDA:424,23,1,0
BRDA:434,24,0,0
BRDA:434,24,1,0
BRF:45
BRH:0
end_of_record
TN:
SF:src/components/common/RoleManagement/RoleManagementTemp.js
FN:20,(anonymous_0)
FN:38,(anonymous_1)
FN:43,(anonymous_2)
FN:59,(anonymous_3)
FN:85,(anonymous_4)
FN:91,(anonymous_5)
FN:97,(anonymous_6)
FN:99,(anonymous_7)
FN:100,(anonymous_8)
FN:117,(anonymous_9)
FN:124,(anonymous_10)
FN:129,(anonymous_11)
FN:135,(anonymous_12)
FN:137,(anonymous_13)
FN:141,(anonymous_14)
FN:149,(anonymous_15)
FN:211,(anonymous_16)
FN:216,(anonymous_17)
FN:219,(anonymous_18)
FN:223,(anonymous_19)
FN:243,(anonymous_20)
FN:296,(anonymous_21)
FN:304,(anonymous_22)
FN:307,(anonymous_23)
FN:323,(anonymous_24)
FN:329,(anonymous_25)
FN:342,(anonymous_26)
FN:371,(anonymous_27)
FN:378,(anonymous_28)
FN:380,(anonymous_29)
FN:393,(anonymous_30)
FN:405,(anonymous_31)
FN:409,(anonymous_32)
FN:471,(anonymous_33)
FNF:34
FNH:0
FNDA:0,(anonymous_0)
FNDA:0,(anonymous_1)
FNDA:0,(anonymous_2)
FNDA:0,(anonymous_3)
FNDA:0,(anonymous_4)
FNDA:0,(anonymous_5)
FNDA:0,(anonymous_6)
FNDA:0,(anonymous_7)
FNDA:0,(anonymous_8)
FNDA:0,(anonymous_9)
FNDA:0,(anonymous_10)
FNDA:0,(anonymous_11)
FNDA:0,(anonymous_12)
FNDA:0,(anonymous_13)
FNDA:0,(anonymous_14)
FNDA:0,(anonymous_15)
FNDA:0,(anonymous_16)
FNDA:0,(anonymous_17)
FNDA:0,(anonymous_18)
FNDA:0,(anonymous_19)
FNDA:0,(anonymous_20)
FNDA:0,(anonymous_21)
FNDA:0,(anonymous_22)
FNDA:0,(anonymous_23)
FNDA:0,(anonymous_24)
FNDA:0,(anonymous_25)
FNDA:0,(anonymous_26)
FNDA:0,(anonymous_27)
FNDA:0,(anonymous_28)
FNDA:0,(anonymous_29)
FNDA:0,(anonymous_30)
FNDA:0,(anonymous_31)
FNDA:0,(anonymous_32)
FNDA:0,(anonymous_33)
DA:20,0
DA:30,0
DA:32,0
DA:38,0
DA:40,0
DA:43,0
DA:59,0
DA:60,0
DA:61,0
DA:62,0
DA:64,0
DA:65,0
DA:67,0
DA:69,0
DA:70,0
DA:72,0
DA:73,0
DA:74,0
DA:76,0
DA:85,0
DA:86,0
DA:87,0
DA:91,0
DA:92,0
DA:93,0
DA:94,0
DA:97,0
DA:98,0
DA:99,0
DA:100,0
DA:101,0
DA:102,0
DA:106,0
DA:107,0
DA:112,0
DA:113,0
DA:114,0
DA:115,0
DA:117,0
DA:118,0
DA:121,0
DA:122,0
DA:124,0
DA:125,0
DA:126,0
DA:127,0
DA:129,0
DA:130,0
DA:132,0
DA:135,0
DA:137,0
DA:138,0
DA:139,0
DA:141,0
DA:142,0
DA:143,0
DA:145,0
DA:149,0
DA:150,0
DA:211,0
DA:212,0
DA:213,0
DA:214,0
DA:216,0
DA:217,0
DA:219,0
DA:220,0
DA:223,0
DA:224,0
DA:243,0
DA:244,0
DA:296,0
DA:297,0
DA:298,0
DA:299,0
DA:300,0
DA:301,0
DA:302,0
DA:304,0
DA:305,0
DA:307,0
DA:308,0
DA:309,0
DA:312,0
DA:313,0
DA:315,0
DA:316,0
DA:317,0
DA:319,0
DA:323,0
DA:324,0
DA:327,0
DA:328,0
DA:329,0
DA:330,0
DA:331,0
DA:335,0
DA:336,0
DA:337,0
DA:342,0
DA:343,0
DA:346,0
DA:353,0
DA:361,0
DA:362,0
DA:363,0
DA:364,0
DA:365,0
DA:367,0
DA:368,0
DA:371,0
DA:372,0
DA:373,0
DA:375,0
DA:376,0
DA:377,0
DA:378,0
DA:379,0
DA:380,0
DA:381,0
DA:382,0
DA:383,0
DA:384,0
DA:389,0
DA:390,0
DA:391,0
DA:393,0
DA:394,0
DA:395,0
DA:396,0
DA:398,0
DA:399,0
DA:400,0
DA:402,0
DA:403,0
DA:405,0
DA:406,0
DA:407,0
DA:409,0
DA:410,0
DA:454,0
DA:471,0
DA:510,0
LF:143
LH:0
BRDA:24,0,0,0
BRDA:24,1,0,0
BRDA:25,2,0,0
BRDA:28,3,0,0
BRDA:86,4,0,0
BRDA:86,4,1,0
BRDA:101,5,0,0
BRDA:101,5,1,0
BRDA:142,6,0,0
BRDA:142,6,1,0
BRDA:155,7,0,0
BRDA:155,7,1,0
BRDA:164,8,0,0
BRDA:164,8,1,0
BRDA:171,9,0,0
BRDA:171,9,1,0
BRDA:178,10,0,0
BRDA:178,10,1,0
BRDA:187,11,0,0
BRDA:187,11,1,0
BRDA:194,12,0,0
BRDA:194,12,1,0
BRDA:201,13,0,0
BRDA:201,13,1,0
BRDA:230,14,0,0
BRDA:230,14,1,0
BRDA:289,15,0,0
BRDA:289,15,1,0
BRDA:290,16,0,0
BRDA:290,16,1,0
BRDA:290,17,0,0
BRDA:290,17,1,0
BRDA:305,18,0,0
BRDA:305,18,1,0
BRDA:308,19,0,0
BRDA:308,19,1,0
BRDA:312,20,0,0
BRDA:312,20,1,0
BRDA:315,21,0,0
BRDA:315,21,1,0
BRDA:316,22,0,0
BRDA:316,22,1,0
BRDA:335,23,0,0
BRDA:335,23,1,0
BRDA:382,24,0,0
BRDA:382,24,1,0
BRDA:383,25,0,0
BRDA:383,25,1,0
BRDA:410,26,0,0
BRDA:410,26,1,0
BRDA:458,27,0,0
BRDA:458,27,1,0
BRDA:462,28,0,0
BRDA:462,28,1,0
BRDA:463,29,0,0
BRDA:463,29,1,0
BRDA:463,30,0,0
BRDA:463,30,1,0
BRDA:463,31,0,0
BRDA:463,31,1,0
BRDA:463,32,0,0
BRDA:463,32,1,0
BRDA:477,33,0,0
BRDA:477,33,1,0
BRDA:477,34,0,0
BRDA:477,34,1,0
BRDA:479,35,0,0
BRDA:479,35,1,0
BRF:68
BRH:0
end_of_record
TN:
SF:src/components/common/RoleManagement/Tree.js
FN:6,(anonymous_0)
FN:11,(anonymous_1)
FN:17,(anonymous_2)
FN:21,(anonymous_3)
FNF:4
FNH:0
FNDA:0,(anonymous_0)
FNDA:0,(anonymous_1)
FNDA:0,(anonymous_2)
FNDA:0,(anonymous_3)
DA:5,0
DA:6,0
DA:7,0
DA:8,0
DA:9,0
DA:10,0
DA:11,0
DA:14,0
DA:15,0
DA:17,0
DA:18,0
DA:19,0
DA:21,0
DA:22,0
DA:24,0
LF:15
LH:0
BRF:0
BRH:0
end_of_record
TN:
SF:src/components/common/RoleManagement/ViewRoleManagement.js
FN:4,(anonymous_0)
FNF:1
FNH:0
FNDA:0,(anonymous_0)
DA:4,0
DA:5,0
DA:12,0
DA:26,0
LF:4
LH:0
BRDA:19,0,0,0
BRDA:19,0,1,0
BRF:2
BRH:0
end_of_record
TN:
SF:src/components/common/RoleManagement/index.js
FNF:0
FNH:0
LF:0
LH:0
BRF:0
BRH:0
end_of_record
TN:
SF:src/components/common/Skeleton/CardSkeleton.js
FN:5,(anonymous_0)
FNF:1
FNH:0
FNDA:0,(anonymous_0)
DA:5,1
DA:6,0
DA:7,0
LF:3
LH:1
BRDA:5,0,0,0
BRDA:5,1,0,0
BRDA:9,2,0,0
BRDA:9,2,1,0
BRDA:10,3,0,0
BRDA:10,3,1,0
BRDA:10,4,0,0
BRDA:10,4,1,0
BRDA:16,5,0,0
BRDA:16,5,1,0
BRDA:17,6,0,0
BRDA:17,6,1,0
BRDA:17,7,0,0
BRDA:17,7,1,0
BRF:14
BRH:0
end_of_record
TN:
SF:src/components/common/Skeleton/InputSkeleton.js
FN:5,(anonymous_0)
FNF:1
FNH:0
FNDA:0,(anonymous_0)
DA:5,1
DA:6,0
DA:7,0
LF:3
LH:1
BRDA:5,0,0,0
BRDA:5,1,0,0
BRDA:8,2,0,0
BRDA:8,2,1,0
BRDA:8,3,0,0
BRDA:8,3,1,0
BRF:6
BRH:0
end_of_record
TN:
SF:src/components/common/Skeleton/ListSkeleton.js
FN:4,(anonymous_0)
FN:9,(anonymous_1)
FNF:2
FNH:0
FNDA:0,(anonymous_0)
FNDA:0,(anonymous_1)
DA:4,1
DA:5,0
DA:6,0
DA:7,0
DA:10,0
LF:5
LH:1
BRDA:4,0,0,0
BRDA:4,1,0,0
BRDA:4,2,0,0
BRDA:4,3,0,0
BRDA:4,4,0,0
BRDA:6,5,0,0
BRDA:6,5,1,0
BRDA:6,6,0,0
BRDA:6,6,1,0
BRDA:11,7,0,0
BRDA:11,7,1,0
BRF:11
BRH:0
end_of_record
TN:
SF:src/components/common/Skeleton/index.js
FNF:0
FNH:0
LF:0
LH:0
BRF:0
BRH:0
end_of_record
TN:
SF:src/components/withDrawer/index.js
FNF:0
FNH:0
LF:0
LH:0
BRF:0
BRH:0
end_of_record
TN:
SF:src/components/withDrawer/withDrawer.js
FN:7,(anonymous_0)
FN:8,(anonymous_1)
FNF:2
FNH:2
FNDA:15,(anonymous_0)
FNDA:171,(anonymous_1)
DA:7,9
DA:8,15
DA:9,171
DA:10,170
LF:4
LH:4
BRDA:7,0,0,7
BRDA:7,1,0,7
BRDA:11,2,0,170
BRDA:11,2,1,61
BRDA:12,3,0,170
BRDA:12,3,1,17
BRF:6
BRH:6
end_of_record
TN:
SF:src/components/withLayout/index.js
FNF:0
FNH:0
LF:0
LH:0
BRF:0
BRH:0
end_of_record
TN:
SF:src/components/withLayout/withLayout.js
FN:8,(anonymous_0)
FN:10,(anonymous_1)
FNF:2
FNH:0
FNDA:0,(anonymous_0)
FNDA:0,(anonymous_1)
DA:6,0
DA:8,0
DA:9,0
DA:10,0
DA:11,0
LF:5
LH:0
BRF:0
BRH:0
end_of_record
